#
# There is insufficient memory for the Java Runtime Environment to continue.
# Native memory allocation (malloc) failed to allocate 32744 bytes for ChunkPool::allocate
# Possible reasons:
#   The system is out of physical RAM or swap space
#   The process is running with CompressedOops enabled, and the Java Heap may be blocking the growth of the native heap
# Possible solutions:
#   Reduce memory load on the system
#   Increase physical memory or swap space
#   Check if swap backing store is full
#   Decrease Java heap size (-Xmx/-Xms)
#   Decrease number of Java threads
#   Decrease Java thread stack sizes (-Xss)
#   Set larger code cache with -XX:ReservedCodeCacheSize=
#   JVM is running with Unscaled Compressed Oops mode in which the Java heap is
#     placed in the first 4GB address space. The Java Heap base address is the
#     maximum limit for the native heap growth. Please use -XX:HeapBaseMinAddress
#     to set the Java Heap base and to place the Java Heap above 4GB virtual address.
# This output file may be truncated or incomplete.
#
#  Out of Memory Error (./src/hotspot/share/memory/arena.cpp:81), pid=12976, tid=6980
#
# JRE version: OpenJDK Runtime Environment (11.0.11+9) (build 11.0.11+9-b60-7590822)
# Java VM: OpenJDK 64-Bit Server VM (11.0.11+9-b60-7590822, mixed mode, tiered, compressed oops, g1 gc, windows-amd64)
# No core dump will be written. Minidumps are not enabled by default on client versions of Windows
#

---------------  S U M M A R Y ------------

Command Line: --add-opens=java.base/java.util=ALL-UNNAMED --add-opens=java.base/java.lang=ALL-UNNAMED --add-opens=java.base/java.lang.invoke=ALL-UNNAMED --add-opens=java.base/java.util=ALL-UNNAMED --add-opens=java.prefs/java.util.prefs=ALL-UNNAMED --add-opens=java.prefs/java.util.prefs=ALL-UNNAMED --add-opens=java.base/java.nio.charset=ALL-UNNAMED --add-opens=java.base/java.net=ALL-UNNAMED --add-opens=java.base/java.util.concurrent.atomic=ALL-UNNAMED -Xmx2048m -Dfile.encoding=UTF-8 -Duser.country=CA -Duser.language=en -Duser.variant org.gradle.launcher.daemon.bootstrap.GradleDaemon 7.2

Host: Intel(R) Core(TM) i7-8550U CPU @ 1.80GHz, 8 cores, 15G,  Windows 10 , 64 bit Build 22000 (10.0.22000.434)
Time: Thu Feb 17 16:01:09 2022 Eastern Standard Time elapsed time: 16.974343 seconds (0d 0h 0m 16s)

---------------  T H R E A D  ---------------

Current thread (0x000001f359f36800):  JavaThread "C1 CompilerThread0" daemon [_thread_in_vm, id=6980, stack(0x000000244e600000,0x000000244e700000)]


Current CompileTask:
C1:  16974 8247       2       com.google.common.cache.LocalCache$Segment::<init> (163 bytes)

Stack: [0x000000244e600000,0x000000244e700000]
Native frames: (J=compiled Java code, j=interpreted, Vv=VM code, C=native code)
V  [jvm.dll+0x5f214a]
V  [jvm.dll+0x726fb5]
V  [jvm.dll+0x7285cd]
V  [jvm.dll+0x728c83]
V  [jvm.dll+0x243278]
V  [jvm.dll+0xbc78b]
V  [jvm.dll+0xbca3c]
V  [jvm.dll+0x1587e4]
V  [jvm.dll+0x1af62e]
V  [jvm.dll+0x1a1e1b]
V  [jvm.dll+0x19f7ea]
V  [jvm.dll+0x19f6ee]
V  [jvm.dll+0x1b2238]
V  [jvm.dll+0x12839a]
V  [jvm.dll+0x12f9a5]
V  [jvm.dll+0x12ded9]
V  [jvm.dll+0x136cbd]
V  [jvm.dll+0x13632d]
V  [jvm.dll+0x12d4d0]
V  [jvm.dll+0x12f9b5]
V  [jvm.dll+0x12ded9]
V  [jvm.dll+0x136cbd]
V  [jvm.dll+0x13632d]
V  [jvm.dll+0x12d4d0]
V  [jvm.dll+0x12f9b5]
V  [jvm.dll+0x12e012]
V  [jvm.dll+0x1278e6]
V  [jvm.dll+0x137f26]
V  [jvm.dll+0x137dd9]
V  [jvm.dll+0x123749]
V  [jvm.dll+0x123a9a]
V  [jvm.dll+0x123c93]
V  [jvm.dll+0x122fa7]
V  [jvm.dll+0x124b77]
V  [jvm.dll+0x209a57]
V  [jvm.dll+0x2082a1]
V  [jvm.dll+0x6ef58f]
V  [jvm.dll+0x6e80b5]
V  [jvm.dll+0x5f1036]
C  [ucrtbase.dll+0x26c0c]
C  [KERNEL32.DLL+0x154e0]
C  [ntdll.dll+0x485b]


---------------  P R O C E S S  ---------------

Threads class SMR info:
_java_thread_list=0x000001f35c591f70, length=133, elements={
0x000001f33f1e0800, 0x000001f359ec0000, 0x000001f359ecd000, 0x000001f359f26800,
0x000001f359f27800, 0x000001f359f28800, 0x000001f359f32000, 0x000001f359f36800,
0x000001f359f39800, 0x000001f35a093800, 0x000001f35c0cf800, 0x000001f35a23e800,
0x000001f35a195800, 0x000001f35d4ce000, 0x000001f35cc7d800, 0x000001f35ca4d800,
0x000001f35cc72800, 0x000001f35c0ae800, 0x000001f35c389000, 0x000001f35c387800,
0x000001f35c384800, 0x000001f35c383800, 0x000001f35c38a000, 0x000001f35c386000,
0x000001f35c386800, 0x000001f35c388800, 0x000001f35c8e9800, 0x000001f35c8ea800,
0x000001f35c8eb000, 0x000001f35c8e7000, 0x000001f35c8e8000, 0x000001f35c8e9000,
0x000001f35d836000, 0x000001f35d835000, 0x000001f35d834000, 0x000001f35d837800,
0x000001f35d839000, 0x000001f35d833800, 0x000001f35d83d000, 0x000001f35d83a000,
0x000001f35d83f800, 0x000001f35d83c800, 0x000001f35d83a800, 0x000001f35d83b800,
0x000001f35d841800, 0x000001f35d83e000, 0x000001f35d83f000, 0x000001f35d840800,
0x000001f360978800, 0x000001f360978000, 0x000001f360976000, 0x000001f360979800,
0x000001f36097a000, 0x000001f36097b000, 0x000001f36097c000, 0x000001f36097c800,
0x000001f360977000, 0x000001f360982800, 0x000001f360981800, 0x000001f36097f000,
0x000001f360983000, 0x000001f36097e800, 0x000001f360980000, 0x000001f36097d800,
0x000001f360984000, 0x000001f360985000, 0x000001f360980800, 0x000001f35d4a6800,
0x000001f35d4a5800, 0x000001f35d4a7800, 0x000001f35d4a8000, 0x000001f35d4a9000,
0x000001f35d4a9800, 0x000001f35d4a4000, 0x000001f35d4aa800, 0x000001f35d4a5000,
0x000001f35d4ac000, 0x000001f35d4b1000, 0x000001f35d4ad000, 0x000001f35d4ae000,
0x000001f35d4b0000, 0x000001f35d4af800, 0x000001f35d4ab800, 0x000001f35d4b2800,
0x000001f35d4b2000, 0x000001f35d4ae800, 0x000001f35fbdd800, 0x000001f35fbde800,
0x000001f35fbdb800, 0x000001f35fbdf800, 0x000001f35fbdc000, 0x000001f35fbdd000,
0x000001f35fbd9800, 0x000001f35fbe0000, 0x000001f35fbda800, 0x000001f35fbe6800,
0x000001f35fbe4800, 0x000001f35fbe3800, 0x000001f35fbe1000, 0x000001f35fbe5000,
0x000001f35fbe6000, 0x000001f35fbe7800, 0x000001f35fbe2000, 0x000001f35fbe8800,
0x000001f35fbe2800, 0x000001f35f7dd800, 0x000001f35f7db000, 0x000001f35f7dc800,
0x000001f35f7e0800, 0x000001f35f7df000, 0x000001f35f7de000, 0x000001f35f7e1800,
0x000001f35f7db800, 0x000001f35f7e2000, 0x000001f35f7e4800, 0x000001f35f7e5800,
0x000001f35f7e0000, 0x000001f35f7e8000, 0x000001f35f7e6800, 0x000001f35f7e3000,
0x000001f35f7e7000, 0x000001f35f7e8800, 0x000001f35f7e9800, 0x000001f35f7e4000,
0x000001f35c385000, 0x000001f35a9b1000, 0x000001f35a9b0000, 0x000001f35a9b3800,
0x000001f35a9b1800, 0x000001f35a9b2800, 0x000001f35a9ae800, 0x000001f35a9ad800,
0x000001f35a9b5000
}

Java Threads: ( => current thread )
  0x000001f33f1e0800 JavaThread "main" [_thread_blocked, id=11648, stack(0x000000244d900000,0x000000244da00000)]
  0x000001f359ec0000 JavaThread "Reference Handler" daemon [_thread_blocked, id=11892, stack(0x000000244e000000,0x000000244e100000)]
  0x000001f359ecd000 JavaThread "Finalizer" daemon [_thread_blocked, id=25180, stack(0x000000244e100000,0x000000244e200000)]
  0x000001f359f26800 JavaThread "Signal Dispatcher" daemon [_thread_blocked, id=9420, stack(0x000000244e200000,0x000000244e300000)]
  0x000001f359f27800 JavaThread "Attach Listener" daemon [_thread_blocked, id=5412, stack(0x000000244e300000,0x000000244e400000)]
  0x000001f359f28800 JavaThread "Service Thread" daemon [_thread_blocked, id=28076, stack(0x000000244e400000,0x000000244e500000)]
  0x000001f359f32000 JavaThread "C2 CompilerThread0" daemon [_thread_in_native, id=18868, stack(0x000000244e500000,0x000000244e600000)]
=>0x000001f359f36800 JavaThread "C1 CompilerThread0" daemon [_thread_in_vm, id=6980, stack(0x000000244e600000,0x000000244e700000)]
  0x000001f359f39800 JavaThread "Sweeper thread" daemon [_thread_blocked, id=13652, stack(0x000000244e700000,0x000000244e800000)]
  0x000001f35a093800 JavaThread "Common-Cleaner" daemon [_thread_blocked, id=6684, stack(0x000000244e800000,0x000000244e900000)]
  0x000001f35c0cf800 JavaThread "Daemon health stats" [_thread_blocked, id=14284, stack(0x000000244f100000,0x000000244f200000)]
  0x000001f35a23e800 JavaThread "Incoming local TCP Connector on port 53619" [_thread_in_native, id=27776, stack(0x000000244ea00000,0x000000244eb00000)]
  0x000001f35a195800 JavaThread "Daemon periodic checks" [_thread_blocked, id=15160, stack(0x000000244eb00000,0x000000244ec00000)]
  0x000001f35d4ce000 JavaThread "Daemon" [_thread_blocked, id=7368, stack(0x000000244f200000,0x000000244f300000)]
  0x000001f35cc7d800 JavaThread "Handler for socket connection from /127.0.0.1:53619 to /127.0.0.1:53620" [_thread_in_native, id=11048, stack(0x000000244f300000,0x000000244f400000)]
  0x000001f35ca4d800 JavaThread "Cancel handler" [_thread_blocked, id=16064, stack(0x000000244f400000,0x000000244f500000)]
  0x000001f35cc72800 JavaThread "Daemon worker" [_thread_blocked, id=3624, stack(0x000000244f500000,0x000000244f600000)]
  0x000001f35c0ae800 JavaThread "Asynchronous log dispatcher for DefaultDaemonConnection: socket connection from /127.0.0.1:53619 to /127.0.0.1:53620" [_thread_blocked, id=25712, stack(0x000000244f600000,0x000000244f700000)]
  0x000001f35c389000 JavaThread "Stdin handler" [_thread_blocked, id=4164, stack(0x000000244f700000,0x000000244f800000)]
  0x000001f35c387800 JavaThread "Daemon client event forwarder" [_thread_blocked, id=9656, stack(0x000000244f800000,0x000000244f900000)]
  0x000001f35c384800 JavaThread "Cache worker for journal cache (C:\Users\jhond\.gradle\caches\journal-1)" [_thread_blocked, id=28412, stack(0x000000244fb00000,0x000000244fc00000)]
  0x000001f35c383800 JavaThread "File lock request listener" [_thread_in_native, id=16488, stack(0x000000244fc00000,0x000000244fd00000)]
  0x000001f35c38a000 JavaThread "Cache worker for file hash cache (C:\Users\jhond\.gradle\caches\7.2\fileHashes)" [_thread_blocked, id=17384, stack(0x000000244fd00000,0x000000244fe00000)]
  0x000001f35c386000 JavaThread "Cache worker for file hash cache (C:\Users\jhond\AndroidStudioProjects\Android\MusicDiscogs\.gradle\7.2\fileHashes)" [_thread_blocked, id=17892, stack(0x0000002450000000,0x0000002450100000)]
  0x000001f35c386800 JavaThread "File watcher server" daemon [_thread_in_native, id=16744, stack(0x0000002450100000,0x0000002450200000)]
  0x000001f35c388800 JavaThread "File watcher consumer" daemon [_thread_blocked, id=10568, stack(0x0000002450200000,0x0000002450300000)]
  0x000001f35c8e9800 JavaThread "Cache worker for checksums cache (C:\Users\jhond\AndroidStudioProjects\Android\MusicDiscogs\.gradle\checksums)" [_thread_blocked, id=16524, stack(0x0000002450300000,0x0000002450400000)]
  0x000001f35c8ea800 JavaThread "Cache worker for cache directory md-supplier (C:\Users\jhond\.gradle\caches\7.2\md-supplier)" [_thread_blocked, id=25768, stack(0x0000002450400000,0x0000002450500000)]
  0x000001f35c8eb000 JavaThread "Cache worker for cache directory md-rule (C:\Users\jhond\.gradle\caches\7.2\md-rule)" [_thread_blocked, id=10892, stack(0x0000002450500000,0x0000002450600000)]
  0x000001f35c8e7000 JavaThread "Cache worker for execution history cache (C:\Users\jhond\.gradle\caches\7.2\executionHistory)" [_thread_blocked, id=28588, stack(0x0000002450600000,0x0000002450700000)]
  0x000001f35c8e8000 JavaThread "jar transforms" [_thread_blocked, id=19028, stack(0x0000002450800000,0x0000002450900000)]
  0x000001f35c8e9000 JavaThread "Cache worker for file content cache (C:\Users\jhond\.gradle\caches\7.2\fileContent)" [_thread_blocked, id=1924, stack(0x0000002450900000,0x0000002450a00000)]
  0x000001f35d836000 JavaThread "jar transforms Thread 2" [_thread_blocked, id=4036, stack(0x0000002450a00000,0x0000002450b00000)]
  0x000001f35d835000 JavaThread "Cache worker for dependencies-accessors (C:\Users\jhond\AndroidStudioProjects\Android\MusicDiscogs\.gradle\7.2\dependencies-accessors)" [_thread_blocked, id=14740, stack(0x0000002450b00000,0x0000002450c00000)]
  0x000001f35d834000 JavaThread "jar transforms Thread 3" [_thread_blocked, id=9608, stack(0x0000002450c00000,0x0000002450d00000)]
  0x000001f35d837800 JavaThread "Cache worker for Build Output Cleanup Cache (C:\Users\jhond\AndroidStudioProjects\Android\MusicDiscogs\.gradle\buildOutputCleanup)" [_thread_blocked, id=11584, stack(0x0000002450d00000,0x0000002450e00000)]
  0x000001f35d839000 JavaThread "Unconstrained build operations" [_thread_blocked, id=23720, stack(0x0000002450e00000,0x0000002450f00000)]
  0x000001f35d833800 JavaThread "Unconstrained build operations Thread 2" [_thread_blocked, id=21456, stack(0x0000002450f00000,0x0000002451000000)]
  0x000001f35d83d000 JavaThread "Unconstrained build operations Thread 3" [_thread_blocked, id=29624, stack(0x0000002451000000,0x0000002451100000)]
  0x000001f35d83a000 JavaThread "Unconstrained build operations Thread 4" [_thread_blocked, id=16628, stack(0x0000002451100000,0x0000002451200000)]
  0x000001f35d83f800 JavaThread "Unconstrained build operations Thread 5" [_thread_blocked, id=15704, stack(0x0000002451200000,0x0000002451300000)]
  0x000001f35d83c800 JavaThread "Unconstrained build operations Thread 6" [_thread_blocked, id=27540, stack(0x0000002451300000,0x0000002451400000)]
  0x000001f35d83a800 JavaThread "Unconstrained build operations Thread 7" [_thread_blocked, id=19908, stack(0x0000002451400000,0x0000002451500000)]
  0x000001f35d83b800 JavaThread "Unconstrained build operations Thread 8" [_thread_blocked, id=22072, stack(0x0000002451500000,0x0000002451600000)]
  0x000001f35d841800 JavaThread "Unconstrained build operations Thread 9" [_thread_blocked, id=20908, stack(0x0000002451600000,0x0000002451700000)]
  0x000001f35d83e000 JavaThread "Unconstrained build operations Thread 10" [_thread_blocked, id=16784, stack(0x0000002451700000,0x0000002451800000)]
  0x000001f35d83f000 JavaThread "Unconstrained build operations Thread 11" [_thread_blocked, id=10824, stack(0x0000002451800000,0x0000002451900000)]
  0x000001f35d840800 JavaThread "Unconstrained build operations Thread 12" [_thread_blocked, id=2376, stack(0x0000002451900000,0x0000002451a00000)]
  0x000001f360978800 JavaThread "Unconstrained build operations Thread 13" [_thread_blocked, id=18028, stack(0x0000002451a00000,0x0000002451b00000)]
  0x000001f360978000 JavaThread "Unconstrained build operations Thread 14" [_thread_blocked, id=1068, stack(0x0000002451b00000,0x0000002451c00000)]
  0x000001f360976000 JavaThread "Unconstrained build operations Thread 15" [_thread_blocked, id=992, stack(0x0000002451c00000,0x0000002451d00000)]
  0x000001f360979800 JavaThread "Unconstrained build operations Thread 16" [_thread_blocked, id=13184, stack(0x0000002451d00000,0x0000002451e00000)]
  0x000001f36097a000 JavaThread "Unconstrained build operations Thread 17" [_thread_blocked, id=14436, stack(0x0000002451e00000,0x0000002451f00000)]
  0x000001f36097b000 JavaThread "Unconstrained build operations Thread 18" [_thread_blocked, id=1660, stack(0x0000002451f00000,0x0000002452000000)]
  0x000001f36097c000 JavaThread "Unconstrained build operations Thread 19" [_thread_blocked, id=14876, stack(0x0000002452000000,0x0000002452100000)]
  0x000001f36097c800 JavaThread "Unconstrained build operations Thread 20" [_thread_blocked, id=16912, stack(0x0000002452100000,0x0000002452200000)]
  0x000001f360977000 JavaThread "Unconstrained build operations Thread 21" [_thread_blocked, id=6852, stack(0x0000002452200000,0x0000002452300000)]
  0x000001f360982800 JavaThread "Unconstrained build operations Thread 22" [_thread_blocked, id=27096, stack(0x0000002452300000,0x0000002452400000)]
  0x000001f360981800 JavaThread "Unconstrained build operations Thread 23" [_thread_blocked, id=21212, stack(0x0000002452400000,0x0000002452500000)]
  0x000001f36097f000 JavaThread "Unconstrained build operations Thread 24" [_thread_blocked, id=28400, stack(0x0000002452500000,0x0000002452600000)]
  0x000001f360983000 JavaThread "Unconstrained build operations Thread 25" [_thread_blocked, id=12536, stack(0x0000002452600000,0x0000002452700000)]
  0x000001f36097e800 JavaThread "Unconstrained build operations Thread 26" [_thread_blocked, id=17668, stack(0x0000002452700000,0x0000002452800000)]
  0x000001f360980000 JavaThread "Unconstrained build operations Thread 27" [_thread_blocked, id=20360, stack(0x0000002452800000,0x0000002452900000)]
  0x000001f36097d800 JavaThread "Unconstrained build operations Thread 28" [_thread_blocked, id=18876, stack(0x0000002452900000,0x0000002452a00000)]
  0x000001f360984000 JavaThread "Unconstrained build operations Thread 29" [_thread_blocked, id=22564, stack(0x0000002452a00000,0x0000002452b00000)]
  0x000001f360985000 JavaThread "Unconstrained build operations Thread 30" [_thread_blocked, id=28276, stack(0x0000002452b00000,0x0000002452c00000)]
  0x000001f360980800 JavaThread "Unconstrained build operations Thread 31" [_thread_blocked, id=26804, stack(0x0000002452c00000,0x0000002452d00000)]
  0x000001f35d4a6800 JavaThread "Unconstrained build operations Thread 32" [_thread_blocked, id=25468, stack(0x0000002452d00000,0x0000002452e00000)]
  0x000001f35d4a5800 JavaThread "Unconstrained build operations Thread 33" [_thread_blocked, id=26004, stack(0x0000002452e00000,0x0000002452f00000)]
  0x000001f35d4a7800 JavaThread "Unconstrained build operations Thread 34" [_thread_blocked, id=14048, stack(0x0000002452f00000,0x0000002453000000)]
  0x000001f35d4a8000 JavaThread "Unconstrained build operations Thread 35" [_thread_blocked, id=17036, stack(0x0000002453000000,0x0000002453100000)]
  0x000001f35d4a9000 JavaThread "Unconstrained build operations Thread 36" [_thread_blocked, id=27428, stack(0x0000002453100000,0x0000002453200000)]
  0x000001f35d4a9800 JavaThread "Unconstrained build operations Thread 37" [_thread_blocked, id=28424, stack(0x0000002453200000,0x0000002453300000)]
  0x000001f35d4a4000 JavaThread "Unconstrained build operations Thread 38" [_thread_blocked, id=16320, stack(0x0000002453300000,0x0000002453400000)]
  0x000001f35d4aa800 JavaThread "Unconstrained build operations Thread 39" [_thread_blocked, id=15976, stack(0x0000002453400000,0x0000002453500000)]
  0x000001f35d4a5000 JavaThread "Unconstrained build operations Thread 40" [_thread_blocked, id=16116, stack(0x0000002453500000,0x0000002453600000)]
  0x000001f35d4ac000 JavaThread "Unconstrained build operations Thread 41" [_thread_blocked, id=17428, stack(0x0000002453600000,0x0000002453700000)]
  0x000001f35d4b1000 JavaThread "Unconstrained build operations Thread 42" [_thread_blocked, id=10980, stack(0x0000002453700000,0x0000002453800000)]
  0x000001f35d4ad000 JavaThread "Unconstrained build operations Thread 43" [_thread_blocked, id=10672, stack(0x0000002453800000,0x0000002453900000)]
  0x000001f35d4ae000 JavaThread "Unconstrained build operations Thread 44" [_thread_blocked, id=7516, stack(0x0000002453900000,0x0000002453a00000)]
  0x000001f35d4b0000 JavaThread "Unconstrained build operations Thread 45" [_thread_blocked, id=2012, stack(0x0000002453a00000,0x0000002453b00000)]
  0x000001f35d4af800 JavaThread "Unconstrained build operations Thread 46" [_thread_blocked, id=27004, stack(0x0000002453b00000,0x0000002453c00000)]
  0x000001f35d4ab800 JavaThread "Unconstrained build operations Thread 47" [_thread_blocked, id=18828, stack(0x0000002453c00000,0x0000002453d00000)]
  0x000001f35d4b2800 JavaThread "Unconstrained build operations Thread 48" [_thread_blocked, id=18092, stack(0x0000002453d00000,0x0000002453e00000)]
  0x000001f35d4b2000 JavaThread "Unconstrained build operations Thread 49" [_thread_blocked, id=10640, stack(0x0000002453e00000,0x0000002453f00000)]
  0x000001f35d4ae800 JavaThread "Unconstrained build operations Thread 50" [_thread_blocked, id=21084, stack(0x0000002453f00000,0x0000002454000000)]
  0x000001f35fbdd800 JavaThread "Unconstrained build operations Thread 51" [_thread_blocked, id=15624, stack(0x0000002454000000,0x0000002454100000)]
  0x000001f35fbde800 JavaThread "Unconstrained build operations Thread 52" [_thread_blocked, id=28836, stack(0x0000002454100000,0x0000002454200000)]
  0x000001f35fbdb800 JavaThread "Unconstrained build operations Thread 53" [_thread_blocked, id=29572, stack(0x0000002454200000,0x0000002454300000)]
  0x000001f35fbdf800 JavaThread "Unconstrained build operations Thread 54" [_thread_blocked, id=7340, stack(0x0000002454300000,0x0000002454400000)]
  0x000001f35fbdc000 JavaThread "Unconstrained build operations Thread 55" [_thread_blocked, id=15168, stack(0x0000002454400000,0x0000002454500000)]
  0x000001f35fbdd000 JavaThread "Unconstrained build operations Thread 56" [_thread_blocked, id=17068, stack(0x0000002454500000,0x0000002454600000)]
  0x000001f35fbd9800 JavaThread "Unconstrained build operations Thread 57" [_thread_blocked, id=20968, stack(0x0000002454600000,0x0000002454700000)]
  0x000001f35fbe0000 JavaThread "Unconstrained build operations Thread 58" [_thread_blocked, id=2912, stack(0x0000002454700000,0x0000002454800000)]
  0x000001f35fbda800 JavaThread "Unconstrained build operations Thread 59" [_thread_blocked, id=19564, stack(0x0000002454800000,0x0000002454900000)]
  0x000001f35fbe6800 JavaThread "Unconstrained build operations Thread 60" [_thread_blocked, id=17568, stack(0x0000002454900000,0x0000002454a00000)]
  0x000001f35fbe4800 JavaThread "Unconstrained build operations Thread 61" [_thread_blocked, id=1592, stack(0x0000002454a00000,0x0000002454b00000)]
  0x000001f35fbe3800 JavaThread "Unconstrained build operations Thread 62" [_thread_blocked, id=1496, stack(0x0000002454b00000,0x0000002454c00000)]
  0x000001f35fbe1000 JavaThread "Unconstrained build operations Thread 63" [_thread_blocked, id=22580, stack(0x0000002454c00000,0x0000002454d00000)]
  0x000001f35fbe5000 JavaThread "Unconstrained build operations Thread 64" [_thread_blocked, id=10600, stack(0x0000002454d00000,0x0000002454e00000)]
  0x000001f35fbe6000 JavaThread "Unconstrained build operations Thread 65" [_thread_blocked, id=9488, stack(0x0000002454e00000,0x0000002454f00000)]
  0x000001f35fbe7800 JavaThread "Unconstrained build operations Thread 66" [_thread_blocked, id=22488, stack(0x0000002454f00000,0x0000002455000000)]
  0x000001f35fbe2000 JavaThread "Unconstrained build operations Thread 67" [_thread_blocked, id=21300, stack(0x0000002455000000,0x0000002455100000)]
  0x000001f35fbe8800 JavaThread "Unconstrained build operations Thread 68" [_thread_blocked, id=19572, stack(0x0000002455100000,0x0000002455200000)]
  0x000001f35fbe2800 JavaThread "Unconstrained build operations Thread 69" [_thread_blocked, id=8444, stack(0x0000002455200000,0x0000002455300000)]
  0x000001f35f7dd800 JavaThread "Unconstrained build operations Thread 70" [_thread_blocked, id=29272, stack(0x0000002455300000,0x0000002455400000)]
  0x000001f35f7db000 JavaThread "Unconstrained build operations Thread 71" [_thread_blocked, id=11420, stack(0x0000002455400000,0x0000002455500000)]
  0x000001f35f7dc800 JavaThread "Unconstrained build operations Thread 72" [_thread_blocked, id=15508, stack(0x0000002455500000,0x0000002455600000)]
  0x000001f35f7e0800 JavaThread "Unconstrained build operations Thread 73" [_thread_blocked, id=17456, stack(0x0000002455600000,0x0000002455700000)]
  0x000001f35f7df000 JavaThread "Unconstrained build operations Thread 74" [_thread_blocked, id=20280, stack(0x0000002455700000,0x0000002455800000)]
  0x000001f35f7de000 JavaThread "Unconstrained build operations Thread 75" [_thread_blocked, id=5820, stack(0x0000002455800000,0x0000002455900000)]
  0x000001f35f7e1800 JavaThread "Unconstrained build operations Thread 76" [_thread_blocked, id=8596, stack(0x0000002455900000,0x0000002455a00000)]
  0x000001f35f7db800 JavaThread "Unconstrained build operations Thread 77" [_thread_blocked, id=6984, stack(0x0000002455a00000,0x0000002455b00000)]
  0x000001f35f7e2000 JavaThread "Unconstrained build operations Thread 78" [_thread_blocked, id=3728, stack(0x0000002455b00000,0x0000002455c00000)]
  0x000001f35f7e4800 JavaThread "Unconstrained build operations Thread 79" [_thread_blocked, id=5496, stack(0x0000002455c00000,0x0000002455d00000)]
  0x000001f35f7e5800 JavaThread "Unconstrained build operations Thread 80" [_thread_blocked, id=9688, stack(0x0000002455d00000,0x0000002455e00000)]
  0x000001f35f7e0000 JavaThread "jar transforms Thread 4" [_thread_blocked, id=14692, stack(0x0000002455e00000,0x0000002455f00000)]
  0x000001f35f7e8000 JavaThread "jar transforms Thread 5" [_thread_blocked, id=28840, stack(0x0000002455f00000,0x0000002456000000)]
  0x000001f35f7e6800 JavaThread "jar transforms Thread 6" [_thread_blocked, id=7840, stack(0x0000002456000000,0x0000002456100000)]
  0x000001f35f7e3000 JavaThread "jar transforms Thread 7" [_thread_blocked, id=6620, stack(0x0000002456100000,0x0000002456200000)]
  0x000001f35f7e7000 JavaThread "jar transforms Thread 8" [_thread_blocked, id=14308, stack(0x0000002456200000,0x0000002456300000)]
  0x000001f35f7e8800 JavaThread "C2 CompilerThread1" daemon [_thread_in_native, id=16968, stack(0x000000244ff00000,0x0000002450000000)]
  0x000001f35f7e9800 JavaThread "Memory manager" [_thread_blocked, id=19768, stack(0x0000002456300000,0x0000002456400000)]
  0x000001f35f7e4000 JavaThread "build event listener" [_thread_blocked, id=9324, stack(0x0000002456400000,0x0000002456500000)]
  0x000001f35c385000 JavaThread "build event listener" [_thread_blocked, id=26520, stack(0x0000002456500000,0x0000002456600000)]
  0x000001f35a9b1000 JavaThread "Execution worker for ':'" [_thread_blocked, id=25096, stack(0x0000002456600000,0x0000002456700000)]
  0x000001f35a9b0000 JavaThread "Execution worker for ':' Thread 2" [_thread_blocked, id=4328, stack(0x0000002456700000,0x0000002456800000)]
  0x000001f35a9b3800 JavaThread "Execution worker for ':' Thread 3" [_thread_blocked, id=28988, stack(0x0000002456800000,0x0000002456900000)]
  0x000001f35a9b1800 JavaThread "Execution worker for ':' Thread 4" [_thread_in_vm, id=1196, stack(0x0000002456900000,0x0000002456a00000)]
  0x000001f35a9b2800 JavaThread "Execution worker for ':' Thread 5" [_thread_blocked, id=23560, stack(0x0000002456a00000,0x0000002456b00000)]
  0x000001f35a9ae800 JavaThread "Execution worker for ':' Thread 6" [_thread_blocked, id=21244, stack(0x0000002456b00000,0x0000002456c00000)]
  0x000001f35a9ad800 JavaThread "Execution worker for ':' Thread 7" [_thread_blocked, id=12524, stack(0x0000002456c00000,0x0000002456d00000)]
  0x000001f35a9b5000 JavaThread "Cache worker for execution history cache (C:\Users\jhond\AndroidStudioProjects\Android\MusicDiscogs\.gradle\7.2\executionHistory)" [_thread_blocked, id=28132, stack(0x0000002456d00000,0x0000002456e00000)]

Other Threads:
  0x000001f359ebe000 VMThread "VM Thread" [stack: 0x000000244df00000,0x000000244e000000] [id=7068]
  0x000001f35a0b9000 WatcherThread [stack: 0x000000244e900000,0x000000244ea00000] [id=26724]
  0x000001f33f1f7800 GCTaskThread "GC Thread#0" [stack: 0x000000244da00000,0x000000244db00000] [id=4936]
  0x000001f35b28b000 GCTaskThread "GC Thread#1" [stack: 0x000000244ec00000,0x000000244ed00000] [id=11852]
  0x000001f35acd0000 GCTaskThread "GC Thread#2" [stack: 0x000000244ed00000,0x000000244ee00000] [id=23676]
  0x000001f35acd0800 GCTaskThread "GC Thread#3" [stack: 0x000000244ee00000,0x000000244ef00000] [id=25628]
  0x000001f35a948000 GCTaskThread "GC Thread#4" [stack: 0x000000244ef00000,0x000000244f000000] [id=29324]
  0x000001f35a949000 GCTaskThread "GC Thread#5" [stack: 0x000000244f000000,0x000000244f100000] [id=13528]
  0x000001f35c500000 GCTaskThread "GC Thread#6" [stack: 0x000000244f900000,0x000000244fa00000] [id=18956]
  0x000001f35c501000 GCTaskThread "GC Thread#7" [stack: 0x000000244fa00000,0x000000244fb00000] [id=7176]
  0x000001f33f22d000 ConcurrentGCThread "G1 Main Marker" [stack: 0x000000244db00000,0x000000244dc00000] [id=20656]
  0x000001f33f22e000 ConcurrentGCThread "G1 Conc#0" [stack: 0x000000244dc00000,0x000000244dd00000] [id=20140]
  0x000001f35c05f000 ConcurrentGCThread "G1 Conc#1" [stack: 0x000000244fe00000,0x000000244ff00000] [id=13376]
  0x000001f359510800 ConcurrentGCThread "G1 Refine#0" [stack: 0x000000244dd00000,0x000000244de00000] [id=1796]
  0x000001f3616fa800 ConcurrentGCThread "G1 Refine#1" [stack: 0x0000002450700000,0x0000002450800000] [id=18320]
  0x000001f359511800 ConcurrentGCThread "G1 Young RemSet Sampling" [stack: 0x000000244de00000,0x000000244df00000] [id=7716]

Threads with active compile tasks:
C2 CompilerThread0  17065 7990       4       org.gradle.internal.instantiation.generator.AbstractClassGenerator::inspectType (560 bytes)
C1 CompilerThread0  17065 8247       2       com.google.common.cache.LocalCache$Segment::<init> (163 bytes)
C2 CompilerThread1  17066 7769       4       java.lang.Class::annotationData (44 bytes)

VM state:not at safepoint (normal execution)

VM Mutex/Monitor currently owned by a thread:  ([mutex/lock_event])
[0x000001f33f1c6900] CodeCache_lock - owner thread: 0x000001f35f7e8800
[0x000001f33f1dd650] Compile_lock - owner thread: 0x000001f35f7e8800
[0x000001f33f1dd6e0] MethodCompileQueue_lock - owner thread: 0x000001f35f7e8800

Heap address: 0x0000000080000000, size: 2048 MB, Compressed Oops mode: 32-bit
Narrow klass base: 0x0000000000000000, Narrow klass shift: 3
Compressed class space size: 1073741824 Address: 0x0000000100000000

Heap:
 garbage-first heap   total 260096K, used 71208K [0x0000000080000000, 0x0000000100000000)
  region size 1024K, 15 young (15360K), 14 survivors (14336K)
 Metaspace       used 82733K, capacity 84544K, committed 84684K, reserved 1122304K
  class space    used 10771K, capacity 11470K, committed 11520K, reserved 1048576K
Heap Regions: E=young(eden), S=young(survivor), O=old, HS=humongous(starts), HC=humongous(continues), CS=collection set, F=free, A=archive, TAMS=top-at-mark-start (previous, next)
|   0|0x0000000080000000, 0x0000000080100000, 0x0000000080100000|100%| O|  |TAMS 0x0000000080100000, 0x0000000080000000| Untracked 
|   1|0x0000000080100000, 0x0000000080200000, 0x0000000080200000|100%| O|  |TAMS 0x0000000080200000, 0x0000000080100000| Untracked 
|   2|0x0000000080200000, 0x0000000080300000, 0x0000000080300000|100%| O|  |TAMS 0x0000000080300000, 0x0000000080200000| Untracked 
|   3|0x0000000080300000, 0x0000000080400000, 0x0000000080400000|100%|HS|  |TAMS 0x0000000080400000, 0x0000000080300000| Complete 
|   4|0x0000000080400000, 0x0000000080500000, 0x0000000080500000|100%|HC|  |TAMS 0x0000000080500000, 0x0000000080400000| Complete 
|   5|0x0000000080500000, 0x0000000080600000, 0x0000000080600000|100%|HC|  |TAMS 0x0000000080600000, 0x0000000080500000| Complete 
|   6|0x0000000080600000, 0x0000000080700000, 0x0000000080700000|100%| O|  |TAMS 0x0000000080700000, 0x0000000080600000| Untracked 
|   7|0x0000000080700000, 0x0000000080800000, 0x0000000080800000|100%| O|  |TAMS 0x0000000080800000, 0x0000000080700000| Untracked 
|   8|0x0000000080800000, 0x0000000080900000, 0x0000000080900000|100%| O|  |TAMS 0x0000000080900000, 0x0000000080800000| Untracked 
|   9|0x0000000080900000, 0x0000000080a00000, 0x0000000080a00000|100%| O|  |TAMS 0x0000000080a00000, 0x0000000080900000| Untracked 
|  10|0x0000000080a00000, 0x0000000080b00000, 0x0000000080b00000|100%| O|  |TAMS 0x0000000080b00000, 0x0000000080a00000| Untracked 
|  11|0x0000000080b00000, 0x0000000080c00000, 0x0000000080c00000|100%| O|  |TAMS 0x0000000080c00000, 0x0000000080b00000| Untracked 
|  12|0x0000000080c00000, 0x0000000080d00000, 0x0000000080d00000|100%| O|  |TAMS 0x0000000080d00000, 0x0000000080c00000| Untracked 
|  13|0x0000000080d00000, 0x0000000080e00000, 0x0000000080e00000|100%| O|  |TAMS 0x0000000080e00000, 0x0000000080d00000| Untracked 
|  14|0x0000000080e00000, 0x0000000080f00000, 0x0000000080f00000|100%| O|  |TAMS 0x0000000080f00000, 0x0000000080e00000| Untracked 
|  15|0x0000000080f00000, 0x0000000081000000, 0x0000000081000000|100%| O|  |TAMS 0x0000000081000000, 0x0000000080f00000| Untracked 
|  16|0x0000000081000000, 0x0000000081100000, 0x0000000081100000|100%|HS|  |TAMS 0x0000000081100000, 0x0000000081000000| Complete 
|  17|0x0000000081100000, 0x0000000081200000, 0x0000000081200000|100%|HS|  |TAMS 0x0000000081200000, 0x0000000081100000| Complete 
|  18|0x0000000081200000, 0x0000000081300000, 0x0000000081300000|100%|HS|  |TAMS 0x0000000081300000, 0x0000000081200000| Complete 
|  19|0x0000000081300000, 0x0000000081400000, 0x0000000081400000|100%|HS|  |TAMS 0x0000000081400000, 0x0000000081300000| Complete 
|  20|0x0000000081400000, 0x0000000081500000, 0x0000000081500000|100%|HS|  |TAMS 0x0000000081500000, 0x0000000081400000| Complete 
|  21|0x0000000081500000, 0x0000000081600000, 0x0000000081600000|100%|HC|  |TAMS 0x0000000081600000, 0x0000000081500000| Complete 
|  22|0x0000000081600000, 0x0000000081700000, 0x0000000081700000|100%|HC|  |TAMS 0x0000000081700000, 0x0000000081600000| Complete 
|  23|0x0000000081700000, 0x0000000081800000, 0x0000000081800000|100%|HS|  |TAMS 0x0000000081800000, 0x0000000081700000| Complete 
|  24|0x0000000081800000, 0x0000000081900000, 0x0000000081900000|100%|HC|  |TAMS 0x0000000081900000, 0x0000000081800000| Complete 
|  25|0x0000000081900000, 0x0000000081a00000, 0x0000000081a00000|100%| O|  |TAMS 0x0000000081a00000, 0x0000000081900000| Untracked 
|  26|0x0000000081a00000, 0x0000000081b00000, 0x0000000081b00000|100%| O|  |TAMS 0x0000000081b00000, 0x0000000081a00000| Untracked 
|  27|0x0000000081b00000, 0x0000000081c00000, 0x0000000081c00000|100%| O|  |TAMS 0x0000000081c00000, 0x0000000081b00000| Untracked 
|  28|0x0000000081c00000, 0x0000000081d00000, 0x0000000081d00000|100%| O|  |TAMS 0x0000000081d00000, 0x0000000081c00000| Untracked 
|  29|0x0000000081d00000, 0x0000000081e00000, 0x0000000081e00000|100%| O|  |TAMS 0x0000000081e00000, 0x0000000081d00000| Untracked 
|  30|0x0000000081e00000, 0x0000000081f00000, 0x0000000081f00000|100%| O|  |TAMS 0x0000000081f00000, 0x0000000081e00000| Untracked 
|  31|0x0000000081f00000, 0x0000000082000000, 0x0000000082000000|100%| O|  |TAMS 0x0000000082000000, 0x0000000081f00000| Untracked 
|  32|0x0000000082000000, 0x0000000082100000, 0x0000000082100000|100%| O|  |TAMS 0x0000000082100000, 0x0000000082000000| Untracked 
|  33|0x0000000082100000, 0x0000000082200000, 0x0000000082200000|100%| O|  |TAMS 0x0000000082200000, 0x0000000082100000| Untracked 
|  34|0x0000000082200000, 0x0000000082300000, 0x0000000082300000|100%| O|  |TAMS 0x0000000082300000, 0x0000000082200000| Untracked 
|  35|0x0000000082300000, 0x0000000082400000, 0x0000000082400000|100%| O|  |TAMS 0x0000000082400000, 0x0000000082300000| Untracked 
|  36|0x0000000082400000, 0x0000000082500000, 0x0000000082500000|100%| O|  |TAMS 0x0000000082500000, 0x0000000082400000| Untracked 
|  37|0x0000000082500000, 0x0000000082600000, 0x0000000082600000|100%| O|  |TAMS 0x0000000082600000, 0x0000000082500000| Untracked 
|  38|0x0000000082600000, 0x0000000082700000, 0x0000000082700000|100%| O|  |TAMS 0x0000000082700000, 0x0000000082600000| Untracked 
|  39|0x0000000082700000, 0x0000000082800000, 0x0000000082800000|100%| O|  |TAMS 0x0000000082800000, 0x0000000082700000| Untracked 
|  40|0x0000000082800000, 0x0000000082900000, 0x0000000082900000|100%| O|  |TAMS 0x0000000082900000, 0x0000000082800000| Untracked 
|  41|0x0000000082900000, 0x0000000082a00000, 0x0000000082a00000|100%| O|  |TAMS 0x0000000082a00000, 0x0000000082900000| Untracked 
|  42|0x0000000082a00000, 0x0000000082b00000, 0x0000000082b00000|100%| O|  |TAMS 0x0000000082b00000, 0x0000000082a00000| Untracked 
|  43|0x0000000082b00000, 0x0000000082c00000, 0x0000000082c00000|100%| O|  |TAMS 0x0000000082c00000, 0x0000000082b00000| Untracked 
|  44|0x0000000082c00000, 0x0000000082d00000, 0x0000000082d00000|100%| O|  |TAMS 0x0000000082d00000, 0x0000000082c00000| Untracked 
|  45|0x0000000082d00000, 0x0000000082e00000, 0x0000000082e00000|100%| O|  |TAMS 0x0000000082e00000, 0x0000000082d00000| Untracked 
|  46|0x0000000082e00000, 0x0000000082f00000, 0x0000000082f00000|100%| O|  |TAMS 0x0000000082f00000, 0x0000000082e00000| Untracked 
|  47|0x0000000082f00000, 0x0000000083000000, 0x0000000083000000|100%| O|  |TAMS 0x0000000083000000, 0x0000000082f00000| Untracked 
|  48|0x0000000083000000, 0x0000000083100000, 0x0000000083100000|100%| O|  |TAMS 0x000000008306f400, 0x0000000083000000| Untracked 
|  49|0x0000000083100000, 0x0000000083200000, 0x0000000083200000|100%| O|  |TAMS 0x0000000083100000, 0x0000000083100000| Untracked 
|  50|0x0000000083200000, 0x0000000083300000, 0x0000000083300000|100%| O|  |TAMS 0x0000000083200000, 0x0000000083200000| Untracked 
|  51|0x0000000083300000, 0x0000000083400000, 0x0000000083400000|100%| O|  |TAMS 0x0000000083300000, 0x0000000083300000| Untracked 
|  52|0x0000000083400000, 0x0000000083500000, 0x0000000083500000|100%| O|  |TAMS 0x0000000083400000, 0x0000000083400000| Untracked 
|  53|0x0000000083500000, 0x0000000083600000, 0x0000000083600000|100%| O|  |TAMS 0x0000000083500000, 0x0000000083500000| Untracked 
|  54|0x0000000083600000, 0x0000000083700000, 0x0000000083700000|100%| O|  |TAMS 0x0000000083600000, 0x0000000083600000| Untracked 
|  55|0x0000000083700000, 0x00000000837fee00, 0x0000000083800000| 99%| O|  |TAMS 0x0000000083700000, 0x0000000083700000| Untracked 
|  56|0x0000000083800000, 0x0000000083800000, 0x0000000083900000|  0%| F|  |TAMS 0x0000000083800000, 0x0000000083800000| Untracked 
|  57|0x0000000083900000, 0x0000000083900000, 0x0000000083a00000|  0%| F|  |TAMS 0x0000000083900000, 0x0000000083900000| Untracked 
|  58|0x0000000083a00000, 0x0000000083a00000, 0x0000000083b00000|  0%| F|  |TAMS 0x0000000083a00000, 0x0000000083a00000| Untracked 
|  59|0x0000000083b00000, 0x0000000083b00000, 0x0000000083c00000|  0%| F|  |TAMS 0x0000000083b00000, 0x0000000083b00000| Untracked 
|  60|0x0000000083c00000, 0x0000000083c00000, 0x0000000083d00000|  0%| F|  |TAMS 0x0000000083c00000, 0x0000000083c00000| Untracked 
|  61|0x0000000083d00000, 0x0000000083d00000, 0x0000000083e00000|  0%| F|  |TAMS 0x0000000083d00000, 0x0000000083d00000| Untracked 
|  62|0x0000000083e00000, 0x0000000083e00000, 0x0000000083f00000|  0%| F|  |TAMS 0x0000000083e00000, 0x0000000083e00000| Untracked 
|  63|0x0000000083f00000, 0x0000000083f00000, 0x0000000084000000|  0%| F|  |TAMS 0x0000000083f00000, 0x0000000083f00000| Untracked 
|  64|0x0000000084000000, 0x0000000084000000, 0x0000000084100000|  0%| F|  |TAMS 0x0000000084000000, 0x0000000084000000| Untracked 
|  65|0x0000000084100000, 0x0000000084100000, 0x0000000084200000|  0%| F|  |TAMS 0x0000000084100000, 0x0000000084100000| Untracked 
|  66|0x0000000084200000, 0x0000000084200000, 0x0000000084300000|  0%| F|  |TAMS 0x0000000084200000, 0x0000000084200000| Untracked 
|  67|0x0000000084300000, 0x0000000084300000, 0x0000000084400000|  0%| F|  |TAMS 0x0000000084300000, 0x0000000084300000| Untracked 
|  68|0x0000000084400000, 0x0000000084400000, 0x0000000084500000|  0%| F|  |TAMS 0x0000000084400000, 0x0000000084400000| Untracked 
|  69|0x0000000084500000, 0x0000000084500000, 0x0000000084600000|  0%| F|  |TAMS 0x0000000084500000, 0x0000000084500000| Untracked 
|  70|0x0000000084600000, 0x0000000084600000, 0x0000000084700000|  0%| F|  |TAMS 0x0000000084600000, 0x0000000084600000| Untracked 
|  71|0x0000000084700000, 0x0000000084700000, 0x0000000084800000|  0%| F|  |TAMS 0x0000000084700000, 0x0000000084700000| Untracked 
|  72|0x0000000084800000, 0x0000000084800000, 0x0000000084900000|  0%| F|  |TAMS 0x0000000084800000, 0x0000000084800000| Untracked 
|  73|0x0000000084900000, 0x0000000084900000, 0x0000000084a00000|  0%| F|  |TAMS 0x0000000084900000, 0x0000000084900000| Untracked 
|  74|0x0000000084a00000, 0x0000000084a00000, 0x0000000084b00000|  0%| F|  |TAMS 0x0000000084a00000, 0x0000000084a00000| Untracked 
|  75|0x0000000084b00000, 0x0000000084b00000, 0x0000000084c00000|  0%| F|  |TAMS 0x0000000084b00000, 0x0000000084b00000| Untracked 
|  76|0x0000000084c00000, 0x0000000084c00000, 0x0000000084d00000|  0%| F|  |TAMS 0x0000000084c00000, 0x0000000084c00000| Untracked 
|  77|0x0000000084d00000, 0x0000000084d00000, 0x0000000084e00000|  0%| F|  |TAMS 0x0000000084d00000, 0x0000000084d00000| Untracked 
|  78|0x0000000084e00000, 0x0000000084e00000, 0x0000000084f00000|  0%| F|  |TAMS 0x0000000084e00000, 0x0000000084e00000| Untracked 
|  79|0x0000000084f00000, 0x0000000084f00000, 0x0000000085000000|  0%| F|  |TAMS 0x0000000084f00000, 0x0000000084f00000| Untracked 
|  80|0x0000000085000000, 0x0000000085000000, 0x0000000085100000|  0%| F|  |TAMS 0x0000000085000000, 0x0000000085000000| Untracked 
|  81|0x0000000085100000, 0x0000000085100000, 0x0000000085200000|  0%| F|  |TAMS 0x0000000085100000, 0x0000000085100000| Untracked 
|  82|0x0000000085200000, 0x0000000085200000, 0x0000000085300000|  0%| F|  |TAMS 0x0000000085200000, 0x0000000085200000| Untracked 
|  83|0x0000000085300000, 0x0000000085300000, 0x0000000085400000|  0%| F|  |TAMS 0x0000000085300000, 0x0000000085300000| Untracked 
|  84|0x0000000085400000, 0x0000000085400000, 0x0000000085500000|  0%| F|  |TAMS 0x0000000085400000, 0x0000000085400000| Untracked 
|  85|0x0000000085500000, 0x0000000085500000, 0x0000000085600000|  0%| F|  |TAMS 0x0000000085500000, 0x0000000085500000| Untracked 
|  86|0x0000000085600000, 0x0000000085600000, 0x0000000085700000|  0%| F|  |TAMS 0x0000000085600000, 0x0000000085600000| Untracked 
|  87|0x0000000085700000, 0x0000000085700000, 0x0000000085800000|  0%| F|  |TAMS 0x0000000085700000, 0x0000000085700000| Untracked 
|  88|0x0000000085800000, 0x0000000085800000, 0x0000000085900000|  0%| F|  |TAMS 0x0000000085800000, 0x0000000085800000| Untracked 
|  89|0x0000000085900000, 0x0000000085900000, 0x0000000085a00000|  0%| F|  |TAMS 0x0000000085900000, 0x0000000085900000| Untracked 
|  90|0x0000000085a00000, 0x0000000085a00000, 0x0000000085b00000|  0%| F|  |TAMS 0x0000000085a00000, 0x0000000085a00000| Untracked 
|  91|0x0000000085b00000, 0x0000000085b00000, 0x0000000085c00000|  0%| F|  |TAMS 0x0000000085b00000, 0x0000000085b00000| Untracked 
|  92|0x0000000085c00000, 0x0000000085c00000, 0x0000000085d00000|  0%| F|  |TAMS 0x0000000085c00000, 0x0000000085c00000| Untracked 
|  93|0x0000000085d00000, 0x0000000085d00000, 0x0000000085e00000|  0%| F|  |TAMS 0x0000000085d00000, 0x0000000085d00000| Untracked 
|  94|0x0000000085e00000, 0x0000000085e00000, 0x0000000085f00000|  0%| F|  |TAMS 0x0000000085e00000, 0x0000000085e00000| Untracked 
|  95|0x0000000085f00000, 0x0000000085f00000, 0x0000000086000000|  0%| F|  |TAMS 0x0000000085f00000, 0x0000000085f00000| Untracked 
|  96|0x0000000086000000, 0x0000000086000000, 0x0000000086100000|  0%| F|  |TAMS 0x0000000086000000, 0x0000000086000000| Untracked 
|  97|0x0000000086100000, 0x0000000086100000, 0x0000000086200000|  0%| F|  |TAMS 0x0000000086100000, 0x0000000086100000| Untracked 
|  98|0x0000000086200000, 0x0000000086200000, 0x0000000086300000|  0%| F|  |TAMS 0x0000000086200000, 0x0000000086200000| Untracked 
|  99|0x0000000086300000, 0x0000000086300000, 0x0000000086400000|  0%| F|  |TAMS 0x0000000086300000, 0x0000000086300000| Untracked 
| 100|0x0000000086400000, 0x0000000086400000, 0x0000000086500000|  0%| F|  |TAMS 0x0000000086400000, 0x0000000086400000| Untracked 
| 101|0x0000000086500000, 0x0000000086500000, 0x0000000086600000|  0%| F|  |TAMS 0x0000000086500000, 0x0000000086500000| Untracked 
| 102|0x0000000086600000, 0x0000000086600000, 0x0000000086700000|  0%| F|  |TAMS 0x0000000086600000, 0x0000000086600000| Untracked 
| 103|0x0000000086700000, 0x0000000086700000, 0x0000000086800000|  0%| F|  |TAMS 0x0000000086700000, 0x0000000086700000| Untracked 
| 104|0x0000000086800000, 0x0000000086800000, 0x0000000086900000|  0%| F|  |TAMS 0x0000000086800000, 0x0000000086800000| Untracked 
| 105|0x0000000086900000, 0x0000000086900000, 0x0000000086a00000|  0%| F|  |TAMS 0x0000000086900000, 0x0000000086900000| Untracked 
| 106|0x0000000086a00000, 0x0000000086a00000, 0x0000000086b00000|  0%| F|  |TAMS 0x0000000086a00000, 0x0000000086a00000| Untracked 
| 107|0x0000000086b00000, 0x0000000086b00000, 0x0000000086c00000|  0%| F|  |TAMS 0x0000000086b00000, 0x0000000086b00000| Untracked 
| 108|0x0000000086c00000, 0x0000000086c00000, 0x0000000086d00000|  0%| F|  |TAMS 0x0000000086c00000, 0x0000000086c00000| Untracked 
| 109|0x0000000086d00000, 0x0000000086d00000, 0x0000000086e00000|  0%| F|  |TAMS 0x0000000086d00000, 0x0000000086d00000| Untracked 
| 110|0x0000000086e00000, 0x0000000086e00000, 0x0000000086f00000|  0%| F|  |TAMS 0x0000000086e00000, 0x0000000086e00000| Untracked 
| 111|0x0000000086f00000, 0x0000000086f00000, 0x0000000087000000|  0%| F|  |TAMS 0x0000000086f00000, 0x0000000086f00000| Untracked 
| 112|0x0000000087000000, 0x0000000087000000, 0x0000000087100000|  0%| F|  |TAMS 0x0000000087000000, 0x0000000087000000| Untracked 
| 113|0x0000000087100000, 0x0000000087100000, 0x0000000087200000|  0%| F|  |TAMS 0x0000000087100000, 0x0000000087100000| Untracked 
| 114|0x0000000087200000, 0x0000000087200000, 0x0000000087300000|  0%| F|  |TAMS 0x0000000087200000, 0x0000000087200000| Untracked 
| 115|0x0000000087300000, 0x0000000087300000, 0x0000000087400000|  0%| F|  |TAMS 0x0000000087300000, 0x0000000087300000| Untracked 
| 116|0x0000000087400000, 0x0000000087400000, 0x0000000087500000|  0%| F|  |TAMS 0x0000000087400000, 0x0000000087400000| Untracked 
| 117|0x0000000087500000, 0x0000000087500000, 0x0000000087600000|  0%| F|  |TAMS 0x0000000087500000, 0x0000000087500000| Untracked 
| 118|0x0000000087600000, 0x0000000087600000, 0x0000000087700000|  0%| F|  |TAMS 0x0000000087600000, 0x0000000087600000| Untracked 
| 119|0x0000000087700000, 0x0000000087700000, 0x0000000087800000|  0%| F|  |TAMS 0x0000000087700000, 0x0000000087700000| Untracked 
| 120|0x0000000087800000, 0x0000000087800000, 0x0000000087900000|  0%| F|  |TAMS 0x0000000087800000, 0x0000000087800000| Untracked 
| 121|0x0000000087900000, 0x0000000087900000, 0x0000000087a00000|  0%| F|  |TAMS 0x0000000087900000, 0x0000000087900000| Untracked 
| 122|0x0000000087a00000, 0x0000000087a00000, 0x0000000087b00000|  0%| F|  |TAMS 0x0000000087a00000, 0x0000000087a00000| Untracked 
| 123|0x0000000087b00000, 0x0000000087b00000, 0x0000000087c00000|  0%| F|  |TAMS 0x0000000087b00000, 0x0000000087b00000| Untracked 
| 124|0x0000000087c00000, 0x0000000087c00000, 0x0000000087d00000|  0%| F|  |TAMS 0x0000000087c00000, 0x0000000087c00000| Untracked 
| 125|0x0000000087d00000, 0x0000000087d00000, 0x0000000087e00000|  0%| F|  |TAMS 0x0000000087d00000, 0x0000000087d00000| Untracked 
| 126|0x0000000087e00000, 0x0000000087e00000, 0x0000000087f00000|  0%| F|  |TAMS 0x0000000087e00000, 0x0000000087e00000| Untracked 
| 127|0x0000000087f00000, 0x0000000087f00000, 0x0000000088000000|  0%| F|  |TAMS 0x0000000087f00000, 0x0000000087f00000| Untracked 
| 128|0x0000000088000000, 0x000000008808b4e0, 0x0000000088100000| 54%| S|CS|TAMS 0x0000000088000000, 0x0000000088000000| Complete 
| 129|0x0000000088100000, 0x0000000088200000, 0x0000000088200000|100%| S|CS|TAMS 0x0000000088100000, 0x0000000088100000| Complete 
| 130|0x0000000088200000, 0x0000000088300000, 0x0000000088300000|100%| S|CS|TAMS 0x0000000088200000, 0x0000000088200000| Complete 
| 131|0x0000000088300000, 0x0000000088400000, 0x0000000088400000|100%| S|CS|TAMS 0x0000000088300000, 0x0000000088300000| Complete 
| 132|0x0000000088400000, 0x0000000088500000, 0x0000000088500000|100%| S|CS|TAMS 0x0000000088400000, 0x0000000088400000| Complete 
| 133|0x0000000088500000, 0x0000000088600000, 0x0000000088600000|100%| S|CS|TAMS 0x0000000088500000, 0x0000000088500000| Complete 
| 134|0x0000000088600000, 0x0000000088700000, 0x0000000088700000|100%| S|CS|TAMS 0x0000000088600000, 0x0000000088600000| Complete 
| 135|0x0000000088700000, 0x0000000088800000, 0x0000000088800000|100%| S|CS|TAMS 0x0000000088700000, 0x0000000088700000| Complete 
| 136|0x0000000088800000, 0x0000000088900000, 0x0000000088900000|100%| S|CS|TAMS 0x0000000088800000, 0x0000000088800000| Complete 
| 137|0x0000000088900000, 0x0000000088a00000, 0x0000000088a00000|100%| S|CS|TAMS 0x0000000088900000, 0x0000000088900000| Complete 
| 138|0x0000000088a00000, 0x0000000088a00000, 0x0000000088b00000|  0%| F|  |TAMS 0x0000000088a00000, 0x0000000088a00000| Untracked 
| 139|0x0000000088b00000, 0x0000000088b00000, 0x0000000088c00000|  0%| F|  |TAMS 0x0000000088b00000, 0x0000000088b00000| Untracked 
| 140|0x0000000088c00000, 0x0000000088c00000, 0x0000000088d00000|  0%| F|  |TAMS 0x0000000088c00000, 0x0000000088c00000| Untracked 
| 141|0x0000000088d00000, 0x0000000088d00000, 0x0000000088e00000|  0%| F|  |TAMS 0x0000000088d00000, 0x0000000088d00000| Untracked 
| 142|0x0000000088e00000, 0x0000000088e00000, 0x0000000088f00000|  0%| F|  |TAMS 0x0000000088e00000, 0x0000000088e00000| Untracked 
| 143|0x0000000088f00000, 0x0000000088f00000, 0x0000000089000000|  0%| F|  |TAMS 0x0000000088f00000, 0x0000000088f00000| Untracked 
| 144|0x0000000089000000, 0x0000000089000000, 0x0000000089100000|  0%| F|  |TAMS 0x0000000089000000, 0x0000000089000000| Untracked 
| 145|0x0000000089100000, 0x0000000089100000, 0x0000000089200000|  0%| F|  |TAMS 0x0000000089100000, 0x0000000089100000| Untracked 
| 146|0x0000000089200000, 0x0000000089200000, 0x0000000089300000|  0%| F|  |TAMS 0x0000000089200000, 0x0000000089200000| Untracked 
| 147|0x0000000089300000, 0x0000000089300000, 0x0000000089400000|  0%| F|  |TAMS 0x0000000089300000, 0x0000000089300000| Untracked 
| 148|0x0000000089400000, 0x0000000089400000, 0x0000000089500000|  0%| F|  |TAMS 0x0000000089400000, 0x0000000089400000| Untracked 
| 149|0x0000000089500000, 0x0000000089500000, 0x0000000089600000|  0%| F|  |TAMS 0x0000000089500000, 0x0000000089500000| Untracked 
| 150|0x0000000089600000, 0x0000000089600000, 0x0000000089700000|  0%| F|  |TAMS 0x0000000089600000, 0x0000000089600000| Untracked 
| 151|0x0000000089700000, 0x0000000089800000, 0x0000000089800000|100%| S|CS|TAMS 0x0000000089700000, 0x0000000089700000| Complete 
| 152|0x0000000089800000, 0x0000000089900000, 0x0000000089900000|100%| S|CS|TAMS 0x0000000089800000, 0x0000000089800000| Complete 
| 153|0x0000000089900000, 0x0000000089a00000, 0x0000000089a00000|100%| S|CS|TAMS 0x0000000089900000, 0x0000000089900000| Complete 
| 154|0x0000000089a00000, 0x0000000089b00000, 0x0000000089b00000|100%| S|CS|TAMS 0x0000000089a00000, 0x0000000089a00000| Complete 
| 155|0x0000000089b00000, 0x0000000089b00000, 0x0000000089c00000|  0%| F|  |TAMS 0x0000000089b00000, 0x0000000089b00000| Untracked 
| 156|0x0000000089c00000, 0x0000000089c00000, 0x0000000089d00000|  0%| F|  |TAMS 0x0000000089c00000, 0x0000000089c00000| Untracked 
| 157|0x0000000089d00000, 0x0000000089d00000, 0x0000000089e00000|  0%| F|  |TAMS 0x0000000089d00000, 0x0000000089d00000| Untracked 
| 158|0x0000000089e00000, 0x0000000089e00000, 0x0000000089f00000|  0%| F|  |TAMS 0x0000000089e00000, 0x0000000089e00000| Untracked 
| 159|0x0000000089f00000, 0x0000000089f00000, 0x000000008a000000|  0%| F|  |TAMS 0x0000000089f00000, 0x0000000089f00000| Untracked 
| 160|0x000000008a000000, 0x000000008a000000, 0x000000008a100000|  0%| F|  |TAMS 0x000000008a000000, 0x000000008a000000| Untracked 
| 161|0x000000008a100000, 0x000000008a100000, 0x000000008a200000|  0%| F|  |TAMS 0x000000008a100000, 0x000000008a100000| Untracked 
| 162|0x000000008a200000, 0x000000008a200000, 0x000000008a300000|  0%| F|  |TAMS 0x000000008a200000, 0x000000008a200000| Untracked 
| 163|0x000000008a300000, 0x000000008a300000, 0x000000008a400000|  0%| F|  |TAMS 0x000000008a300000, 0x000000008a300000| Untracked 
| 164|0x000000008a400000, 0x000000008a400000, 0x000000008a500000|  0%| F|  |TAMS 0x000000008a400000, 0x000000008a400000| Untracked 
| 165|0x000000008a500000, 0x000000008a500000, 0x000000008a600000|  0%| F|  |TAMS 0x000000008a500000, 0x000000008a500000| Untracked 
| 166|0x000000008a600000, 0x000000008a600000, 0x000000008a700000|  0%| F|  |TAMS 0x000000008a600000, 0x000000008a600000| Untracked 
| 167|0x000000008a700000, 0x000000008a700000, 0x000000008a800000|  0%| F|  |TAMS 0x000000008a700000, 0x000000008a700000| Untracked 
| 168|0x000000008a800000, 0x000000008a800000, 0x000000008a900000|  0%| F|  |TAMS 0x000000008a800000, 0x000000008a800000| Untracked 
| 169|0x000000008a900000, 0x000000008a900000, 0x000000008aa00000|  0%| F|  |TAMS 0x000000008a900000, 0x000000008a900000| Untracked 
| 170|0x000000008aa00000, 0x000000008aa00000, 0x000000008ab00000|  0%| F|  |TAMS 0x000000008aa00000, 0x000000008aa00000| Untracked 
| 171|0x000000008ab00000, 0x000000008ab00000, 0x000000008ac00000|  0%| F|  |TAMS 0x000000008ab00000, 0x000000008ab00000| Untracked 
| 172|0x000000008ac00000, 0x000000008ac00000, 0x000000008ad00000|  0%| F|  |TAMS 0x000000008ac00000, 0x000000008ac00000| Untracked 
| 173|0x000000008ad00000, 0x000000008ad00000, 0x000000008ae00000|  0%| F|  |TAMS 0x000000008ad00000, 0x000000008ad00000| Untracked 
| 174|0x000000008ae00000, 0x000000008ae00000, 0x000000008af00000|  0%| F|  |TAMS 0x000000008ae00000, 0x000000008ae00000| Untracked 
| 175|0x000000008af00000, 0x000000008af00000, 0x000000008b000000|  0%| F|  |TAMS 0x000000008af00000, 0x000000008af00000| Untracked 
| 176|0x000000008b000000, 0x000000008b000000, 0x000000008b100000|  0%| F|  |TAMS 0x000000008b000000, 0x000000008b000000| Untracked 
| 177|0x000000008b100000, 0x000000008b100000, 0x000000008b200000|  0%| F|  |TAMS 0x000000008b100000, 0x000000008b100000| Untracked 
| 178|0x000000008b200000, 0x000000008b200000, 0x000000008b300000|  0%| F|  |TAMS 0x000000008b200000, 0x000000008b200000| Untracked 
| 179|0x000000008b300000, 0x000000008b300000, 0x000000008b400000|  0%| F|  |TAMS 0x000000008b300000, 0x000000008b300000| Untracked 
| 180|0x000000008b400000, 0x000000008b400000, 0x000000008b500000|  0%| F|  |TAMS 0x000000008b400000, 0x000000008b400000| Untracked 
| 181|0x000000008b500000, 0x000000008b500000, 0x000000008b600000|  0%| F|  |TAMS 0x000000008b500000, 0x000000008b500000| Untracked 
| 182|0x000000008b600000, 0x000000008b600000, 0x000000008b700000|  0%| F|  |TAMS 0x000000008b600000, 0x000000008b600000| Untracked 
| 183|0x000000008b700000, 0x000000008b700000, 0x000000008b800000|  0%| F|  |TAMS 0x000000008b700000, 0x000000008b700000| Untracked 
| 184|0x000000008b800000, 0x000000008b800000, 0x000000008b900000|  0%| F|  |TAMS 0x000000008b800000, 0x000000008b800000| Untracked 
| 185|0x000000008b900000, 0x000000008b900000, 0x000000008ba00000|  0%| F|  |TAMS 0x000000008b900000, 0x000000008b900000| Untracked 
| 186|0x000000008ba00000, 0x000000008ba00000, 0x000000008bb00000|  0%| F|  |TAMS 0x000000008ba00000, 0x000000008ba00000| Untracked 
| 187|0x000000008bb00000, 0x000000008bb00000, 0x000000008bc00000|  0%| F|  |TAMS 0x000000008bb00000, 0x000000008bb00000| Untracked 
| 188|0x000000008bc00000, 0x000000008bc00000, 0x000000008bd00000|  0%| F|  |TAMS 0x000000008bc00000, 0x000000008bc00000| Untracked 
| 189|0x000000008bd00000, 0x000000008bd00000, 0x000000008be00000|  0%| F|  |TAMS 0x000000008bd00000, 0x000000008bd00000| Untracked 
| 190|0x000000008be00000, 0x000000008be00000, 0x000000008bf00000|  0%| F|  |TAMS 0x000000008be00000, 0x000000008be00000| Untracked 
| 191|0x000000008bf00000, 0x000000008bf00000, 0x000000008c000000|  0%| F|  |TAMS 0x000000008bf00000, 0x000000008bf00000| Untracked 
| 192|0x000000008c000000, 0x000000008c000000, 0x000000008c100000|  0%| F|  |TAMS 0x000000008c000000, 0x000000008c000000| Untracked 
| 193|0x000000008c100000, 0x000000008c100000, 0x000000008c200000|  0%| F|  |TAMS 0x000000008c100000, 0x000000008c100000| Untracked 
| 194|0x000000008c200000, 0x000000008c200000, 0x000000008c300000|  0%| F|  |TAMS 0x000000008c200000, 0x000000008c200000| Untracked 
| 195|0x000000008c300000, 0x000000008c300000, 0x000000008c400000|  0%| F|  |TAMS 0x000000008c300000, 0x000000008c300000| Untracked 
| 196|0x000000008c400000, 0x000000008c400000, 0x000000008c500000|  0%| F|  |TAMS 0x000000008c400000, 0x000000008c400000| Untracked 
| 197|0x000000008c500000, 0x000000008c500000, 0x000000008c600000|  0%| F|  |TAMS 0x000000008c500000, 0x000000008c500000| Untracked 
| 198|0x000000008c600000, 0x000000008c600000, 0x000000008c700000|  0%| F|  |TAMS 0x000000008c600000, 0x000000008c600000| Untracked 
| 199|0x000000008c700000, 0x000000008c700000, 0x000000008c800000|  0%| F|  |TAMS 0x000000008c700000, 0x000000008c700000| Untracked 
| 200|0x000000008c800000, 0x000000008c800000, 0x000000008c900000|  0%| F|  |TAMS 0x000000008c800000, 0x000000008c800000| Untracked 
| 201|0x000000008c900000, 0x000000008c900000, 0x000000008ca00000|  0%| F|  |TAMS 0x000000008c900000, 0x000000008c900000| Untracked 
| 202|0x000000008ca00000, 0x000000008ca00000, 0x000000008cb00000|  0%| F|  |TAMS 0x000000008ca00000, 0x000000008ca00000| Untracked 
| 203|0x000000008cb00000, 0x000000008cb00000, 0x000000008cc00000|  0%| F|  |TAMS 0x000000008cb00000, 0x000000008cb00000| Untracked 
| 204|0x000000008cc00000, 0x000000008cc00000, 0x000000008cd00000|  0%| F|  |TAMS 0x000000008cc00000, 0x000000008cc00000| Untracked 
| 205|0x000000008cd00000, 0x000000008cd00000, 0x000000008ce00000|  0%| F|  |TAMS 0x000000008cd00000, 0x000000008cd00000| Untracked 
| 206|0x000000008ce00000, 0x000000008ce00000, 0x000000008cf00000|  0%| F|  |TAMS 0x000000008ce00000, 0x000000008ce00000| Untracked 
| 207|0x000000008cf00000, 0x000000008cf00000, 0x000000008d000000|  0%| F|  |TAMS 0x000000008cf00000, 0x000000008cf00000| Untracked 
| 208|0x000000008d000000, 0x000000008d000000, 0x000000008d100000|  0%| F|  |TAMS 0x000000008d000000, 0x000000008d000000| Untracked 
| 209|0x000000008d100000, 0x000000008d100000, 0x000000008d200000|  0%| F|  |TAMS 0x000000008d100000, 0x000000008d100000| Untracked 
| 210|0x000000008d200000, 0x000000008d200000, 0x000000008d300000|  0%| F|  |TAMS 0x000000008d200000, 0x000000008d200000| Untracked 
| 211|0x000000008d300000, 0x000000008d300000, 0x000000008d400000|  0%| F|  |TAMS 0x000000008d300000, 0x000000008d300000| Untracked 
| 212|0x000000008d400000, 0x000000008d400000, 0x000000008d500000|  0%| F|  |TAMS 0x000000008d400000, 0x000000008d400000| Untracked 
| 213|0x000000008d500000, 0x000000008d500000, 0x000000008d600000|  0%| F|  |TAMS 0x000000008d500000, 0x000000008d500000| Untracked 
| 214|0x000000008d600000, 0x000000008d600000, 0x000000008d700000|  0%| F|  |TAMS 0x000000008d600000, 0x000000008d600000| Untracked 
| 215|0x000000008d700000, 0x000000008d700000, 0x000000008d800000|  0%| F|  |TAMS 0x000000008d700000, 0x000000008d700000| Untracked 
| 216|0x000000008d800000, 0x000000008d800000, 0x000000008d900000|  0%| F|  |TAMS 0x000000008d800000, 0x000000008d800000| Untracked 
| 217|0x000000008d900000, 0x000000008d900000, 0x000000008da00000|  0%| F|  |TAMS 0x000000008d900000, 0x000000008d900000| Untracked 
| 218|0x000000008da00000, 0x000000008da00000, 0x000000008db00000|  0%| F|  |TAMS 0x000000008da00000, 0x000000008da00000| Untracked 
| 219|0x000000008db00000, 0x000000008db00000, 0x000000008dc00000|  0%| F|  |TAMS 0x000000008db00000, 0x000000008db00000| Untracked 
| 220|0x000000008dc00000, 0x000000008dc00000, 0x000000008dd00000|  0%| F|  |TAMS 0x000000008dc00000, 0x000000008dc00000| Untracked 
| 221|0x000000008dd00000, 0x000000008dd00000, 0x000000008de00000|  0%| F|  |TAMS 0x000000008dd00000, 0x000000008dd00000| Untracked 
| 222|0x000000008de00000, 0x000000008de00000, 0x000000008df00000|  0%| F|  |TAMS 0x000000008de00000, 0x000000008de00000| Untracked 
| 223|0x000000008df00000, 0x000000008df00000, 0x000000008e000000|  0%| F|  |TAMS 0x000000008df00000, 0x000000008df00000| Untracked 
| 224|0x000000008e000000, 0x000000008e000000, 0x000000008e100000|  0%| F|  |TAMS 0x000000008e000000, 0x000000008e000000| Untracked 
| 225|0x000000008e100000, 0x000000008e100000, 0x000000008e200000|  0%| F|  |TAMS 0x000000008e100000, 0x000000008e100000| Untracked 
| 226|0x000000008e200000, 0x000000008e200000, 0x000000008e300000|  0%| F|  |TAMS 0x000000008e200000, 0x000000008e200000| Untracked 
| 227|0x000000008e300000, 0x000000008e300000, 0x000000008e400000|  0%| F|  |TAMS 0x000000008e300000, 0x000000008e300000| Untracked 
| 228|0x000000008e400000, 0x000000008e400000, 0x000000008e500000|  0%| F|  |TAMS 0x000000008e400000, 0x000000008e400000| Untracked 
| 229|0x000000008e500000, 0x000000008e500000, 0x000000008e600000|  0%| F|  |TAMS 0x000000008e500000, 0x000000008e500000| Untracked 
| 230|0x000000008e600000, 0x000000008e600000, 0x000000008e700000|  0%| F|  |TAMS 0x000000008e600000, 0x000000008e600000| Untracked 
| 231|0x000000008e700000, 0x000000008e700000, 0x000000008e800000|  0%| F|  |TAMS 0x000000008e700000, 0x000000008e700000| Untracked 
| 232|0x000000008e800000, 0x000000008e800000, 0x000000008e900000|  0%| F|  |TAMS 0x000000008e800000, 0x000000008e800000| Untracked 
| 233|0x000000008e900000, 0x000000008e900000, 0x000000008ea00000|  0%| F|  |TAMS 0x000000008e900000, 0x000000008e900000| Untracked 
| 234|0x000000008ea00000, 0x000000008ea00000, 0x000000008eb00000|  0%| F|  |TAMS 0x000000008ea00000, 0x000000008ea00000| Untracked 
| 235|0x000000008eb00000, 0x000000008eb00000, 0x000000008ec00000|  0%| F|  |TAMS 0x000000008eb00000, 0x000000008eb00000| Untracked 
| 236|0x000000008ec00000, 0x000000008ec00000, 0x000000008ed00000|  0%| F|  |TAMS 0x000000008ec00000, 0x000000008ec00000| Untracked 
| 237|0x000000008ed00000, 0x000000008ed00000, 0x000000008ee00000|  0%| F|  |TAMS 0x000000008ed00000, 0x000000008ed00000| Untracked 
| 238|0x000000008ee00000, 0x000000008ee00000, 0x000000008ef00000|  0%| F|  |TAMS 0x000000008ee00000, 0x000000008ee00000| Untracked 
| 239|0x000000008ef00000, 0x000000008ef00000, 0x000000008f000000|  0%| F|  |TAMS 0x000000008ef00000, 0x000000008ef00000| Untracked 
| 240|0x000000008f000000, 0x000000008f000000, 0x000000008f100000|  0%| F|  |TAMS 0x000000008f000000, 0x000000008f000000| Untracked 
| 241|0x000000008f100000, 0x000000008f100000, 0x000000008f200000|  0%| F|  |TAMS 0x000000008f100000, 0x000000008f100000| Untracked 
| 242|0x000000008f200000, 0x000000008f200000, 0x000000008f300000|  0%| F|  |TAMS 0x000000008f200000, 0x000000008f200000| Untracked 
| 243|0x000000008f300000, 0x000000008f300000, 0x000000008f400000|  0%| F|  |TAMS 0x000000008f300000, 0x000000008f300000| Untracked 
| 244|0x000000008f400000, 0x000000008f400000, 0x000000008f500000|  0%| F|  |TAMS 0x000000008f400000, 0x000000008f400000| Untracked 
| 245|0x000000008f500000, 0x000000008f500000, 0x000000008f600000|  0%| F|  |TAMS 0x000000008f500000, 0x000000008f500000| Untracked 
| 246|0x000000008f600000, 0x000000008f600000, 0x000000008f700000|  0%| F|  |TAMS 0x000000008f600000, 0x000000008f600000| Untracked 
| 247|0x000000008f700000, 0x000000008f700000, 0x000000008f800000|  0%| F|  |TAMS 0x000000008f700000, 0x000000008f700000| Untracked 
| 248|0x000000008f800000, 0x000000008f800000, 0x000000008f900000|  0%| F|  |TAMS 0x000000008f800000, 0x000000008f800000| Untracked 
| 249|0x000000008f900000, 0x000000008f900000, 0x000000008fa00000|  0%| F|  |TAMS 0x000000008f900000, 0x000000008f900000| Untracked 
| 250|0x000000008fa00000, 0x000000008fa00000, 0x000000008fb00000|  0%| F|  |TAMS 0x000000008fa00000, 0x000000008fa00000| Untracked 
| 251|0x000000008fb00000, 0x000000008fb00000, 0x000000008fc00000|  0%| F|  |TAMS 0x000000008fb00000, 0x000000008fb00000| Untracked 
| 252|0x000000008fc00000, 0x000000008fc00000, 0x000000008fd00000|  0%| F|  |TAMS 0x000000008fc00000, 0x000000008fc00000| Untracked 
| 253|0x000000008fd00000, 0x000000008fd72690, 0x000000008fe00000| 44%| E|  |TAMS 0x000000008fd00000, 0x000000008fd00000| Complete 

Card table byte_map: [0x000001f352410000,0x000001f352810000] _byte_map_base: 0x000001f352010000

Marking Bits (Prev, Next): (CMBitMap*) 0x000001f33f224090, (CMBitMap*) 0x000001f33f224058
 Prev Bits: [0x000001f354c10000, 0x000001f356c10000)
 Next Bits: [0x000001f352c10000, 0x000001f354c10000)

Polling page: 0x000001f33d1f0000

Metaspace:

Usage:
  Non-class:     71.36 MB capacity,    70.28 MB ( 98%) used,   902.51 KB (  1%) free+waste,   209.81 KB ( <1%) overhead. 
      Class:     11.20 MB capacity,    10.52 MB ( 94%) used,   601.26 KB (  5%) free+waste,    96.94 KB ( <1%) overhead. 
       Both:     82.56 MB capacity,    80.79 MB ( 98%) used,     1.47 MB (  2%) free+waste,   306.75 KB ( <1%) overhead. 

Virtual space:
  Non-class space:       72.00 MB reserved,      71.45 MB (>99%) committed 
      Class space:        1.00 GB reserved,      11.25 MB (  1%) committed 
             Both:        1.07 GB reserved,      82.70 MB (  8%) committed 

Chunk freelists:
   Non-Class:  26.00 KB
       Class:  0 bytes
        Both:  26.00 KB

MaxMetaspaceSize: 17179869184.00 GB
CompressedClassSpaceSize: 1.00 GB

CodeHeap 'non-profiled nmethods': size=120000Kb used=4704Kb max_used=4704Kb free=115295Kb
 bounds [0x000001f34a7b0000, 0x000001f34ac50000, 0x000001f351ce0000]
CodeHeap 'profiled nmethods': size=120000Kb used=17458Kb max_used=17458Kb free=102541Kb
 bounds [0x000001f343280000, 0x000001f344390000, 0x000001f34a7b0000]
CodeHeap 'non-nmethods': size=5760Kb used=2277Kb max_used=2345Kb free=3482Kb
 bounds [0x000001f342ce0000, 0x000001f342f50000, 0x000001f343280000]
 total_blobs=9047 nmethods=8170 adapters=788
 compilation: enabled
              stopped_count=0, restarted_count=0
 full_count=0

Compilation events (20 events):
Event: 16.879 Thread 0x000001f359f36800 nmethod 8236 0x000001f34438a710 code [0x000001f34438a8c0, 0x000001f34438a9b8]
Event: 16.881 Thread 0x000001f359f36800 8238       2       org.gradle.internal.service.DefaultServiceRegistry$ClassInspector::<init> (5 bytes)
Event: 16.881 Thread 0x000001f359f36800 nmethod 8238 0x000001f34438aa90 code [0x000001f34438ac40, 0x000001f34438adf8]
Event: 16.881 Thread 0x000001f359f36800 8239       2       org.gradle.internal.service.DefaultServiceRegistry$ClassInspector::<init> (16 bytes)
Event: 16.881 Thread 0x000001f359f36800 nmethod 8239 0x000001f34438af10 code [0x000001f34438b0c0, 0x000001f34438b278]
Event: 16.881 Thread 0x000001f359f36800 8240       1       java.lang.ClassLoader::getName (5 bytes)
Event: 16.881 Thread 0x000001f359f36800 nmethod 8240 0x000001f34ac35f10 code [0x000001f34ac360c0, 0x000001f34ac36178]
Event: 16.882 Thread 0x000001f359f36800 8241       2       org.gradle.internal.service.DefaultServiceRegistry::<init> (9 bytes)
Event: 16.882 Thread 0x000001f359f36800 nmethod 8241 0x000001f34438b310 code [0x000001f34438b4c0, 0x000001f34438b5e8]
Event: 16.896 Thread 0x000001f359f36800 8242       2       java.lang.Thread::checkAccess (14 bytes)
Event: 16.896 Thread 0x000001f359f36800 nmethod 8242 0x000001f34438b690 code [0x000001f34438b840, 0x000001f34438b988]
Event: 16.898 Thread 0x000001f359f36800 8243       2       java.util.AbstractCollection::remove (67 bytes)
Event: 16.898 Thread 0x000001f359f36800 nmethod 8243 0x000001f34438ba90 code [0x000001f34438bcc0, 0x000001f34438c058]
Event: 16.903 Thread 0x000001f359f36800 8244       2       org.gradle.internal.serialize.kryo.KryoBackedEncoder::writeSmallInt (11 bytes)
Event: 16.903 Thread 0x000001f359f36800 nmethod 8244 0x000001f34438c210 code [0x000001f34438c3c0, 0x000001f34438c4e8]
Event: 16.905 Thread 0x000001f359f36800 8245       1       org.gradle.api.internal.project.DefaultProject::getServices (5 bytes)
Event: 16.905 Thread 0x000001f359f36800 nmethod 8245 0x000001f34ac36210 code [0x000001f34ac363c0, 0x000001f34ac36478]
Event: 16.968 Thread 0x000001f359f36800 8246       2       com.google.common.cache.LocalCache::createSegment (13 bytes)
Event: 16.970 Thread 0x000001f359f36800 nmethod 8246 0x000001f34438c610 code [0x000001f34438c7c0, 0x000001f34438c968]
Event: 16.970 Thread 0x000001f359f36800 8247       2       com.google.common.cache.LocalCache$Segment::<init> (163 bytes)

GC Heap History (20 events):
Event: 2.394 GC heap before
{Heap before GC invocations=1 (full 0):
 garbage-first heap   total 260096K, used 84158K [0x0000000080000000, 0x0000000100000000)
  region size 1024K, 76 young (77824K), 3 survivors (3072K)
 Metaspace       used 17640K, capacity 18001K, committed 18176K, reserved 1064960K
  class space    used 2102K, capacity 2221K, committed 2304K, reserved 1048576K
}
Event: 2.404 GC heap after
{Heap after GC invocations=2 (full 0):
 garbage-first heap   total 260096K, used 16109K [0x0000000080000000, 0x0000000100000000)
  region size 1024K, 10 young (10240K), 10 survivors (10240K)
 Metaspace       used 17640K, capacity 18001K, committed 18176K, reserved 1064960K
  class space    used 2102K, capacity 2221K, committed 2304K, reserved 1048576K
}
Event: 2.736 GC heap before
{Heap before GC invocations=2 (full 0):
 garbage-first heap   total 260096K, used 39661K [0x0000000080000000, 0x0000000100000000)
  region size 1024K, 34 young (34816K), 10 survivors (10240K)
 Metaspace       used 20645K, capacity 21091K, committed 21248K, reserved 1067008K
  class space    used 2546K, capacity 2697K, committed 2816K, reserved 1048576K
}
Event: 2.747 GC heap after
{Heap after GC invocations=3 (full 0):
 garbage-first heap   total 260096K, used 17068K [0x0000000080000000, 0x0000000100000000)
  region size 1024K, 2 young (2048K), 2 survivors (2048K)
 Metaspace       used 20645K, capacity 21091K, committed 21248K, reserved 1067008K
  class space    used 2546K, capacity 2697K, committed 2816K, reserved 1048576K
}
Event: 4.114 GC heap before
{Heap before GC invocations=4 (full 0):
 garbage-first heap   total 260096K, used 100012K [0x0000000080000000, 0x0000000100000000)
  region size 1024K, 83 young (84992K), 2 survivors (2048K)
 Metaspace       used 28675K, capacity 29306K, committed 29440K, reserved 1075200K
  class space    used 3828K, capacity 4062K, committed 4096K, reserved 1048576K
}
Event: 4.120 GC heap after
{Heap after GC invocations=5 (full 0):
 garbage-first heap   total 260096K, used 19655K [0x0000000080000000, 0x0000000100000000)
  region size 1024K, 4 young (4096K), 4 survivors (4096K)
 Metaspace       used 28675K, capacity 29306K, committed 29440K, reserved 1075200K
  class space    used 3828K, capacity 4062K, committed 4096K, reserved 1048576K
}
Event: 4.840 GC heap before
{Heap before GC invocations=5 (full 0):
 garbage-first heap   total 260096K, used 49351K [0x0000000080000000, 0x0000000100000000)
  region size 1024K, 34 young (34816K), 4 survivors (4096K)
 Metaspace       used 35004K, capacity 35785K, committed 35840K, reserved 1081344K
  class space    used 4557K, capacity 4863K, committed 4864K, reserved 1048576K
}
Event: 4.852 GC heap after
{Heap after GC invocations=6 (full 0):
 garbage-first heap   total 260096K, used 22450K [0x0000000080000000, 0x0000000100000000)
  region size 1024K, 7 young (7168K), 7 survivors (7168K)
 Metaspace       used 35004K, capacity 35785K, committed 35840K, reserved 1081344K
  class space    used 4557K, capacity 4863K, committed 4864K, reserved 1048576K
}
Event: 7.306 GC heap before
{Heap before GC invocations=7 (full 0):
 garbage-first heap   total 260096K, used 151474K [0x0000000080000000, 0x0000000100000000)
  region size 1024K, 130 young (133120K), 7 survivors (7168K)
 Metaspace       used 45286K, capacity 46358K, committed 46412K, reserved 1089536K
  class space    used 5815K, capacity 6240K, committed 6272K, reserved 1048576K
}
Event: 7.325 GC heap after
{Heap after GC invocations=8 (full 0):
 garbage-first heap   total 260096K, used 29641K [0x0000000080000000, 0x0000000100000000)
  region size 1024K, 14 young (14336K), 14 survivors (14336K)
 Metaspace       used 45286K, capacity 46358K, committed 46412K, reserved 1089536K
  class space    used 5815K, capacity 6240K, committed 6272K, reserved 1048576K
}
Event: 10.516 GC heap before
{Heap before GC invocations=8 (full 0):
 garbage-first heap   total 260096K, used 175049K [0x0000000080000000, 0x0000000100000000)
  region size 1024K, 148 young (151552K), 14 survivors (14336K)
 Metaspace       used 55207K, capacity 56521K, committed 56652K, reserved 1097728K
  class space    used 7005K, capacity 7496K, committed 7552K, reserved 1048576K
}
Event: 10.539 GC heap after
{Heap after GC invocations=9 (full 0):
 garbage-first heap   total 260096K, used 49577K [0x0000000080000000, 0x0000000100000000)
  region size 1024K, 19 young (19456K), 19 survivors (19456K)
 Metaspace       used 55207K, capacity 56521K, committed 56652K, reserved 1097728K
  class space    used 7005K, capacity 7496K, committed 7552K, reserved 1048576K
}
Event: 11.084 GC heap before
{Heap before GC invocations=9 (full 0):
 garbage-first heap   total 260096K, used 73129K [0x0000000080000000, 0x0000000100000000)
  region size 1024K, 43 young (44032K), 19 survivors (19456K)
 Metaspace       used 58771K, capacity 60154K, committed 60236K, reserved 1101824K
  class space    used 7475K, capacity 8023K, committed 8064K, reserved 1048576K
}
Event: 11.120 GC heap after
{Heap after GC invocations=10 (full 0):
 garbage-first heap   total 260096K, used 52669K [0x0000000080000000, 0x0000000100000000)
  region size 1024K, 3 young (3072K), 3 survivors (3072K)
 Metaspace       used 58771K, capacity 60154K, committed 60236K, reserved 1101824K
  class space    used 7475K, capacity 8023K, committed 8064K, reserved 1048576K
}
Event: 13.066 GC heap before
{Heap before GC invocations=11 (full 0):
 garbage-first heap   total 260096K, used 143805K [0x0000000080000000, 0x0000000100000000)
  region size 1024K, 92 young (94208K), 3 survivors (3072K)
 Metaspace       used 66933K, capacity 68481K, committed 68684K, reserved 1110016K
  class space    used 8487K, capacity 9076K, committed 9088K, reserved 1048576K
}
Event: 13.076 GC heap after
{Heap after GC invocations=12 (full 0):
 garbage-first heap   total 260096K, used 57216K [0x0000000080000000, 0x0000000100000000)
  region size 1024K, 8 young (8192K), 8 survivors (8192K)
 Metaspace       used 66933K, capacity 68481K, committed 68684K, reserved 1110016K
  class space    used 8487K, capacity 9076K, committed 9088K, reserved 1048576K
}
Event: 14.826 GC heap before
{Heap before GC invocations=12 (full 0):
 garbage-first heap   total 260096K, used 154496K [0x0000000080000000, 0x0000000100000000)
  region size 1024K, 103 young (105472K), 8 survivors (8192K)
 Metaspace       used 73141K, capacity 74767K, committed 74828K, reserved 1114112K
  class space    used 9448K, capacity 10056K, committed 10112K, reserved 1048576K
}
Event: 14.841 GC heap after
{Heap after GC invocations=13 (full 0):
 garbage-first heap   total 260096K, used 64330K [0x0000000080000000, 0x0000000100000000)
  region size 1024K, 13 young (13312K), 13 survivors (13312K)
 Metaspace       used 73141K, capacity 74767K, committed 74828K, reserved 1114112K
  class space    used 9448K, capacity 10056K, committed 10112K, reserved 1048576K
}
Event: 16.929 GC heap before
{Heap before GC invocations=13 (full 0):
 garbage-first heap   total 260096K, used 165706K [0x0000000080000000, 0x0000000100000000)
  region size 1024K, 112 young (114688K), 13 survivors (13312K)
 Metaspace       used 82716K, capacity 84541K, committed 84684K, reserved 1122304K
  class space    used 10767K, capacity 11469K, committed 11520K, reserved 1048576K
}
Event: 16.951 GC heap after
{Heap after GC invocations=14 (full 0):
 garbage-first heap   total 260096K, used 71208K [0x0000000080000000, 0x0000000100000000)
  region size 1024K, 14 young (14336K), 14 survivors (14336K)
 Metaspace       used 82716K, capacity 84541K, committed 84684K, reserved 1122304K
  class space    used 10767K, capacity 11469K, committed 11520K, reserved 1048576K
}

Deoptimization events (20 events):
Event: 16.454 Thread 0x000001f35cc72800 DEOPT PACKING pc=0x000001f34a896a18 sp=0x000000244f5f7160
Event: 16.454 Thread 0x000001f35cc72800 DEOPT UNPACKING pc=0x000001f342d0662f sp=0x000000244f5f70d8 mode 2
Event: 16.614 Thread 0x000001f35cc72800 DEOPT PACKING pc=0x000001f344262d3b sp=0x000000244f5f8dd0
Event: 16.614 Thread 0x000001f35cc72800 DEOPT UNPACKING pc=0x000001f342d06dde sp=0x000000244f5f8310 mode 0
Event: 16.918 Thread 0x000001f35a9b1800 Uncommon trap: trap_request=0xffffffc6 fr.pc=0x000001f34a903070 relative=0x0000000000000470
Event: 16.918 Thread 0x000001f35a9b1800 Uncommon trap: reason=bimorphic_or_optimized_type_check action=maybe_recompile pc=0x000001f34a903070 method=java.util.Spliterators$IteratorSpliterator.tryAdvance(Ljava/util/function/Consumer;)Z @ 50 c2
Event: 16.918 Thread 0x000001f35a9b1800 DEOPT PACKING pc=0x000001f34a903070 sp=0x00000024569fe6d0
Event: 16.918 Thread 0x000001f35a9b1800 DEOPT UNPACKING pc=0x000001f342d0662f sp=0x00000024569fe670 mode 2
Event: 16.918 Thread 0x000001f35a9b1800 Uncommon trap: trap_request=0xffffffc6 fr.pc=0x000001f34a903070 relative=0x0000000000000470
Event: 16.918 Thread 0x000001f35a9b1800 Uncommon trap: reason=bimorphic_or_optimized_type_check action=maybe_recompile pc=0x000001f34a903070 method=java.util.Spliterators$IteratorSpliterator.tryAdvance(Ljava/util/function/Consumer;)Z @ 50 c2
Event: 16.918 Thread 0x000001f35a9b1800 DEOPT PACKING pc=0x000001f34a903070 sp=0x00000024569fe6d0
Event: 16.918 Thread 0x000001f35a9b1800 DEOPT UNPACKING pc=0x000001f342d0662f sp=0x00000024569fe670 mode 2
Event: 16.919 Thread 0x000001f35a9b1800 Uncommon trap: trap_request=0xffffffc6 fr.pc=0x000001f34a903070 relative=0x0000000000000470
Event: 16.919 Thread 0x000001f35a9b1800 Uncommon trap: reason=bimorphic_or_optimized_type_check action=maybe_recompile pc=0x000001f34a903070 method=java.util.Spliterators$IteratorSpliterator.tryAdvance(Ljava/util/function/Consumer;)Z @ 50 c2
Event: 16.919 Thread 0x000001f35a9b1800 DEOPT PACKING pc=0x000001f34a903070 sp=0x00000024569fe6d0
Event: 16.919 Thread 0x000001f35a9b1800 DEOPT UNPACKING pc=0x000001f342d0662f sp=0x00000024569fe670 mode 2
Event: 16.919 Thread 0x000001f35a9b1800 Uncommon trap: trap_request=0xffffffc6 fr.pc=0x000001f34a903070 relative=0x0000000000000470
Event: 16.919 Thread 0x000001f35a9b1800 Uncommon trap: reason=bimorphic_or_optimized_type_check action=maybe_recompile pc=0x000001f34a903070 method=java.util.Spliterators$IteratorSpliterator.tryAdvance(Ljava/util/function/Consumer;)Z @ 50 c2
Event: 16.919 Thread 0x000001f35a9b1800 DEOPT PACKING pc=0x000001f34a903070 sp=0x00000024569fe6d0
Event: 16.919 Thread 0x000001f35a9b1800 DEOPT UNPACKING pc=0x000001f342d0662f sp=0x00000024569fe670 mode 2

Classes redefined (0 events):
No events

Internal exceptions (20 events):
Event: 14.651 Thread 0x000001f35cc72800 Exception <a 'java/lang/ClassNotFoundException'{0x000000008a651c78}: com/android/build/gradle/internal/api/ApkVariantOutputImpl_DecoratedCustomizer> (0x000000008a651c78) thrown at [./src/hotspot/share/classfile/systemDictionary.cpp, line 231]
Event: 14.699 Thread 0x000001f35cc72800 Exception <a 'java/lang/ClassNotFoundException'{0x000000008a449818}: com/android/build/gradle/internal/api/ReadOnlyBuildTypeBeanInfo> (0x000000008a449818) thrown at [./src/hotspot/share/classfile/systemDictionary.cpp, line 231]
Event: 14.699 Thread 0x000001f35cc72800 Exception <a 'java/lang/ClassNotFoundException'{0x000000008a464ab8}: com/android/build/gradle/internal/api/ReadOnlyBaseConfigBeanInfo> (0x000000008a464ab8) thrown at [./src/hotspot/share/classfile/systemDictionary.cpp, line 231]
Event: 14.700 Thread 0x000001f35cc72800 Exception <a 'java/lang/ClassNotFoundException'{0x000000008a4803e0}: com/android/build/gradle/internal/api/ReadOnlyBaseConfigCustomizer> (0x000000008a4803e0) thrown at [./src/hotspot/share/classfile/systemDictionary.cpp, line 231]
Event: 14.701 Thread 0x000001f35cc72800 Exception <a 'java/lang/ClassNotFoundException'{0x000000008a4abd90}: com/android/build/gradle/internal/api/ReadOnlyBuildTypeCustomizer> (0x000000008a4abd90) thrown at [./src/hotspot/share/classfile/systemDictionary.cpp, line 231]
Event: 14.905 Thread 0x000001f35cc72800 Implicit null exception at 0x000001f34ab048bf to 0x000001f34ab04ab8
Event: 15.414 Thread 0x000001f35cc72800 Implicit null exception at 0x000001f34abe7771 to 0x000001f34abe8c04
Event: 15.448 Thread 0x000001f35cc72800 Exception <a 'java/lang/NoSuchMethodError'{0x000000008df02a00}: 'java.lang.Object java.lang.invoke.Invokers$Holder.linkToTargetMethod(java.lang.Object, int, java.lang.Object)'> (0x000000008df02a00) thrown at [./src/hotspot/share/interpreter/linkResolver.cpp, line 773]
Event: 15.688 Thread 0x000001f35cc72800 Exception <a 'sun/nio/fs/WindowsException'{0x000000008d42c9a8}> (0x000000008d42c9a8) thrown at [./src/hotspot/share/prims/jni.cpp, line 615]
Event: 15.688 Thread 0x000001f35cc72800 Exception <a 'sun/nio/fs/WindowsException'{0x000000008d42cd80}> (0x000000008d42cd80) thrown at [./src/hotspot/share/prims/jni.cpp, line 615]
Event: 15.859 Thread 0x000001f35cc72800 Exception <a 'java/lang/NullPointerException'{0x000000008ca4a388}> (0x000000008ca4a388) thrown at [./src/hotspot/share/interpreter/linkResolver.cpp, line 1440]
Event: 15.982 Thread 0x000001f35cc72800 Implicit null exception at 0x000001f34abb002a to 0x000001f34abb8e20
Event: 16.229 Thread 0x000001f35cc72800 Exception <a 'java/lang/NoSuchMethodError'{0x000000008baff598}: 'int java.lang.invoke.DirectMethodHandle$Holder.invokeStatic(java.lang.Object, java.lang.Object, int, java.lang.Object)'> (0x000000008baff598) thrown at [./src/hotspot/share/interpreter/linkResolver.cpp, line 773]
Event: 16.329 Thread 0x000001f35cc72800 Exception <a 'sun/nio/fs/WindowsException'{0x000000008b839590}> (0x000000008b839590) thrown at [./src/hotspot/share/prims/jni.cpp, line 615]
Event: 16.329 Thread 0x000001f35cc72800 Exception <a 'sun/nio/fs/WindowsException'{0x000000008b83a920}> (0x000000008b83a920) thrown at [./src/hotspot/share/prims/jni.cpp, line 615]
Event: 16.329 Thread 0x000001f35cc72800 Exception <a 'sun/nio/fs/WindowsException'{0x000000008b83bce8}> (0x000000008b83bce8) thrown at [./src/hotspot/share/prims/jni.cpp, line 615]
Event: 16.330 Thread 0x000001f35cc72800 Exception <a 'sun/nio/fs/WindowsException'{0x000000008b83d0b0}> (0x000000008b83d0b0) thrown at [./src/hotspot/share/prims/jni.cpp, line 615]
Event: 16.379 Thread 0x000001f35cc72800 Implicit null exception at 0x000001f34ac0bf5f to 0x000001f34ac13964
Event: 16.705 Thread 0x000001f35cc72800 Exception <a 'java/lang/NoSuchMethodError'{0x000000008a5a8428}: 'java.lang.Object java.lang.invoke.Invokers$Holder.linkToTargetMethod(java.lang.Object, int, int, java.lang.Object)'> (0x000000008a5a8428) thrown at [./src/hotspot/share/interpreter/linkResolver.cpp, line 773]
Event: 16.867 Thread 0x000001f35cc72800 Exception <a 'java/lang/NoSuchMethodError'{0x0000000089d780b8}: 'java.lang.Object java.lang.invoke.Invokers$Holder.linkToTargetMethod(java.lang.Object, java.lang.Object, java.lang.Object, int, java.lang.Object, java.lang.Object)'> (0x0000000089d780b8) thrown at [./src/hotspot/share/interpreter/linkResolver.cpp, line 773]

Events (20 events):
Event: 16.957 loading class org/gradle/api/internal/tasks/TaskExecuter done
Event: 16.958 loading class org/gradle/execution/plan/ExecutionNodeAccessHierarchies$InputNodeAccessHierarchy
Event: 16.958 loading class org/gradle/execution/plan/ExecutionNodeAccessHierarchies$InputNodeAccessHierarchy done
Event: 16.958 loading class org/gradle/api/execution/TaskActionListener
Event: 16.958 loading class org/gradle/api/execution/TaskActionListener done
Event: 16.960 loading class org/gradle/execution/plan/SelfExecutingNode
Event: 16.960 loading class org/gradle/execution/plan/SelfExecutingNode done
Event: 16.961 loading class org/gradle/api/internal/tasks/execution/DefaultTaskExecutionContext
Event: 16.961 loading class org/gradle/api/internal/tasks/execution/DefaultTaskExecutionContext done
Event: 16.965 loading class org/gradle/internal/reflect/validation/TypeValidationContext
Event: 16.965 loading class org/gradle/internal/reflect/validation/TypeValidationContext done
Event: 16.965 loading class org/gradle/execution/plan/LocalTaskNode
Event: 16.965 loading class org/gradle/execution/plan/LocalTaskNode done
Event: 16.965 loading class org/gradle/execution/plan/LocalTaskNodeExecutor
Event: 16.965 loading class org/gradle/execution/plan/LocalTaskNodeExecutor done
Event: 16.965 loading class org/gradle/api/internal/tasks/TaskExecutionContext$ValidationAction
Event: 16.965 loading class org/gradle/api/internal/tasks/TaskExecutionContext$ValidationAction done
Event: 16.968 Thread 0x000001f35a9b5000 Thread added: 0x000001f35a9b5000
Event: 16.968 Executing VM operation: RevokeBias
Event: 16.970 Executing VM operation: RevokeBias done


Dynamic libraries:
0x00007ff7bb400000 - 0x00007ff7bb40a000 	C:\Program Files\Android\Android Studio\jre\bin\java.exe
0x00007ff9dc560000 - 0x00007ff9dc769000 	C:\WINDOWS\SYSTEM32\ntdll.dll
0x00007ff9db260000 - 0x00007ff9db31d000 	C:\WINDOWS\System32\KERNEL32.DLL
0x00007ff9d9f60000 - 0x00007ff9da2d4000 	C:\WINDOWS\System32\KERNELBASE.dll
0x00007ff9da2e0000 - 0x00007ff9da3f1000 	C:\WINDOWS\System32\ucrtbase.dll
0x00007ff9aa100000 - 0x00007ff9aa117000 	C:\Program Files\Android\Android Studio\jre\bin\VCRUNTIME140.dll
0x00007ff9a8520000 - 0x00007ff9a8539000 	C:\Program Files\Android\Android Studio\jre\bin\jli.dll
0x00007ff9daa50000 - 0x00007ff9dabfc000 	C:\WINDOWS\System32\USER32.dll
0x00007ff9bd6f0000 - 0x00007ff9bd995000 	C:\WINDOWS\WinSxS\amd64_microsoft.windows.common-controls_6595b64144ccf1df_6.0.22000.120_none_9d947278b86cc467\COMCTL32.dll
0x00007ff9d9b40000 - 0x00007ff9d9b66000 	C:\WINDOWS\System32\win32u.dll
0x00007ff9dbcb0000 - 0x00007ff9dbd53000 	C:\WINDOWS\System32\msvcrt.dll
0x00007ff9db140000 - 0x00007ff9db169000 	C:\WINDOWS\System32\GDI32.dll
0x00007ff9d9e40000 - 0x00007ff9d9f52000 	C:\WINDOWS\System32\gdi32full.dll
0x00007ff9d9da0000 - 0x00007ff9d9e3d000 	C:\WINDOWS\System32\msvcp_win.dll
0x00007ff9db320000 - 0x00007ff9db351000 	C:\WINDOWS\System32\IMM32.DLL
0x00007ff99fd20000 - 0x00007ff99fdbd000 	C:\Program Files\Android\Android Studio\jre\bin\msvcp140.dll
0x00007ff98d010000 - 0x00007ff98dae5000 	C:\Program Files\Android\Android Studio\jre\bin\server\jvm.dll
0x00007ff9db070000 - 0x00007ff9db11e000 	C:\WINDOWS\System32\ADVAPI32.dll
0x00007ff9da470000 - 0x00007ff9da50e000 	C:\WINDOWS\System32\sechost.dll
0x00007ff9dc320000 - 0x00007ff9dc440000 	C:\WINDOWS\System32\RPCRT4.dll
0x00007ff9dc240000 - 0x00007ff9dc248000 	C:\WINDOWS\System32\PSAPI.DLL
0x00007ff9c1f60000 - 0x00007ff9c1f69000 	C:\WINDOWS\SYSTEM32\WSOCK32.dll
0x00007ff9d1b60000 - 0x00007ff9d1b93000 	C:\WINDOWS\SYSTEM32\WINMM.dll
0x00007ff9da400000 - 0x00007ff9da46f000 	C:\WINDOWS\System32\WS2_32.dll
0x00007ff9d1a40000 - 0x00007ff9d1a4a000 	C:\WINDOWS\SYSTEM32\VERSION.dll
0x00007ff9d8c40000 - 0x00007ff9d8c58000 	C:\WINDOWS\SYSTEM32\kernel.appcore.dll
0x00007ff9b7e30000 - 0x00007ff9b7e41000 	C:\Program Files\Android\Android Studio\jre\bin\verify.dll
0x00007ff9d7810000 - 0x00007ff9d7a31000 	C:\WINDOWS\SYSTEM32\DBGHELP.DLL
0x00007ff9c4680000 - 0x00007ff9c46b1000 	C:\WINDOWS\SYSTEM32\dbgcore.DLL
0x00007ff9d9a50000 - 0x00007ff9d9acf000 	C:\WINDOWS\System32\bcryptPrimitives.dll
0x00007ff9ad0e0000 - 0x00007ff9ad109000 	C:\Program Files\Android\Android Studio\jre\bin\java.dll
0x00007ff9d6970000 - 0x00007ff9d697b000 	C:\Program Files\Android\Android Studio\jre\bin\jimage.dll
0x00007ff9b7e10000 - 0x00007ff9b7e28000 	C:\Program Files\Android\Android Studio\jre\bin\zip.dll
0x00007ff9db500000 - 0x00007ff9dbcae000 	C:\WINDOWS\System32\SHELL32.dll
0x00007ff9d7bd0000 - 0x00007ff9d8437000 	C:\WINDOWS\SYSTEM32\windows.storage.dll
0x00007ff9da6b0000 - 0x00007ff9daa28000 	C:\WINDOWS\System32\combase.dll
0x00007ff9d7a60000 - 0x00007ff9d7bc6000 	C:\WINDOWS\SYSTEM32\wintypes.dll
0x00007ff9da5c0000 - 0x00007ff9da6aa000 	C:\WINDOWS\System32\SHCORE.dll
0x00007ff9dc250000 - 0x00007ff9dc2ad000 	C:\WINDOWS\System32\shlwapi.dll
0x00007ff9d9980000 - 0x00007ff9d99a1000 	C:\WINDOWS\SYSTEM32\profapi.dll
0x00007ff9b2ee0000 - 0x00007ff9b2efa000 	C:\Program Files\Android\Android Studio\jre\bin\net.dll
0x00007ff9d1700000 - 0x00007ff9d180c000 	C:\WINDOWS\SYSTEM32\WINHTTP.dll
0x00007ff9d9070000 - 0x00007ff9d90d7000 	C:\WINDOWS\system32\mswsock.dll
0x00007ff9abbc0000 - 0x00007ff9abbd4000 	C:\Program Files\Android\Android Studio\jre\bin\nio.dll
0x00007ff9c5110000 - 0x00007ff9c5137000 	C:\Users\jhond\.gradle\native\e1d6ef7f7dcc3fd88c89a11ec53ec762bb8ba0a96d01ffa2cd45eb1d1d8dd5c5\windows-amd64\native-platform.dll
0x00007ff99f0c0000 - 0x00007ff99f204000 	C:\Users\jhond\.gradle\native\5664cfc778a61ccfe75a443a1ab52a65af34e5dc3c78e0209fed803814484fcb\windows-amd64\native-platform-file-events.dll
0x00007ff9d5c10000 - 0x00007ff9d5c1a000 	C:\Program Files\Android\Android Studio\jre\bin\management.dll
0x00007ff9d54f0000 - 0x00007ff9d54fd000 	C:\Program Files\Android\Android Studio\jre\bin\management_ext.dll
0x00007ff9d92b0000 - 0x00007ff9d92c8000 	C:\WINDOWS\SYSTEM32\CRYPTSP.dll
0x00007ff9d8ba0000 - 0x00007ff9d8bd5000 	C:\WINDOWS\system32\rsaenh.dll
0x00007ff9d9160000 - 0x00007ff9d9189000 	C:\WINDOWS\SYSTEM32\USERENV.dll
0x00007ff9d9430000 - 0x00007ff9d9457000 	C:\WINDOWS\SYSTEM32\bcrypt.dll
0x00007ff9d92d0000 - 0x00007ff9d92dc000 	C:\WINDOWS\SYSTEM32\CRYPTBASE.dll
0x00007ff9d8770000 - 0x00007ff9d879d000 	C:\WINDOWS\SYSTEM32\IPHLPAPI.DLL
0x00007ff9daa30000 - 0x00007ff9daa39000 	C:\WINDOWS\System32\NSI.dll
0x00007ff9d1190000 - 0x00007ff9d11a9000 	C:\WINDOWS\SYSTEM32\dhcpcsvc6.DLL
0x00007ff9d1c50000 - 0x00007ff9d1c6e000 	C:\WINDOWS\SYSTEM32\dhcpcsvc.DLL
0x00007ff9d87a0000 - 0x00007ff9d8887000 	C:\WINDOWS\SYSTEM32\DNSAPI.dll

dbghelp: loaded successfully - version: 4.0.5 - missing functions: none
symbol engine: initialized successfully - sym options: 0x614 - pdb path: .;C:\Program Files\Android\Android Studio\jre\bin;C:\WINDOWS\SYSTEM32;C:\WINDOWS\WinSxS\amd64_microsoft.windows.common-controls_6595b64144ccf1df_6.0.22000.120_none_9d947278b86cc467;C:\Program Files\Android\Android Studio\jre\bin\server;C:\Users\jhond\.gradle\native\e1d6ef7f7dcc3fd88c89a11ec53ec762bb8ba0a96d01ffa2cd45eb1d1d8dd5c5\windows-amd64;C:\Users\jhond\.gradle\native\5664cfc778a61ccfe75a443a1ab52a65af34e5dc3c78e0209fed803814484fcb\windows-amd64

VM Arguments:
jvm_args: --add-opens=java.base/java.util=ALL-UNNAMED --add-opens=java.base/java.lang=ALL-UNNAMED --add-opens=java.base/java.lang.invoke=ALL-UNNAMED --add-opens=java.base/java.util=ALL-UNNAMED --add-opens=java.prefs/java.util.prefs=ALL-UNNAMED --add-opens=java.prefs/java.util.prefs=ALL-UNNAMED --add-opens=java.base/java.nio.charset=ALL-UNNAMED --add-opens=java.base/java.net=ALL-UNNAMED --add-opens=java.base/java.util.concurrent.atomic=ALL-UNNAMED -Xmx2048m -Dfile.encoding=UTF-8 -Duser.country=CA -Duser.language=en -Duser.variant 
java_command: org.gradle.launcher.daemon.bootstrap.GradleDaemon 7.2
java_class_path (initial): C:\Users\jhond\.gradle\wrapper\dists\gradle-7.2-bin\2dnblmf4td7x66yl1d74lt32g\gradle-7.2\lib\gradle-launcher-7.2.jar
Launcher Type: SUN_STANDARD

[Global flags]
     intx CICompilerCount                          = 4                                         {product} {ergonomic}
     uint ConcGCThreads                            = 2                                         {product} {ergonomic}
     uint G1ConcRefinementThreads                  = 8                                         {product} {ergonomic}
   size_t G1HeapRegionSize                         = 1048576                                   {product} {ergonomic}
    uintx GCDrainStackTargetSize                   = 64                                        {product} {ergonomic}
   size_t InitialHeapSize                          = 266338304                                 {product} {ergonomic}
   size_t MarkStackSize                            = 4194304                                   {product} {ergonomic}
   size_t MaxHeapSize                              = 2147483648                                {product} {command line}
   size_t MaxNewSize                               = 1287651328                                {product} {ergonomic}
   size_t MinHeapDeltaBytes                        = 1048576                                   {product} {ergonomic}
    uintx NonNMethodCodeHeapSize                   = 5836300                                {pd product} {ergonomic}
    uintx NonProfiledCodeHeapSize                  = 122910970                              {pd product} {ergonomic}
    uintx ProfiledCodeHeapSize                     = 122910970                              {pd product} {ergonomic}
    uintx ReservedCodeCacheSize                    = 251658240                              {pd product} {ergonomic}
     bool SegmentedCodeCache                       = true                                      {product} {ergonomic}
     bool UseCompressedClassPointers               = true                                 {lp64_product} {ergonomic}
     bool UseCompressedOops                        = true                                 {lp64_product} {ergonomic}
     bool UseG1GC                                  = true                                      {product} {ergonomic}
     bool UseLargePagesIndividualAllocation        = false                                  {pd product} {ergonomic}

Logging:
Log output configuration:
 #0: stdout all=warning uptime,level,tags
 #1: stderr all=off uptime,level,tags

Environment Variables:
PATH=C:\Program Files (x86)\Common Files\Oracle\Java\javapath;C:\ProgramData\Oracle\Java\javapath;C:\WINDOWS\system32;C:\WINDOWS;C:\WINDOWS\System32\Wbem;C:\WINDOWS\System32\WindowsPowerShell\v1.0\;C:\Program Files (x86)\QuickTime\QTSystem\;C:\WINDOWS\System32\OpenSSH\;C:\Program Files\dotnet\;C:\Program Files (x86)\dotnet\;C:\Program Files\Git\cmd;C:\Program Files (x86)\Intel\Intel(R) Management Engine Components\DAL;C:\Program Files\Intel\Intel(R) Management Engine Components\DAL;C:\Users\jhond\AppData\Local\Microsoft\WindowsApps;C:\Users\jhond\.dotnet\tools;C:\Users\jhond\AppData\Local\GitHubDesktop\bin;C:\Users\jhond\AppData\Local\Programs\Microsoft VS Code\bin
USERNAME=JhonD
OS=Windows_NT
PROCESSOR_IDENTIFIER=Intel64 Family 6 Model 142 Stepping 10, GenuineIntel



---------------  S Y S T E M  ---------------

OS: Windows 10 , 64 bit Build 22000 (10.0.22000.434)
OS uptime: 4 days 4:21 hours

CPU:total 8 (initial active 8) (4 cores per cpu, 2 threads per core) family 6 model 142 stepping 10 microcode 0xec, cmov, cx8, fxsr, mmx, sse, sse2, sse3, ssse3, sse4.1, sse4.2, popcnt, avx, avx2, aes, clmul, erms, 3dnowpref, lzcnt, ht, tsc, tscinvbit, bmi1, bmi2, adx, fma

Memory: 4k page, system-wide physical 16217M (344M free)
TotalPageFile size 46537M (AvailPageFile size 10M)
current process WorkingSet (physical memory assigned to process): 493M, peak: 502M
current process commit charge ("private bytes"): 564M, peak: 573M

vm_info: OpenJDK 64-Bit Server VM (11.0.11+9-b60-7590822) for windows-amd64 JRE (11.0.11+9-b60-7590822), built on Jul 29 2021 21:43:44 by "builder" with MS VC++ 14.0 (VS2015)

END.
