#
# There is insufficient memory for the Java Runtime Environment to continue.
# Native memory allocation (malloc) failed to allocate 1102896 bytes for Chunk::new
# Possible reasons:
#   The system is out of physical RAM or swap space
#   The process is running with CompressedOops enabled, and the Java Heap may be blocking the growth of the native heap
# Possible solutions:
#   Reduce memory load on the system
#   Increase physical memory or swap space
#   Check if swap backing store is full
#   Decrease Java heap size (-Xmx/-Xms)
#   Decrease number of Java threads
#   Decrease Java thread stack sizes (-Xss)
#   Set larger code cache with -XX:ReservedCodeCacheSize=
#   JVM is running with Unscaled Compressed Oops mode in which the Java heap is
#     placed in the first 4GB address space. The Java Heap base address is the
#     maximum limit for the native heap growth. Please use -XX:HeapBaseMinAddress
#     to set the Java Heap base and to place the Java Heap above 4GB virtual address.
# This output file may be truncated or incomplete.
#
#  Out of Memory Error (./src/hotspot/share/memory/arena.cpp:197), pid=3544, tid=8248
#
# JRE version: OpenJDK Runtime Environment (11.0.11+9) (build 11.0.11+9-b60-7590822)
# Java VM: OpenJDK 64-Bit Server VM (11.0.11+9-b60-7590822, mixed mode, tiered, compressed oops, g1 gc, windows-amd64)
# No core dump will be written. Minidumps are not enabled by default on client versions of Windows
#

---------------  S U M M A R Y ------------

Command Line: --add-opens=java.base/java.util=ALL-UNNAMED --add-opens=java.base/java.lang=ALL-UNNAMED --add-opens=java.base/java.lang.invoke=ALL-UNNAMED --add-opens=java.base/java.util=ALL-UNNAMED --add-opens=java.prefs/java.util.prefs=ALL-UNNAMED --add-opens=java.prefs/java.util.prefs=ALL-UNNAMED --add-opens=java.base/java.nio.charset=ALL-UNNAMED --add-opens=java.base/java.net=ALL-UNNAMED --add-opens=java.base/java.util.concurrent.atomic=ALL-UNNAMED -Xmx2048m -Dfile.encoding=UTF-8 -Duser.country=CA -Duser.language=en -Duser.variant org.gradle.launcher.daemon.bootstrap.GradleDaemon 7.2

Host: Intel(R) Core(TM) i7-8550U CPU @ 1.80GHz, 8 cores, 15G,  Windows 10 , 64 bit Build 22000 (10.0.22000.434)
Time: Thu Feb 17 16:00:00 2022 Eastern Standard Time elapsed time: 11.064887 seconds (0d 0h 0m 11s)

---------------  T H R E A D  ---------------

Current thread (0x0000023f41d2e000):  JavaThread "C2 CompilerThread0" daemon [_thread_in_native, id=8248, stack(0x000000de0e200000,0x000000de0e300000)]


Current CompileTask:
C2:  11065 3723       4       java.lang.ClassLoader::defineClass (43 bytes)

Stack: [0x000000de0e200000,0x000000de0e300000]
Native frames: (J=compiled Java code, j=interpreted, Vv=VM code, C=native code)
V  [jvm.dll+0x5f214a]
V  [jvm.dll+0x726fb5]
V  [jvm.dll+0x7285cd]
V  [jvm.dll+0x728c83]
V  [jvm.dll+0x243278]
V  [jvm.dll+0xbc53c]
V  [jvm.dll+0xbca3c]
V  [jvm.dll+0x353e3b]
V  [jvm.dll+0x321893]
V  [jvm.dll+0x320d8a]
V  [jvm.dll+0x1fc1e2]
V  [jvm.dll+0x1fb3d4]
V  [jvm.dll+0x183d6c]
V  [jvm.dll+0x209a57]
V  [jvm.dll+0x2082a1]
V  [jvm.dll+0x6ef58f]
V  [jvm.dll+0x6e80b5]
V  [jvm.dll+0x5f1036]
C  [ucrtbase.dll+0x26c0c]
C  [KERNEL32.DLL+0x154e0]
C  [ntdll.dll+0x485b]


---------------  P R O C E S S  ---------------

Threads class SMR info:
_java_thread_list=0x0000023f4590d690, length=35, elements={
0x0000023f24f9c800, 0x0000023f41cc9800, 0x0000023f41cd2800, 0x0000023f41d27800,
0x0000023f41d28800, 0x0000023f41d29800, 0x0000023f41d2e000, 0x0000023f41d33800,
0x0000023f41d36800, 0x0000023f41e94800, 0x0000023f4414e000, 0x0000023f41f7f800,
0x0000023f426a5800, 0x0000023f43c0f000, 0x0000023f43e8a000, 0x0000023f43d43000,
0x0000023f437ff800, 0x0000023f438b8000, 0x0000023f4494a800, 0x0000023f4350f000,
0x0000023f4350b800, 0x0000023f4350f800, 0x0000023f4350d800, 0x0000023f43510800,
0x0000023f4350c800, 0x0000023f4350b000, 0x0000023f43511800, 0x0000023f4350e000,
0x0000023f45ad8000, 0x0000023f45ad9000, 0x0000023f45adb000, 0x0000023f45adc000,
0x0000023f45ad7000, 0x0000023f45add800, 0x0000023f45ae1000
}

Java Threads: ( => current thread )
  0x0000023f24f9c800 JavaThread "main" [_thread_blocked, id=14120, stack(0x000000de0d600000,0x000000de0d700000)]
  0x0000023f41cc9800 JavaThread "Reference Handler" daemon [_thread_blocked, id=13552, stack(0x000000de0dd00000,0x000000de0de00000)]
  0x0000023f41cd2800 JavaThread "Finalizer" daemon [_thread_blocked, id=4016, stack(0x000000de0de00000,0x000000de0df00000)]
  0x0000023f41d27800 JavaThread "Signal Dispatcher" daemon [_thread_blocked, id=28000, stack(0x000000de0df00000,0x000000de0e000000)]
  0x0000023f41d28800 JavaThread "Attach Listener" daemon [_thread_blocked, id=5880, stack(0x000000de0e000000,0x000000de0e100000)]
  0x0000023f41d29800 JavaThread "Service Thread" daemon [_thread_blocked, id=19892, stack(0x000000de0e100000,0x000000de0e200000)]
=>0x0000023f41d2e000 JavaThread "C2 CompilerThread0" daemon [_thread_in_native, id=8248, stack(0x000000de0e200000,0x000000de0e300000)]
  0x0000023f41d33800 JavaThread "C1 CompilerThread0" daemon [_thread_blocked, id=26856, stack(0x000000de0e300000,0x000000de0e400000)]
  0x0000023f41d36800 JavaThread "Sweeper thread" daemon [_thread_blocked, id=12956, stack(0x000000de0e400000,0x000000de0e500000)]
  0x0000023f41e94800 JavaThread "Common-Cleaner" daemon [_thread_blocked, id=25784, stack(0x000000de0e500000,0x000000de0e600000)]
  0x0000023f4414e000 JavaThread "Daemon health stats" [_thread_blocked, id=26884, stack(0x000000de0ee00000,0x000000de0ef00000)]
  0x0000023f41f7f800 JavaThread "Incoming local TCP Connector on port 53537" [_thread_in_native, id=20508, stack(0x000000de0e700000,0x000000de0e800000)]
  0x0000023f426a5800 JavaThread "Daemon periodic checks" [_thread_blocked, id=17296, stack(0x000000de0e800000,0x000000de0e900000)]
  0x0000023f43c0f000 JavaThread "Daemon" [_thread_blocked, id=28576, stack(0x000000de0ef00000,0x000000de0f000000)]
  0x0000023f43e8a000 JavaThread "Handler for socket connection from /127.0.0.1:53537 to /127.0.0.1:53538" [_thread_in_native, id=22576, stack(0x000000de0f000000,0x000000de0f100000)]
  0x0000023f43d43000 JavaThread "Cancel handler" [_thread_blocked, id=13132, stack(0x000000de0f100000,0x000000de0f200000)]
  0x0000023f437ff800 JavaThread "Daemon worker" [_thread_in_Java, id=11392, stack(0x000000de0f200000,0x000000de0f300000)]
  0x0000023f438b8000 JavaThread "Asynchronous log dispatcher for DefaultDaemonConnection: socket connection from /127.0.0.1:53537 to /127.0.0.1:53538" [_thread_blocked, id=4712, stack(0x000000de0f300000,0x000000de0f400000)]
  0x0000023f4494a800 JavaThread "Stdin handler" [_thread_blocked, id=23744, stack(0x000000de0f400000,0x000000de0f500000)]
  0x0000023f4350f000 JavaThread "Daemon client event forwarder" [_thread_blocked, id=18980, stack(0x000000de0f500000,0x000000de0f600000)]
  0x0000023f4350b800 JavaThread "Cache worker for journal cache (C:\Users\jhond\.gradle\caches\journal-1)" [_thread_blocked, id=10992, stack(0x000000de0f800000,0x000000de0f900000)]
  0x0000023f4350f800 JavaThread "File lock request listener" [_thread_in_native, id=3912, stack(0x000000de0f900000,0x000000de0fa00000)]
  0x0000023f4350d800 JavaThread "Cache worker for file hash cache (C:\Users\jhond\.gradle\caches\7.2\fileHashes)" [_thread_blocked, id=20676, stack(0x000000de0fa00000,0x000000de0fb00000)]
  0x0000023f43510800 JavaThread "Cache worker for file hash cache (C:\Users\jhond\AndroidStudioProjects\Android\MusicDiscogs\.gradle\7.2\fileHashes)" [_thread_blocked, id=28160, stack(0x000000de0fd00000,0x000000de0fe00000)]
  0x0000023f4350c800 JavaThread "File watcher server" daemon [_thread_in_native, id=20016, stack(0x000000de0fe00000,0x000000de0ff00000)]
  0x0000023f4350b000 JavaThread "File watcher consumer" daemon [_thread_blocked, id=11832, stack(0x000000de0ff00000,0x000000de10000000)]
  0x0000023f43511800 JavaThread "Cache worker for checksums cache (C:\Users\jhond\AndroidStudioProjects\Android\MusicDiscogs\.gradle\checksums)" [_thread_blocked, id=25216, stack(0x000000de0fc00000,0x000000de0fd00000)]
  0x0000023f4350e000 JavaThread "Cache worker for cache directory md-supplier (C:\Users\jhond\.gradle\caches\7.2\md-supplier)" [_thread_blocked, id=23256, stack(0x000000de10000000,0x000000de10100000)]
  0x0000023f45ad8000 JavaThread "Cache worker for cache directory md-rule (C:\Users\jhond\.gradle\caches\7.2\md-rule)" [_thread_blocked, id=2764, stack(0x000000de10200000,0x000000de10300000)]
  0x0000023f45ad9000 JavaThread "Cache worker for execution history cache (C:\Users\jhond\.gradle\caches\7.2\executionHistory)" [_thread_blocked, id=10908, stack(0x000000de10100000,0x000000de10200000)]
  0x0000023f45adb000 JavaThread "jar transforms" [_thread_blocked, id=17728, stack(0x000000de10300000,0x000000de10400000)]
  0x0000023f45adc000 JavaThread "Cache worker for file content cache (C:\Users\jhond\.gradle\caches\7.2\fileContent)" [_thread_blocked, id=27868, stack(0x000000de10400000,0x000000de10500000)]
  0x0000023f45ad7000 JavaThread "jar transforms Thread 2" [_thread_blocked, id=7528, stack(0x000000de10500000,0x000000de10600000)]
  0x0000023f45add800 JavaThread "Cache worker for dependencies-accessors (C:\Users\jhond\AndroidStudioProjects\Android\MusicDiscogs\.gradle\7.2\dependencies-accessors)" [_thread_blocked, id=27756, stack(0x000000de10600000,0x000000de10700000)]
  0x0000023f45ae1000 JavaThread "jar transforms Thread 3" [_thread_blocked, id=24396, stack(0x000000de10700000,0x000000de10800000)]

Other Threads:
  0x0000023f41cc7800 VMThread "VM Thread" [stack: 0x000000de0dc00000,0x000000de0dd00000] [id=26252]
  0x0000023f41ea9800 WatcherThread [stack: 0x000000de0e600000,0x000000de0e700000] [id=4976]
  0x0000023f26fe7800 GCTaskThread "GC Thread#0" [stack: 0x000000de0d700000,0x000000de0d800000] [id=23332]
  0x0000023f428e1000 GCTaskThread "GC Thread#1" [stack: 0x000000de0e900000,0x000000de0ea00000] [id=16244]
  0x0000023f42e9b800 GCTaskThread "GC Thread#2" [stack: 0x000000de0ea00000,0x000000de0eb00000] [id=2148]
  0x0000023f4233e800 GCTaskThread "GC Thread#3" [stack: 0x000000de0eb00000,0x000000de0ec00000] [id=10456]
  0x0000023f42d3b800 GCTaskThread "GC Thread#4" [stack: 0x000000de0ec00000,0x000000de0ed00000] [id=2448]
  0x0000023f42cf7800 GCTaskThread "GC Thread#5" [stack: 0x000000de0ed00000,0x000000de0ee00000] [id=24312]
  0x0000023f454c1800 GCTaskThread "GC Thread#6" [stack: 0x000000de0f600000,0x000000de0f700000] [id=13604]
  0x0000023f45274000 GCTaskThread "GC Thread#7" [stack: 0x000000de0f700000,0x000000de0f800000] [id=18836]
  0x0000023f27017000 ConcurrentGCThread "G1 Main Marker" [stack: 0x000000de0d800000,0x000000de0d900000] [id=26416]
  0x0000023f27018800 ConcurrentGCThread "G1 Conc#0" [stack: 0x000000de0d900000,0x000000de0da00000] [id=18924]
  0x0000023f45308800 ConcurrentGCThread "G1 Conc#1" [stack: 0x000000de0fb00000,0x000000de0fc00000] [id=29584]
  0x0000023f4130c800 ConcurrentGCThread "G1 Refine#0" [stack: 0x000000de0da00000,0x000000de0db00000] [id=10488]
  0x0000023f4130d800 ConcurrentGCThread "G1 Young RemSet Sampling" [stack: 0x000000de0db00000,0x000000de0dc00000] [id=28904]

Threads with active compile tasks:
C2 CompilerThread0  11160 3723       4       java.lang.ClassLoader::defineClass (43 bytes)

VM state:not at safepoint (normal execution)

VM Mutex/Monitor currently owned by a thread: None

Heap address: 0x0000000080000000, size: 2048 MB, Compressed Oops mode: 32-bit
Narrow klass base: 0x0000000000000000, Narrow klass shift: 3
Compressed class space size: 1073741824 Address: 0x0000000100000000

Heap:
 garbage-first heap   total 260096K, used 126059K [0x0000000080000000, 0x0000000100000000)
  region size 1024K, 108 young (110592K), 9 survivors (9216K)
 Metaspace       used 43506K, capacity 44545K, committed 44620K, reserved 1087488K
  class space    used 5545K, capacity 5910K, committed 5964K, reserved 1048576K
Heap Regions: E=young(eden), S=young(survivor), O=old, HS=humongous(starts), HC=humongous(continues), CS=collection set, F=free, A=archive, TAMS=top-at-mark-start (previous, next)
|   0|0x0000000080000000, 0x0000000080100000, 0x0000000080100000|100%| O|  |TAMS 0x0000000080100000, 0x0000000080000000| Untracked 
|   1|0x0000000080100000, 0x0000000080200000, 0x0000000080200000|100%| O|  |TAMS 0x0000000080200000, 0x0000000080100000| Untracked 
|   2|0x0000000080200000, 0x0000000080300000, 0x0000000080300000|100%| O|  |TAMS 0x0000000080300000, 0x0000000080200000| Untracked 
|   3|0x0000000080300000, 0x0000000080400000, 0x0000000080400000|100%|HS|  |TAMS 0x0000000080400000, 0x0000000080300000| Complete 
|   4|0x0000000080400000, 0x0000000080500000, 0x0000000080500000|100%|HC|  |TAMS 0x0000000080500000, 0x0000000080400000| Complete 
|   5|0x0000000080500000, 0x0000000080600000, 0x0000000080600000|100%|HC|  |TAMS 0x0000000080600000, 0x0000000080500000| Complete 
|   6|0x0000000080600000, 0x0000000080700000, 0x0000000080700000|100%| O|  |TAMS 0x0000000080700000, 0x0000000080600000| Untracked 
|   7|0x0000000080700000, 0x0000000080800000, 0x0000000080800000|100%| O|  |TAMS 0x0000000080800000, 0x0000000080700000| Untracked 
|   8|0x0000000080800000, 0x0000000080900000, 0x0000000080900000|100%| O|  |TAMS 0x0000000080900000, 0x0000000080800000| Untracked 
|   9|0x0000000080900000, 0x0000000080a00000, 0x0000000080a00000|100%| O|  |TAMS 0x0000000080a00000, 0x0000000080900000| Untracked 
|  10|0x0000000080a00000, 0x0000000080b00000, 0x0000000080b00000|100%| O|  |TAMS 0x0000000080b00000, 0x0000000080a00000| Untracked 
|  11|0x0000000080b00000, 0x0000000080c00000, 0x0000000080c00000|100%| O|  |TAMS 0x0000000080c00000, 0x0000000080b00000| Untracked 
|  12|0x0000000080c00000, 0x0000000080d00000, 0x0000000080d00000|100%| O|  |TAMS 0x0000000080d00000, 0x0000000080c00000| Untracked 
|  13|0x0000000080d00000, 0x0000000080d66200, 0x0000000080e00000| 39%| O|  |TAMS 0x0000000080d66200, 0x0000000080d00000| Untracked 
|  14|0x0000000080e00000, 0x0000000080f00000, 0x0000000080f00000|100%|HS|  |TAMS 0x0000000080e00000, 0x0000000080e00000| Complete 
|  15|0x0000000080f00000, 0x0000000081000000, 0x0000000081000000|100%|HS|  |TAMS 0x0000000080f00000, 0x0000000080f00000| Complete 
|  16|0x0000000081000000, 0x0000000081100000, 0x0000000081100000|100%|HC|  |TAMS 0x0000000081000000, 0x0000000081000000| Complete 
|  17|0x0000000081100000, 0x0000000081200000, 0x0000000081200000|100%|HS|  |TAMS 0x0000000081100000, 0x0000000081100000| Complete 
|  18|0x0000000081200000, 0x0000000081200000, 0x0000000081300000|  0%| F|  |TAMS 0x0000000081200000, 0x0000000081200000| Untracked 
|  19|0x0000000081300000, 0x0000000081300000, 0x0000000081400000|  0%| F|  |TAMS 0x0000000081300000, 0x0000000081300000| Untracked 
|  20|0x0000000081400000, 0x0000000081400000, 0x0000000081500000|  0%| F|  |TAMS 0x0000000081400000, 0x0000000081400000| Untracked 
|  21|0x0000000081500000, 0x0000000081500000, 0x0000000081600000|  0%| F|  |TAMS 0x0000000081500000, 0x0000000081500000| Untracked 
|  22|0x0000000081600000, 0x0000000081600000, 0x0000000081700000|  0%| F|  |TAMS 0x0000000081600000, 0x0000000081600000| Untracked 
|  23|0x0000000081700000, 0x0000000081700000, 0x0000000081800000|  0%| F|  |TAMS 0x0000000081700000, 0x0000000081700000| Untracked 
|  24|0x0000000081800000, 0x0000000081800000, 0x0000000081900000|  0%| F|  |TAMS 0x0000000081800000, 0x0000000081800000| Untracked 
|  25|0x0000000081900000, 0x0000000081900000, 0x0000000081a00000|  0%| F|  |TAMS 0x0000000081900000, 0x0000000081900000| Untracked 
|  26|0x0000000081a00000, 0x0000000081a00000, 0x0000000081b00000|  0%| F|  |TAMS 0x0000000081a00000, 0x0000000081a00000| Untracked 
|  27|0x0000000081b00000, 0x0000000081b00000, 0x0000000081c00000|  0%| F|  |TAMS 0x0000000081b00000, 0x0000000081b00000| Untracked 
|  28|0x0000000081c00000, 0x0000000081c00000, 0x0000000081d00000|  0%| F|  |TAMS 0x0000000081c00000, 0x0000000081c00000| Untracked 
|  29|0x0000000081d00000, 0x0000000081d00000, 0x0000000081e00000|  0%| F|  |TAMS 0x0000000081d00000, 0x0000000081d00000| Untracked 
|  30|0x0000000081e00000, 0x0000000081e00000, 0x0000000081f00000|  0%| F|  |TAMS 0x0000000081e00000, 0x0000000081e00000| Untracked 
|  31|0x0000000081f00000, 0x0000000081f00000, 0x0000000082000000|  0%| F|  |TAMS 0x0000000081f00000, 0x0000000081f00000| Untracked 
|  32|0x0000000082000000, 0x0000000082000000, 0x0000000082100000|  0%| F|  |TAMS 0x0000000082000000, 0x0000000082000000| Untracked 
|  33|0x0000000082100000, 0x0000000082100000, 0x0000000082200000|  0%| F|  |TAMS 0x0000000082100000, 0x0000000082100000| Untracked 
|  34|0x0000000082200000, 0x0000000082200000, 0x0000000082300000|  0%| F|  |TAMS 0x0000000082200000, 0x0000000082200000| Untracked 
|  35|0x0000000082300000, 0x0000000082300000, 0x0000000082400000|  0%| F|  |TAMS 0x0000000082300000, 0x0000000082300000| Untracked 
|  36|0x0000000082400000, 0x0000000082400000, 0x0000000082500000|  0%| F|  |TAMS 0x0000000082400000, 0x0000000082400000| Untracked 
|  37|0x0000000082500000, 0x0000000082500000, 0x0000000082600000|  0%| F|  |TAMS 0x0000000082500000, 0x0000000082500000| Untracked 
|  38|0x0000000082600000, 0x0000000082600000, 0x0000000082700000|  0%| F|  |TAMS 0x0000000082600000, 0x0000000082600000| Untracked 
|  39|0x0000000082700000, 0x0000000082700000, 0x0000000082800000|  0%| F|  |TAMS 0x0000000082700000, 0x0000000082700000| Untracked 
|  40|0x0000000082800000, 0x0000000082800000, 0x0000000082900000|  0%| F|  |TAMS 0x0000000082800000, 0x0000000082800000| Untracked 
|  41|0x0000000082900000, 0x0000000082900000, 0x0000000082a00000|  0%| F|  |TAMS 0x0000000082900000, 0x0000000082900000| Untracked 
|  42|0x0000000082a00000, 0x0000000082a00000, 0x0000000082b00000|  0%| F|  |TAMS 0x0000000082a00000, 0x0000000082a00000| Untracked 
|  43|0x0000000082b00000, 0x0000000082b00000, 0x0000000082c00000|  0%| F|  |TAMS 0x0000000082b00000, 0x0000000082b00000| Untracked 
|  44|0x0000000082c00000, 0x0000000082c00000, 0x0000000082d00000|  0%| F|  |TAMS 0x0000000082c00000, 0x0000000082c00000| Untracked 
|  45|0x0000000082d00000, 0x0000000082d00000, 0x0000000082e00000|  0%| F|  |TAMS 0x0000000082d00000, 0x0000000082d00000| Untracked 
|  46|0x0000000082e00000, 0x0000000082e00000, 0x0000000082f00000|  0%| F|  |TAMS 0x0000000082e00000, 0x0000000082e00000| Untracked 
|  47|0x0000000082f00000, 0x0000000082f00000, 0x0000000083000000|  0%| F|  |TAMS 0x0000000082f00000, 0x0000000082f00000| Untracked 
|  48|0x0000000083000000, 0x0000000083000000, 0x0000000083100000|  0%| F|  |TAMS 0x0000000083000000, 0x0000000083000000| Untracked 
|  49|0x0000000083100000, 0x0000000083100000, 0x0000000083200000|  0%| F|  |TAMS 0x0000000083100000, 0x0000000083100000| Untracked 
|  50|0x0000000083200000, 0x0000000083200000, 0x0000000083300000|  0%| F|  |TAMS 0x0000000083200000, 0x0000000083200000| Untracked 
|  51|0x0000000083300000, 0x0000000083300000, 0x0000000083400000|  0%| F|  |TAMS 0x0000000083300000, 0x0000000083300000| Untracked 
|  52|0x0000000083400000, 0x0000000083400000, 0x0000000083500000|  0%| F|  |TAMS 0x0000000083400000, 0x0000000083400000| Untracked 
|  53|0x0000000083500000, 0x0000000083500000, 0x0000000083600000|  0%| F|  |TAMS 0x0000000083500000, 0x0000000083500000| Untracked 
|  54|0x0000000083600000, 0x0000000083600000, 0x0000000083700000|  0%| F|  |TAMS 0x0000000083600000, 0x0000000083600000| Untracked 
|  55|0x0000000083700000, 0x0000000083700000, 0x0000000083800000|  0%| F|  |TAMS 0x0000000083700000, 0x0000000083700000| Untracked 
|  56|0x0000000083800000, 0x0000000083800000, 0x0000000083900000|  0%| F|  |TAMS 0x0000000083800000, 0x0000000083800000| Untracked 
|  57|0x0000000083900000, 0x0000000083900000, 0x0000000083a00000|  0%| F|  |TAMS 0x0000000083900000, 0x0000000083900000| Untracked 
|  58|0x0000000083a00000, 0x0000000083a00000, 0x0000000083b00000|  0%| F|  |TAMS 0x0000000083a00000, 0x0000000083a00000| Untracked 
|  59|0x0000000083b00000, 0x0000000083b00000, 0x0000000083c00000|  0%| F|  |TAMS 0x0000000083b00000, 0x0000000083b00000| Untracked 
|  60|0x0000000083c00000, 0x0000000083c00000, 0x0000000083d00000|  0%| F|  |TAMS 0x0000000083c00000, 0x0000000083c00000| Untracked 
|  61|0x0000000083d00000, 0x0000000083d00000, 0x0000000083e00000|  0%| F|  |TAMS 0x0000000083d00000, 0x0000000083d00000| Untracked 
|  62|0x0000000083e00000, 0x0000000083e00000, 0x0000000083f00000|  0%| F|  |TAMS 0x0000000083e00000, 0x0000000083e00000| Untracked 
|  63|0x0000000083f00000, 0x0000000083f00000, 0x0000000084000000|  0%| F|  |TAMS 0x0000000083f00000, 0x0000000083f00000| Untracked 
|  64|0x0000000084000000, 0x0000000084000000, 0x0000000084100000|  0%| F|  |TAMS 0x0000000084000000, 0x0000000084000000| Untracked 
|  65|0x0000000084100000, 0x0000000084100000, 0x0000000084200000|  0%| F|  |TAMS 0x0000000084100000, 0x0000000084100000| Untracked 
|  66|0x0000000084200000, 0x0000000084200000, 0x0000000084300000|  0%| F|  |TAMS 0x0000000084200000, 0x0000000084200000| Untracked 
|  67|0x0000000084300000, 0x0000000084300000, 0x0000000084400000|  0%| F|  |TAMS 0x0000000084300000, 0x0000000084300000| Untracked 
|  68|0x0000000084400000, 0x0000000084400000, 0x0000000084500000|  0%| F|  |TAMS 0x0000000084400000, 0x0000000084400000| Untracked 
|  69|0x0000000084500000, 0x0000000084500000, 0x0000000084600000|  0%| F|  |TAMS 0x0000000084500000, 0x0000000084500000| Untracked 
|  70|0x0000000084600000, 0x0000000084600000, 0x0000000084700000|  0%| F|  |TAMS 0x0000000084600000, 0x0000000084600000| Untracked 
|  71|0x0000000084700000, 0x0000000084700000, 0x0000000084800000|  0%| F|  |TAMS 0x0000000084700000, 0x0000000084700000| Untracked 
|  72|0x0000000084800000, 0x0000000084800000, 0x0000000084900000|  0%| F|  |TAMS 0x0000000084800000, 0x0000000084800000| Untracked 
|  73|0x0000000084900000, 0x0000000084900000, 0x0000000084a00000|  0%| F|  |TAMS 0x0000000084900000, 0x0000000084900000| Untracked 
|  74|0x0000000084a00000, 0x0000000084a00000, 0x0000000084b00000|  0%| F|  |TAMS 0x0000000084a00000, 0x0000000084a00000| Untracked 
|  75|0x0000000084b00000, 0x0000000084b00000, 0x0000000084c00000|  0%| F|  |TAMS 0x0000000084b00000, 0x0000000084b00000| Untracked 
|  76|0x0000000084c00000, 0x0000000084c00000, 0x0000000084d00000|  0%| F|  |TAMS 0x0000000084c00000, 0x0000000084c00000| Untracked 
|  77|0x0000000084d00000, 0x0000000084d00000, 0x0000000084e00000|  0%| F|  |TAMS 0x0000000084d00000, 0x0000000084d00000| Untracked 
|  78|0x0000000084e00000, 0x0000000084e00000, 0x0000000084f00000|  0%| F|  |TAMS 0x0000000084e00000, 0x0000000084e00000| Untracked 
|  79|0x0000000084f00000, 0x0000000084f00000, 0x0000000085000000|  0%| F|  |TAMS 0x0000000084f00000, 0x0000000084f00000| Untracked 
|  80|0x0000000085000000, 0x0000000085000000, 0x0000000085100000|  0%| F|  |TAMS 0x0000000085000000, 0x0000000085000000| Untracked 
|  81|0x0000000085100000, 0x0000000085100000, 0x0000000085200000|  0%| F|  |TAMS 0x0000000085100000, 0x0000000085100000| Untracked 
|  82|0x0000000085200000, 0x0000000085200000, 0x0000000085300000|  0%| F|  |TAMS 0x0000000085200000, 0x0000000085200000| Untracked 
|  83|0x0000000085300000, 0x0000000085300000, 0x0000000085400000|  0%| F|  |TAMS 0x0000000085300000, 0x0000000085300000| Untracked 
|  84|0x0000000085400000, 0x0000000085400000, 0x0000000085500000|  0%| F|  |TAMS 0x0000000085400000, 0x0000000085400000| Untracked 
|  85|0x0000000085500000, 0x0000000085500000, 0x0000000085600000|  0%| F|  |TAMS 0x0000000085500000, 0x0000000085500000| Untracked 
|  86|0x0000000085600000, 0x0000000085600000, 0x0000000085700000|  0%| F|  |TAMS 0x0000000085600000, 0x0000000085600000| Untracked 
|  87|0x0000000085700000, 0x0000000085700000, 0x0000000085800000|  0%| F|  |TAMS 0x0000000085700000, 0x0000000085700000| Untracked 
|  88|0x0000000085800000, 0x0000000085800000, 0x0000000085900000|  0%| F|  |TAMS 0x0000000085800000, 0x0000000085800000| Untracked 
|  89|0x0000000085900000, 0x0000000085900000, 0x0000000085a00000|  0%| F|  |TAMS 0x0000000085900000, 0x0000000085900000| Untracked 
|  90|0x0000000085a00000, 0x0000000085a00000, 0x0000000085b00000|  0%| F|  |TAMS 0x0000000085a00000, 0x0000000085a00000| Untracked 
|  91|0x0000000085b00000, 0x0000000085b00000, 0x0000000085c00000|  0%| F|  |TAMS 0x0000000085b00000, 0x0000000085b00000| Untracked 
|  92|0x0000000085c00000, 0x0000000085c00000, 0x0000000085d00000|  0%| F|  |TAMS 0x0000000085c00000, 0x0000000085c00000| Untracked 
|  93|0x0000000085d00000, 0x0000000085d00000, 0x0000000085e00000|  0%| F|  |TAMS 0x0000000085d00000, 0x0000000085d00000| Untracked 
|  94|0x0000000085e00000, 0x0000000085e00000, 0x0000000085f00000|  0%| F|  |TAMS 0x0000000085e00000, 0x0000000085e00000| Untracked 
|  95|0x0000000085f00000, 0x0000000085f00000, 0x0000000086000000|  0%| F|  |TAMS 0x0000000085f00000, 0x0000000085f00000| Untracked 
|  96|0x0000000086000000, 0x0000000086000000, 0x0000000086100000|  0%| F|  |TAMS 0x0000000086000000, 0x0000000086000000| Untracked 
|  97|0x0000000086100000, 0x0000000086100000, 0x0000000086200000|  0%| F|  |TAMS 0x0000000086100000, 0x0000000086100000| Untracked 
|  98|0x0000000086200000, 0x0000000086200000, 0x0000000086300000|  0%| F|  |TAMS 0x0000000086200000, 0x0000000086200000| Untracked 
|  99|0x0000000086300000, 0x0000000086300000, 0x0000000086400000|  0%| F|  |TAMS 0x0000000086300000, 0x0000000086300000| Untracked 
| 100|0x0000000086400000, 0x0000000086400000, 0x0000000086500000|  0%| F|  |TAMS 0x0000000086400000, 0x0000000086400000| Untracked 
| 101|0x0000000086500000, 0x0000000086500000, 0x0000000086600000|  0%| F|  |TAMS 0x0000000086500000, 0x0000000086500000| Untracked 
| 102|0x0000000086600000, 0x0000000086600000, 0x0000000086700000|  0%| F|  |TAMS 0x0000000086600000, 0x0000000086600000| Untracked 
| 103|0x0000000086700000, 0x0000000086700000, 0x0000000086800000|  0%| F|  |TAMS 0x0000000086700000, 0x0000000086700000| Untracked 
| 104|0x0000000086800000, 0x0000000086800000, 0x0000000086900000|  0%| F|  |TAMS 0x0000000086800000, 0x0000000086800000| Untracked 
| 105|0x0000000086900000, 0x0000000086900000, 0x0000000086a00000|  0%| F|  |TAMS 0x0000000086900000, 0x0000000086900000| Untracked 
| 106|0x0000000086a00000, 0x0000000086a00000, 0x0000000086b00000|  0%| F|  |TAMS 0x0000000086a00000, 0x0000000086a00000| Untracked 
| 107|0x0000000086b00000, 0x0000000086b00000, 0x0000000086c00000|  0%| F|  |TAMS 0x0000000086b00000, 0x0000000086b00000| Untracked 
| 108|0x0000000086c00000, 0x0000000086c00000, 0x0000000086d00000|  0%| F|  |TAMS 0x0000000086c00000, 0x0000000086c00000| Untracked 
| 109|0x0000000086d00000, 0x0000000086d00000, 0x0000000086e00000|  0%| F|  |TAMS 0x0000000086d00000, 0x0000000086d00000| Untracked 
| 110|0x0000000086e00000, 0x0000000086e00000, 0x0000000086f00000|  0%| F|  |TAMS 0x0000000086e00000, 0x0000000086e00000| Untracked 
| 111|0x0000000086f00000, 0x0000000086f00000, 0x0000000087000000|  0%| F|  |TAMS 0x0000000086f00000, 0x0000000086f00000| Untracked 
| 112|0x0000000087000000, 0x0000000087000000, 0x0000000087100000|  0%| F|  |TAMS 0x0000000087000000, 0x0000000087000000| Untracked 
| 113|0x0000000087100000, 0x0000000087100000, 0x0000000087200000|  0%| F|  |TAMS 0x0000000087100000, 0x0000000087100000| Untracked 
| 114|0x0000000087200000, 0x0000000087200000, 0x0000000087300000|  0%| F|  |TAMS 0x0000000087200000, 0x0000000087200000| Untracked 
| 115|0x0000000087300000, 0x0000000087300000, 0x0000000087400000|  0%| F|  |TAMS 0x0000000087300000, 0x0000000087300000| Untracked 
| 116|0x0000000087400000, 0x0000000087400000, 0x0000000087500000|  0%| F|  |TAMS 0x0000000087400000, 0x0000000087400000| Untracked 
| 117|0x0000000087500000, 0x0000000087500000, 0x0000000087600000|  0%| F|  |TAMS 0x0000000087500000, 0x0000000087500000| Untracked 
| 118|0x0000000087600000, 0x0000000087600000, 0x0000000087700000|  0%| F|  |TAMS 0x0000000087600000, 0x0000000087600000| Untracked 
| 119|0x0000000087700000, 0x0000000087700000, 0x0000000087800000|  0%| F|  |TAMS 0x0000000087700000, 0x0000000087700000| Untracked 
| 120|0x0000000087800000, 0x0000000087800000, 0x0000000087900000|  0%| F|  |TAMS 0x0000000087800000, 0x0000000087800000| Untracked 
| 121|0x0000000087900000, 0x0000000087900000, 0x0000000087a00000|  0%| F|  |TAMS 0x0000000087900000, 0x0000000087900000| Untracked 
| 122|0x0000000087a00000, 0x0000000087a00000, 0x0000000087b00000|  0%| F|  |TAMS 0x0000000087a00000, 0x0000000087a00000| Untracked 
| 123|0x0000000087b00000, 0x0000000087b00000, 0x0000000087c00000|  0%| F|  |TAMS 0x0000000087b00000, 0x0000000087b00000| Untracked 
| 124|0x0000000087c00000, 0x0000000087c00000, 0x0000000087d00000|  0%| F|  |TAMS 0x0000000087c00000, 0x0000000087c00000| Untracked 
| 125|0x0000000087d00000, 0x0000000087d00000, 0x0000000087e00000|  0%| F|  |TAMS 0x0000000087d00000, 0x0000000087d00000| Untracked 
| 126|0x0000000087e00000, 0x0000000087e00000, 0x0000000087f00000|  0%| F|  |TAMS 0x0000000087e00000, 0x0000000087e00000| Untracked 
| 127|0x0000000087f00000, 0x0000000087f00000, 0x0000000088000000|  0%| F|  |TAMS 0x0000000087f00000, 0x0000000087f00000| Untracked 
| 128|0x0000000088000000, 0x0000000088000000, 0x0000000088100000|  0%| F|  |TAMS 0x0000000088000000, 0x0000000088000000| Untracked 
| 129|0x0000000088100000, 0x0000000088100000, 0x0000000088200000|  0%| F|  |TAMS 0x0000000088100000, 0x0000000088100000| Untracked 
| 130|0x0000000088200000, 0x0000000088200000, 0x0000000088300000|  0%| F|  |TAMS 0x0000000088200000, 0x0000000088200000| Untracked 
| 131|0x0000000088300000, 0x0000000088300000, 0x0000000088400000|  0%| F|  |TAMS 0x0000000088300000, 0x0000000088300000| Untracked 
| 132|0x0000000088400000, 0x0000000088400000, 0x0000000088500000|  0%| F|  |TAMS 0x0000000088400000, 0x0000000088400000| Untracked 
| 133|0x0000000088500000, 0x0000000088500000, 0x0000000088600000|  0%| F|  |TAMS 0x0000000088500000, 0x0000000088500000| Untracked 
| 134|0x0000000088600000, 0x0000000088600000, 0x0000000088700000|  0%| F|  |TAMS 0x0000000088600000, 0x0000000088600000| Untracked 
| 135|0x0000000088700000, 0x0000000088700000, 0x0000000088800000|  0%| F|  |TAMS 0x0000000088700000, 0x0000000088700000| Untracked 
| 136|0x0000000088800000, 0x0000000088800000, 0x0000000088900000|  0%| F|  |TAMS 0x0000000088800000, 0x0000000088800000| Untracked 
| 137|0x0000000088900000, 0x0000000088900000, 0x0000000088a00000|  0%| F|  |TAMS 0x0000000088900000, 0x0000000088900000| Untracked 
| 138|0x0000000088a00000, 0x0000000088a00000, 0x0000000088b00000|  0%| F|  |TAMS 0x0000000088a00000, 0x0000000088a00000| Untracked 
| 139|0x0000000088b00000, 0x0000000088b00000, 0x0000000088c00000|  0%| F|  |TAMS 0x0000000088b00000, 0x0000000088b00000| Untracked 
| 140|0x0000000088c00000, 0x0000000088c00000, 0x0000000088d00000|  0%| F|  |TAMS 0x0000000088c00000, 0x0000000088c00000| Untracked 
| 141|0x0000000088d00000, 0x0000000088d00000, 0x0000000088e00000|  0%| F|  |TAMS 0x0000000088d00000, 0x0000000088d00000| Untracked 
| 142|0x0000000088e00000, 0x0000000088e00000, 0x0000000088f00000|  0%| F|  |TAMS 0x0000000088e00000, 0x0000000088e00000| Untracked 
| 143|0x0000000088f00000, 0x0000000088f00000, 0x0000000089000000|  0%| F|  |TAMS 0x0000000088f00000, 0x0000000088f00000| Untracked 
| 144|0x0000000089000000, 0x0000000089000000, 0x0000000089100000|  0%| F|  |TAMS 0x0000000089000000, 0x0000000089000000| Untracked 
| 145|0x0000000089100000, 0x0000000089100000, 0x0000000089200000|  0%| F|  |TAMS 0x0000000089100000, 0x0000000089100000| Untracked 
| 146|0x0000000089200000, 0x0000000089300000, 0x0000000089300000|100%| E|  |TAMS 0x0000000089200000, 0x0000000089200000| Complete 
| 147|0x0000000089300000, 0x0000000089400000, 0x0000000089400000|100%| E|CS|TAMS 0x0000000089300000, 0x0000000089300000| Complete 
| 148|0x0000000089400000, 0x0000000089500000, 0x0000000089500000|100%| E|CS|TAMS 0x0000000089400000, 0x0000000089400000| Complete 
| 149|0x0000000089500000, 0x0000000089600000, 0x0000000089600000|100%| E|CS|TAMS 0x0000000089500000, 0x0000000089500000| Complete 
| 150|0x0000000089600000, 0x0000000089700000, 0x0000000089700000|100%| E|CS|TAMS 0x0000000089600000, 0x0000000089600000| Complete 
| 151|0x0000000089700000, 0x0000000089800000, 0x0000000089800000|100%| E|CS|TAMS 0x0000000089700000, 0x0000000089700000| Complete 
| 152|0x0000000089800000, 0x0000000089900000, 0x0000000089900000|100%| E|CS|TAMS 0x0000000089800000, 0x0000000089800000| Complete 
| 153|0x0000000089900000, 0x0000000089a00000, 0x0000000089a00000|100%| E|CS|TAMS 0x0000000089900000, 0x0000000089900000| Complete 
| 154|0x0000000089a00000, 0x0000000089b00000, 0x0000000089b00000|100%| E|CS|TAMS 0x0000000089a00000, 0x0000000089a00000| Complete 
| 155|0x0000000089b00000, 0x0000000089c00000, 0x0000000089c00000|100%| E|CS|TAMS 0x0000000089b00000, 0x0000000089b00000| Complete 
| 156|0x0000000089c00000, 0x0000000089d00000, 0x0000000089d00000|100%| E|CS|TAMS 0x0000000089c00000, 0x0000000089c00000| Complete 
| 157|0x0000000089d00000, 0x0000000089e00000, 0x0000000089e00000|100%| E|CS|TAMS 0x0000000089d00000, 0x0000000089d00000| Complete 
| 158|0x0000000089e00000, 0x0000000089f00000, 0x0000000089f00000|100%| E|CS|TAMS 0x0000000089e00000, 0x0000000089e00000| Complete 
| 159|0x0000000089f00000, 0x000000008a000000, 0x000000008a000000|100%| E|CS|TAMS 0x0000000089f00000, 0x0000000089f00000| Complete 
| 160|0x000000008a000000, 0x000000008a100000, 0x000000008a100000|100%| E|CS|TAMS 0x000000008a000000, 0x000000008a000000| Complete 
| 161|0x000000008a100000, 0x000000008a200000, 0x000000008a200000|100%| E|CS|TAMS 0x000000008a100000, 0x000000008a100000| Complete 
| 162|0x000000008a200000, 0x000000008a300000, 0x000000008a300000|100%| E|CS|TAMS 0x000000008a200000, 0x000000008a200000| Complete 
| 163|0x000000008a300000, 0x000000008a400000, 0x000000008a400000|100%| E|CS|TAMS 0x000000008a300000, 0x000000008a300000| Complete 
| 164|0x000000008a400000, 0x000000008a500000, 0x000000008a500000|100%| E|CS|TAMS 0x000000008a400000, 0x000000008a400000| Complete 
| 165|0x000000008a500000, 0x000000008a600000, 0x000000008a600000|100%| E|CS|TAMS 0x000000008a500000, 0x000000008a500000| Complete 
| 166|0x000000008a600000, 0x000000008a700000, 0x000000008a700000|100%| E|CS|TAMS 0x000000008a600000, 0x000000008a600000| Complete 
| 167|0x000000008a700000, 0x000000008a800000, 0x000000008a800000|100%| E|CS|TAMS 0x000000008a700000, 0x000000008a700000| Complete 
| 168|0x000000008a800000, 0x000000008a900000, 0x000000008a900000|100%| E|CS|TAMS 0x000000008a800000, 0x000000008a800000| Complete 
| 169|0x000000008a900000, 0x000000008aa00000, 0x000000008aa00000|100%| E|CS|TAMS 0x000000008a900000, 0x000000008a900000| Complete 
| 170|0x000000008aa00000, 0x000000008ab00000, 0x000000008ab00000|100%| E|CS|TAMS 0x000000008aa00000, 0x000000008aa00000| Complete 
| 171|0x000000008ab00000, 0x000000008ac00000, 0x000000008ac00000|100%| E|CS|TAMS 0x000000008ab00000, 0x000000008ab00000| Complete 
| 172|0x000000008ac00000, 0x000000008ad00000, 0x000000008ad00000|100%| E|CS|TAMS 0x000000008ac00000, 0x000000008ac00000| Complete 
| 173|0x000000008ad00000, 0x000000008ae00000, 0x000000008ae00000|100%| E|CS|TAMS 0x000000008ad00000, 0x000000008ad00000| Complete 
| 174|0x000000008ae00000, 0x000000008af00000, 0x000000008af00000|100%| E|CS|TAMS 0x000000008ae00000, 0x000000008ae00000| Complete 
| 175|0x000000008af00000, 0x000000008b000000, 0x000000008b000000|100%| E|CS|TAMS 0x000000008af00000, 0x000000008af00000| Complete 
| 176|0x000000008b000000, 0x000000008b100000, 0x000000008b100000|100%| E|CS|TAMS 0x000000008b000000, 0x000000008b000000| Complete 
| 177|0x000000008b100000, 0x000000008b200000, 0x000000008b200000|100%| E|CS|TAMS 0x000000008b100000, 0x000000008b100000| Complete 
| 178|0x000000008b200000, 0x000000008b300000, 0x000000008b300000|100%| E|CS|TAMS 0x000000008b200000, 0x000000008b200000| Complete 
| 179|0x000000008b300000, 0x000000008b400000, 0x000000008b400000|100%| E|CS|TAMS 0x000000008b300000, 0x000000008b300000| Complete 
| 180|0x000000008b400000, 0x000000008b500000, 0x000000008b500000|100%| E|CS|TAMS 0x000000008b400000, 0x000000008b400000| Complete 
| 181|0x000000008b500000, 0x000000008b600000, 0x000000008b600000|100%| E|CS|TAMS 0x000000008b500000, 0x000000008b500000| Complete 
| 182|0x000000008b600000, 0x000000008b700000, 0x000000008b700000|100%| E|CS|TAMS 0x000000008b600000, 0x000000008b600000| Complete 
| 183|0x000000008b700000, 0x000000008b800000, 0x000000008b800000|100%| E|CS|TAMS 0x000000008b700000, 0x000000008b700000| Complete 
| 184|0x000000008b800000, 0x000000008b900000, 0x000000008b900000|100%| E|CS|TAMS 0x000000008b800000, 0x000000008b800000| Complete 
| 185|0x000000008b900000, 0x000000008ba00000, 0x000000008ba00000|100%| E|CS|TAMS 0x000000008b900000, 0x000000008b900000| Complete 
| 186|0x000000008ba00000, 0x000000008bb00000, 0x000000008bb00000|100%| E|CS|TAMS 0x000000008ba00000, 0x000000008ba00000| Complete 
| 187|0x000000008bb00000, 0x000000008bc00000, 0x000000008bc00000|100%| E|CS|TAMS 0x000000008bb00000, 0x000000008bb00000| Complete 
| 188|0x000000008bc00000, 0x000000008bd00000, 0x000000008bd00000|100%| E|CS|TAMS 0x000000008bc00000, 0x000000008bc00000| Complete 
| 189|0x000000008bd00000, 0x000000008be00000, 0x000000008be00000|100%| E|CS|TAMS 0x000000008bd00000, 0x000000008bd00000| Complete 
| 190|0x000000008be00000, 0x000000008bf00000, 0x000000008bf00000|100%| E|CS|TAMS 0x000000008be00000, 0x000000008be00000| Complete 
| 191|0x000000008bf00000, 0x000000008c000000, 0x000000008c000000|100%| E|CS|TAMS 0x000000008bf00000, 0x000000008bf00000| Complete 
| 192|0x000000008c000000, 0x000000008c100000, 0x000000008c100000|100%| E|CS|TAMS 0x000000008c000000, 0x000000008c000000| Complete 
| 193|0x000000008c100000, 0x000000008c200000, 0x000000008c200000|100%| E|CS|TAMS 0x000000008c100000, 0x000000008c100000| Complete 
| 194|0x000000008c200000, 0x000000008c300000, 0x000000008c300000|100%| E|CS|TAMS 0x000000008c200000, 0x000000008c200000| Complete 
| 195|0x000000008c300000, 0x000000008c400000, 0x000000008c400000|100%| E|CS|TAMS 0x000000008c300000, 0x000000008c300000| Complete 
| 196|0x000000008c400000, 0x000000008c500000, 0x000000008c500000|100%| E|CS|TAMS 0x000000008c400000, 0x000000008c400000| Complete 
| 197|0x000000008c500000, 0x000000008c600000, 0x000000008c600000|100%| E|CS|TAMS 0x000000008c500000, 0x000000008c500000| Complete 
| 198|0x000000008c600000, 0x000000008c700000, 0x000000008c700000|100%| E|CS|TAMS 0x000000008c600000, 0x000000008c600000| Complete 
| 199|0x000000008c700000, 0x000000008c800000, 0x000000008c800000|100%| E|CS|TAMS 0x000000008c700000, 0x000000008c700000| Complete 
| 200|0x000000008c800000, 0x000000008c900000, 0x000000008c900000|100%| E|CS|TAMS 0x000000008c800000, 0x000000008c800000| Complete 
| 201|0x000000008c900000, 0x000000008ca00000, 0x000000008ca00000|100%| E|CS|TAMS 0x000000008c900000, 0x000000008c900000| Complete 
| 202|0x000000008ca00000, 0x000000008cab4b40, 0x000000008cb00000| 70%| S|CS|TAMS 0x000000008ca00000, 0x000000008ca00000| Complete 
| 203|0x000000008cb00000, 0x000000008cc00000, 0x000000008cc00000|100%| S|CS|TAMS 0x000000008cb00000, 0x000000008cb00000| Complete 
| 204|0x000000008cc00000, 0x000000008cd00000, 0x000000008cd00000|100%| S|CS|TAMS 0x000000008cc00000, 0x000000008cc00000| Complete 
| 205|0x000000008cd00000, 0x000000008ce00000, 0x000000008ce00000|100%| S|CS|TAMS 0x000000008cd00000, 0x000000008cd00000| Complete 
| 206|0x000000008ce00000, 0x000000008cf00000, 0x000000008cf00000|100%| S|CS|TAMS 0x000000008ce00000, 0x000000008ce00000| Complete 
| 207|0x000000008cf00000, 0x000000008d000000, 0x000000008d000000|100%| S|CS|TAMS 0x000000008cf00000, 0x000000008cf00000| Complete 
| 208|0x000000008d000000, 0x000000008d100000, 0x000000008d100000|100%| S|CS|TAMS 0x000000008d000000, 0x000000008d000000| Complete 
| 209|0x000000008d100000, 0x000000008d200000, 0x000000008d200000|100%| S|CS|TAMS 0x000000008d100000, 0x000000008d100000| Complete 
| 210|0x000000008d200000, 0x000000008d300000, 0x000000008d300000|100%| S|CS|TAMS 0x000000008d200000, 0x000000008d200000| Complete 
| 211|0x000000008d300000, 0x000000008d400000, 0x000000008d400000|100%| E|CS|TAMS 0x000000008d300000, 0x000000008d300000| Complete 
| 212|0x000000008d400000, 0x000000008d500000, 0x000000008d500000|100%| E|CS|TAMS 0x000000008d400000, 0x000000008d400000| Complete 
| 213|0x000000008d500000, 0x000000008d600000, 0x000000008d600000|100%| E|CS|TAMS 0x000000008d500000, 0x000000008d500000| Complete 
| 214|0x000000008d600000, 0x000000008d700000, 0x000000008d700000|100%| E|CS|TAMS 0x000000008d600000, 0x000000008d600000| Complete 
| 215|0x000000008d700000, 0x000000008d800000, 0x000000008d800000|100%| E|CS|TAMS 0x000000008d700000, 0x000000008d700000| Complete 
| 216|0x000000008d800000, 0x000000008d900000, 0x000000008d900000|100%| E|  |TAMS 0x000000008d800000, 0x000000008d800000| Complete 
| 217|0x000000008d900000, 0x000000008da00000, 0x000000008da00000|100%| E|CS|TAMS 0x000000008d900000, 0x000000008d900000| Complete 
| 218|0x000000008da00000, 0x000000008db00000, 0x000000008db00000|100%| E|CS|TAMS 0x000000008da00000, 0x000000008da00000| Complete 
| 219|0x000000008db00000, 0x000000008dc00000, 0x000000008dc00000|100%| E|CS|TAMS 0x000000008db00000, 0x000000008db00000| Complete 
| 220|0x000000008dc00000, 0x000000008dd00000, 0x000000008dd00000|100%| E|CS|TAMS 0x000000008dc00000, 0x000000008dc00000| Complete 
| 221|0x000000008dd00000, 0x000000008de00000, 0x000000008de00000|100%| E|CS|TAMS 0x000000008dd00000, 0x000000008dd00000| Complete 
| 222|0x000000008de00000, 0x000000008df00000, 0x000000008df00000|100%| E|CS|TAMS 0x000000008de00000, 0x000000008de00000| Complete 
| 223|0x000000008df00000, 0x000000008e000000, 0x000000008e000000|100%| E|CS|TAMS 0x000000008df00000, 0x000000008df00000| Complete 
| 224|0x000000008e000000, 0x000000008e100000, 0x000000008e100000|100%| E|CS|TAMS 0x000000008e000000, 0x000000008e000000| Complete 
| 225|0x000000008e100000, 0x000000008e200000, 0x000000008e200000|100%| E|CS|TAMS 0x000000008e100000, 0x000000008e100000| Complete 
| 226|0x000000008e200000, 0x000000008e300000, 0x000000008e300000|100%| E|CS|TAMS 0x000000008e200000, 0x000000008e200000| Complete 
| 227|0x000000008e300000, 0x000000008e400000, 0x000000008e400000|100%| E|CS|TAMS 0x000000008e300000, 0x000000008e300000| Complete 
| 228|0x000000008e400000, 0x000000008e500000, 0x000000008e500000|100%| E|CS|TAMS 0x000000008e400000, 0x000000008e400000| Complete 
| 229|0x000000008e500000, 0x000000008e600000, 0x000000008e600000|100%| E|CS|TAMS 0x000000008e500000, 0x000000008e500000| Complete 
| 230|0x000000008e600000, 0x000000008e700000, 0x000000008e700000|100%| E|CS|TAMS 0x000000008e600000, 0x000000008e600000| Complete 
| 231|0x000000008e700000, 0x000000008e800000, 0x000000008e800000|100%| E|CS|TAMS 0x000000008e700000, 0x000000008e700000| Complete 
| 232|0x000000008e800000, 0x000000008e900000, 0x000000008e900000|100%| E|CS|TAMS 0x000000008e800000, 0x000000008e800000| Complete 
| 233|0x000000008e900000, 0x000000008ea00000, 0x000000008ea00000|100%| E|CS|TAMS 0x000000008e900000, 0x000000008e900000| Complete 
| 234|0x000000008ea00000, 0x000000008eb00000, 0x000000008eb00000|100%| E|CS|TAMS 0x000000008ea00000, 0x000000008ea00000| Complete 
| 235|0x000000008eb00000, 0x000000008ec00000, 0x000000008ec00000|100%| E|CS|TAMS 0x000000008eb00000, 0x000000008eb00000| Complete 
| 236|0x000000008ec00000, 0x000000008ed00000, 0x000000008ed00000|100%| E|CS|TAMS 0x000000008ec00000, 0x000000008ec00000| Complete 
| 237|0x000000008ed00000, 0x000000008ee00000, 0x000000008ee00000|100%| E|CS|TAMS 0x000000008ed00000, 0x000000008ed00000| Complete 
| 238|0x000000008ee00000, 0x000000008ef00000, 0x000000008ef00000|100%| E|CS|TAMS 0x000000008ee00000, 0x000000008ee00000| Complete 
| 239|0x000000008ef00000, 0x000000008f000000, 0x000000008f000000|100%| E|CS|TAMS 0x000000008ef00000, 0x000000008ef00000| Complete 
| 240|0x000000008f000000, 0x000000008f100000, 0x000000008f100000|100%| E|CS|TAMS 0x000000008f000000, 0x000000008f000000| Complete 
| 241|0x000000008f100000, 0x000000008f200000, 0x000000008f200000|100%| E|CS|TAMS 0x000000008f100000, 0x000000008f100000| Complete 
| 242|0x000000008f200000, 0x000000008f300000, 0x000000008f300000|100%| E|CS|TAMS 0x000000008f200000, 0x000000008f200000| Complete 
| 243|0x000000008f300000, 0x000000008f400000, 0x000000008f400000|100%| E|CS|TAMS 0x000000008f300000, 0x000000008f300000| Complete 
| 244|0x000000008f400000, 0x000000008f500000, 0x000000008f500000|100%| E|CS|TAMS 0x000000008f400000, 0x000000008f400000| Complete 
| 245|0x000000008f500000, 0x000000008f600000, 0x000000008f600000|100%| E|CS|TAMS 0x000000008f500000, 0x000000008f500000| Complete 
| 246|0x000000008f600000, 0x000000008f700000, 0x000000008f700000|100%| E|CS|TAMS 0x000000008f600000, 0x000000008f600000| Complete 
| 247|0x000000008f700000, 0x000000008f800000, 0x000000008f800000|100%| E|CS|TAMS 0x000000008f700000, 0x000000008f700000| Complete 
| 248|0x000000008f800000, 0x000000008f900000, 0x000000008f900000|100%| E|CS|TAMS 0x000000008f800000, 0x000000008f800000| Complete 
| 249|0x000000008f900000, 0x000000008fa00000, 0x000000008fa00000|100%| E|CS|TAMS 0x000000008f900000, 0x000000008f900000| Complete 
| 250|0x000000008fa00000, 0x000000008fb00000, 0x000000008fb00000|100%| E|CS|TAMS 0x000000008fa00000, 0x000000008fa00000| Complete 
| 251|0x000000008fb00000, 0x000000008fc00000, 0x000000008fc00000|100%| E|CS|TAMS 0x000000008fb00000, 0x000000008fb00000| Complete 
| 252|0x000000008fc00000, 0x000000008fd00000, 0x000000008fd00000|100%| E|CS|TAMS 0x000000008fc00000, 0x000000008fc00000| Complete 
| 253|0x000000008fd00000, 0x000000008fe00000, 0x000000008fe00000|100%| E|CS|TAMS 0x000000008fd00000, 0x000000008fd00000| Complete 

Card table byte_map: [0x0000023f3a200000,0x0000023f3a600000] _byte_map_base: 0x0000023f39e00000

Marking Bits (Prev, Next): (CMBitMap*) 0x0000023f2700e678, (CMBitMap*) 0x0000023f2700e6b0
 Prev Bits: [0x0000023f3aa00000, 0x0000023f3ca00000)
 Next Bits: [0x0000023f3ca00000, 0x0000023f3ea00000)

Polling page: 0x0000023f24e80000

Metaspace:

Usage:
  Non-class:     37.73 MB capacity,    37.09 MB ( 98%) used,   549.32 KB (  1%) free+waste,   101.88 KB ( <1%) overhead. 
      Class:      5.77 MB capacity,     5.42 MB ( 94%) used,   311.56 KB (  5%) free+waste,    48.69 KB ( <1%) overhead. 
       Both:     43.50 MB capacity,    42.51 MB ( 98%) used,   860.88 KB (  2%) free+waste,   150.56 KB ( <1%) overhead. 

Virtual space:
  Non-class space:       38.00 MB reserved,      37.75 MB (>99%) committed 
      Class space:        1.00 GB reserved,       5.82 MB ( <1%) committed 
             Both:        1.04 GB reserved,      43.57 MB (  4%) committed 

Chunk freelists:
   Non-Class:  21.00 KB
       Class:  10.00 KB
        Both:  31.00 KB

MaxMetaspaceSize: 17179869184.00 GB
CompressedClassSpaceSize: 1.00 GB

CodeHeap 'non-profiled nmethods': size=120000Kb used=1844Kb max_used=1844Kb free=118155Kb
 bounds [0x0000023f325a0000, 0x0000023f32810000, 0x0000023f39ad0000]
CodeHeap 'profiled nmethods': size=120000Kb used=8062Kb max_used=8062Kb free=111937Kb
 bounds [0x0000023f2b070000, 0x0000023f2b850000, 0x0000023f325a0000]
CodeHeap 'non-nmethods': size=5760Kb used=2204Kb max_used=2237Kb free=3555Kb
 bounds [0x0000023f2aad0000, 0x0000023f2ad40000, 0x0000023f2b070000]
 total_blobs=4501 nmethods=3733 adapters=679
 compilation: enabled
              stopped_count=0, restarted_count=0
 full_count=0

Compilation events (20 events):
Event: 10.979 Thread 0x0000023f41d33800 3743       3       groovyjarjarasm.asm.ByteVector::putUTF8 (144 bytes)
Event: 10.981 Thread 0x0000023f41d33800 nmethod 3743 0x0000023f2b847010 code [0x0000023f2b8472a0, 0x0000023f2b847dc8]
Event: 10.981 Thread 0x0000023f41d33800 3744       3       groovyjarjarasm.asm.Symbol::<init> (38 bytes)
Event: 10.982 Thread 0x0000023f41d33800 nmethod 3744 0x0000023f2b848310 code [0x0000023f2b8484c0, 0x0000023f2b848758]
Event: 10.982 Thread 0x0000023f41d33800 3745       3       groovyjarjarasm.asm.SymbolTable::put (150 bytes)
Event: 10.982 Thread 0x0000023f41d33800 nmethod 3745 0x0000023f2b848890 code [0x0000023f2b848aa0, 0x0000023f2b8492f8]
Event: 11.008 Thread 0x0000023f41d33800 3746       3       java.lang.reflect.Constructor::getParameterTypes (11 bytes)
Event: 11.009 Thread 0x0000023f41d33800 nmethod 3746 0x0000023f2b849610 code [0x0000023f2b8497e0, 0x0000023f2b849a88]
Event: 11.009 Thread 0x0000023f41d33800 3747       1       jdk.internal.reflect.ClassFileAssembler::getStack (5 bytes)
Event: 11.009 Thread 0x0000023f41d33800 nmethod 3747 0x0000023f3276bd90 code [0x0000023f3276bf40, 0x0000023f3276bff8]
Event: 11.014 Thread 0x0000023f41d33800 3748       3       com.google.common.collect.ObjectArrays::checkElementNotNull (36 bytes)
Event: 11.015 Thread 0x0000023f41d33800 nmethod 3748 0x0000023f2b849b90 code [0x0000023f2b849e00, 0x0000023f2b84a658]
Event: 11.015 Thread 0x0000023f41d33800 3749       3       java.util.Collections$SingletonList::iterator (8 bytes)
Event: 11.015 Thread 0x0000023f41d33800 nmethod 3749 0x0000023f2b84a990 code [0x0000023f2b84ab60, 0x0000023f2b84ae38]
Event: 11.016 Thread 0x0000023f41d33800 3750       3       org.gradle.internal.instantiation.generator.AbstractClassGenerator$GeneratedClassImpl$GeneratedConstructorImpl::getParameterTypes (8 bytes)
Event: 11.016 Thread 0x0000023f41d33800 nmethod 3750 0x0000023f2b84af90 code [0x0000023f2b84b160, 0x0000023f2b84b468]
Event: 11.016 Thread 0x0000023f41d33800 3751       1       org.gradle.internal.instantiation.generator.DefaultInstantiationScheme::instantiator (5 bytes)
Event: 11.016 Thread 0x0000023f41d33800 nmethod 3751 0x0000023f3276c090 code [0x0000023f3276c240, 0x0000023f3276c2f8]
Event: 11.016 Thread 0x0000023f41d33800 3752       1       org.gradle.internal.instantiation.generator.AbstractClassGenerator$GeneratedClassImpl::getOuterType (5 bytes)
Event: 11.016 Thread 0x0000023f41d33800 nmethod 3752 0x0000023f3276c390 code [0x0000023f3276c540, 0x0000023f3276c5f8]

GC Heap History (12 events):
Event: 0.676 GC heap before
{Heap before GC invocations=0 (full 0):
 garbage-first heap   total 260096K, used 29696K [0x0000000080000000, 0x0000000100000000)
  region size 1024K, 24 young (24576K), 0 survivors (0K)
 Metaspace       used 10249K, capacity 10495K, committed 10624K, reserved 1058816K
  class space    used 1072K, capacity 1141K, committed 1152K, reserved 1048576K
}
Event: 0.680 GC heap after
{Heap after GC invocations=1 (full 0):
 garbage-first heap   total 260096K, used 9492K [0x0000000080000000, 0x0000000100000000)
  region size 1024K, 3 young (3072K), 3 survivors (3072K)
 Metaspace       used 10249K, capacity 10495K, committed 10624K, reserved 1058816K
  class space    used 1072K, capacity 1141K, committed 1152K, reserved 1048576K
}
Event: 1.031 GC heap before
{Heap before GC invocations=1 (full 0):
 garbage-first heap   total 260096K, used 51476K [0x0000000080000000, 0x0000000100000000)
  region size 1024K, 44 young (45056K), 3 survivors (3072K)
 Metaspace       used 11360K, capacity 11698K, committed 11904K, reserved 1060864K
  class space    used 1195K, capacity 1286K, committed 1408K, reserved 1048576K
}
Event: 1.036 GC heap after
{Heap after GC invocations=2 (full 0):
 garbage-first heap   total 260096K, used 14007K [0x0000000080000000, 0x0000000100000000)
  region size 1024K, 6 young (6144K), 6 survivors (6144K)
 Metaspace       used 11360K, capacity 11698K, committed 11904K, reserved 1060864K
  class space    used 1195K, capacity 1286K, committed 1408K, reserved 1048576K
}
Event: 2.580 GC heap before
{Heap before GC invocations=2 (full 0):
 garbage-first heap   total 260096K, used 65207K [0x0000000080000000, 0x0000000100000000)
  region size 1024K, 56 young (57344K), 6 survivors (6144K)
 Metaspace       used 19742K, capacity 20029K, committed 20224K, reserved 1067008K
  class space    used 2432K, capacity 2554K, committed 2560K, reserved 1048576K
}
Event: 2.588 GC heap after
{Heap after GC invocations=3 (full 0):
 garbage-first heap   total 260096K, used 16702K [0x0000000080000000, 0x0000000100000000)
  region size 1024K, 6 young (6144K), 6 survivors (6144K)
 Metaspace       used 19742K, capacity 20029K, committed 20224K, reserved 1067008K
  class space    used 2432K, capacity 2554K, committed 2560K, reserved 1048576K
}
Event: 2.689 GC heap before
{Heap before GC invocations=3 (full 0):
 garbage-first heap   total 260096K, used 22846K [0x0000000080000000, 0x0000000100000000)
  region size 1024K, 13 young (13312K), 6 survivors (6144K)
 Metaspace       used 20684K, capacity 21095K, committed 21248K, reserved 1067008K
  class space    used 2544K, capacity 2697K, committed 2816K, reserved 1048576K
}
Event: 2.695 GC heap after
{Heap after GC invocations=4 (full 0):
 garbage-first heap   total 260096K, used 17132K [0x0000000080000000, 0x0000000100000000)
  region size 1024K, 4 young (4096K), 4 survivors (4096K)
 Metaspace       used 20684K, capacity 21095K, committed 21248K, reserved 1067008K
  class space    used 2544K, capacity 2697K, committed 2816K, reserved 1048576K
}
Event: 5.103 GC heap before
{Heap before GC invocations=5 (full 0):
 garbage-first heap   total 260096K, used 86764K [0x0000000080000000, 0x0000000100000000)
  region size 1024K, 72 young (73728K), 4 survivors (4096K)
 Metaspace       used 27218K, capacity 27782K, committed 27904K, reserved 1073152K
  class space    used 3599K, capacity 3807K, committed 3840K, reserved 1048576K
}
Event: 5.109 GC heap after
{Heap after GC invocations=6 (full 0):
 garbage-first heap   total 260096K, used 19462K [0x0000000080000000, 0x0000000100000000)
  region size 1024K, 6 young (6144K), 6 survivors (6144K)
 Metaspace       used 27218K, capacity 27782K, committed 27904K, reserved 1073152K
  class space    used 3599K, capacity 3807K, committed 3840K, reserved 1048576K
}
Event: 8.124 GC heap before
{Heap before GC invocations=6 (full 0):
 garbage-first heap   total 260096K, used 62470K [0x0000000080000000, 0x0000000100000000)
  region size 1024K, 49 young (50176K), 6 survivors (6144K)
 Metaspace       used 35014K, capacity 35790K, committed 35840K, reserved 1081344K
  class space    used 4547K, capacity 4863K, committed 4864K, reserved 1048576K
}
Event: 8.151 GC heap after
{Heap after GC invocations=7 (full 0):
 garbage-first heap   total 260096K, used 22635K [0x0000000080000000, 0x0000000100000000)
  region size 1024K, 9 young (9216K), 9 survivors (9216K)
 Metaspace       used 35014K, capacity 35790K, committed 35840K, reserved 1081344K
  class space    used 4547K, capacity 4863K, committed 4864K, reserved 1048576K
}

Deoptimization events (20 events):
Event: 10.610 Thread 0x0000023f437ff800 Uncommon trap: trap_request=0xffffff4d fr.pc=0x0000023f3271546c relative=0x0000000000001bec
Event: 10.613 Thread 0x0000023f437ff800 Uncommon trap: reason=unstable_if action=reinterpret pc=0x0000023f3271546c method=java.util.concurrent.ConcurrentHashMap.computeIfAbsent(Ljava/lang/Object;Ljava/util/function/Function;)Ljava/lang/Object; @ 123 c2
Event: 10.613 Thread 0x0000023f437ff800 DEOPT PACKING pc=0x0000023f3271546c sp=0x000000de0f2fa610
Event: 10.613 Thread 0x0000023f437ff800 DEOPT UNPACKING pc=0x0000023f2aaf662f sp=0x000000de0f2fa5a0 mode 2
Event: 10.957 Thread 0x0000023f437ff800 Uncommon trap: trap_request=0xffffffc6 fr.pc=0x0000023f326bc66c relative=0x000000000000020c
Event: 10.957 Thread 0x0000023f437ff800 Uncommon trap: reason=bimorphic_or_optimized_type_check action=maybe_recompile pc=0x0000023f326bc66c method=com.google.common.base.CharMatcher.indexIn(Ljava/lang/CharSequence;I)I @ 31 c2
Event: 10.957 Thread 0x0000023f437ff800 DEOPT PACKING pc=0x0000023f326bc66c sp=0x000000de0f2f8170
Event: 10.958 Thread 0x0000023f437ff800 DEOPT UNPACKING pc=0x0000023f2aaf662f sp=0x000000de0f2f8118 mode 2
Event: 10.982 Thread 0x0000023f437ff800 Uncommon trap: trap_request=0xffffffc6 fr.pc=0x0000023f326bc66c relative=0x000000000000020c
Event: 10.982 Thread 0x0000023f437ff800 Uncommon trap: reason=bimorphic_or_optimized_type_check action=maybe_recompile pc=0x0000023f326bc66c method=com.google.common.base.CharMatcher.indexIn(Ljava/lang/CharSequence;I)I @ 31 c2
Event: 10.982 Thread 0x0000023f437ff800 DEOPT PACKING pc=0x0000023f326bc66c sp=0x000000de0f2f8170
Event: 10.982 Thread 0x0000023f437ff800 DEOPT UNPACKING pc=0x0000023f2aaf662f sp=0x000000de0f2f8118 mode 2
Event: 10.982 Thread 0x0000023f437ff800 Uncommon trap: trap_request=0xffffffc6 fr.pc=0x0000023f326bc66c relative=0x000000000000020c
Event: 10.982 Thread 0x0000023f437ff800 Uncommon trap: reason=bimorphic_or_optimized_type_check action=maybe_recompile pc=0x0000023f326bc66c method=com.google.common.base.CharMatcher.indexIn(Ljava/lang/CharSequence;I)I @ 31 c2
Event: 10.982 Thread 0x0000023f437ff800 DEOPT PACKING pc=0x0000023f326bc66c sp=0x000000de0f2f8170
Event: 10.982 Thread 0x0000023f437ff800 DEOPT UNPACKING pc=0x0000023f2aaf662f sp=0x000000de0f2f8118 mode 2
Event: 11.004 Thread 0x0000023f437ff800 Uncommon trap: trap_request=0xffffffc6 fr.pc=0x0000023f326bc66c relative=0x000000000000020c
Event: 11.004 Thread 0x0000023f437ff800 Uncommon trap: reason=bimorphic_or_optimized_type_check action=maybe_recompile pc=0x0000023f326bc66c method=com.google.common.base.CharMatcher.indexIn(Ljava/lang/CharSequence;I)I @ 31 c2
Event: 11.004 Thread 0x0000023f437ff800 DEOPT PACKING pc=0x0000023f326bc66c sp=0x000000de0f2f9a60
Event: 11.004 Thread 0x0000023f437ff800 DEOPT UNPACKING pc=0x0000023f2aaf662f sp=0x000000de0f2f9a08 mode 2

Classes redefined (0 events):
No events

Internal exceptions (20 events):
Event: 9.840 Thread 0x0000023f437ff800 Exception <a 'java/lang/ClassNotFoundException'{0x000000008b8dc1a0}: org/gradle/api/internal/provider/AbstractMinimalProviderCustomizer> (0x000000008b8dc1a0) thrown at [./src/hotspot/share/classfile/systemDictionary.cpp, line 231]
Event: 9.846 Thread 0x0000023f437ff800 Exception <a 'java/lang/ClassNotFoundException'{0x000000008b73cc98}: org/gradle/api/internal/provider/AbstractPropertyCustomizer> (0x000000008b73cc98) thrown at [./src/hotspot/share/classfile/systemDictionary.cpp, line 231]
Event: 9.848 Thread 0x0000023f437ff800 Exception <a 'java/lang/ClassNotFoundException'{0x000000008b76f5a0}: org/gradle/api/internal/provider/DefaultPropertyCustomizer> (0x000000008b76f5a0) thrown at [./src/hotspot/share/classfile/systemDictionary.cpp, line 231]
Event: 9.934 Thread 0x0000023f437ff800 Exception <a 'java/lang/ClassNotFoundException'{0x000000008b561910}: org/gradle/initialization/DefaultProjectDescriptorBeanInfo> (0x000000008b561910) thrown at [./src/hotspot/share/classfile/systemDictionary.cpp, line 231]
Event: 9.935 Thread 0x0000023f437ff800 Exception <a 'java/lang/ClassNotFoundException'{0x000000008b587b50}: org/gradle/initialization/DefaultProjectDescriptorCustomizer> (0x000000008b587b50) thrown at [./src/hotspot/share/classfile/systemDictionary.cpp, line 231]
Event: 9.941 Thread 0x0000023f437ff800 Implicit null exception at 0x0000023f326e5bef to 0x0000023f326e5c98
Event: 10.261 Thread 0x0000023f4350f000 Exception <a 'java/lang/NoSuchMethodError'{0x000000008fd8f398}: <clinit>> (0x000000008fd8f398) thrown at [./src/hotspot/share/prims/jni.cpp, line 1362]
Event: 10.262 Thread 0x0000023f4350f000 Exception <a 'java/lang/NoSuchMethodError'{0x000000008fd90a88}: <clinit>> (0x000000008fd90a88) thrown at [./src/hotspot/share/prims/jni.cpp, line 1362]
Event: 10.268 Thread 0x0000023f4350f000 Exception <a 'java/lang/NoSuchMethodError'{0x000000008fd9f6a8}: <clinit>> (0x000000008fd9f6a8) thrown at [./src/hotspot/share/prims/jni.cpp, line 1362]
Event: 10.268 Thread 0x0000023f4350f000 Exception <a 'java/lang/NoSuchMethodError'{0x000000008fda14f8}: <clinit>> (0x000000008fda14f8) thrown at [./src/hotspot/share/prims/jni.cpp, line 1362]
Event: 10.271 Thread 0x0000023f4350f000 Exception <a 'java/lang/NoSuchMethodError'{0x000000008fdb0720}: <clinit>> (0x000000008fdb0720) thrown at [./src/hotspot/share/prims/jni.cpp, line 1362]
Event: 10.502 Thread 0x0000023f437ff800 Implicit null exception at 0x0000023f32686ef4 to 0x0000023f32687104
Event: 10.914 Thread 0x0000023f437ff800 Exception <a 'java/lang/ClassNotFoundException'{0x000000008976aa88}: build_4o53iyur88yaz6m1oedevzxqiBeanInfo> (0x000000008976aa88) thrown at [./src/hotspot/share/classfile/systemDictionary.cpp, line 231]
Event: 10.915 Thread 0x0000023f437ff800 Exception <a 'java/lang/ClassNotFoundException'{0x00000000897811f8}: org/gradle/api/internal/project/ProjectScriptBeanInfo> (0x00000000897811f8) thrown at [./src/hotspot/share/classfile/systemDictionary.cpp, line 231]
Event: 10.916 Thread 0x0000023f437ff800 Exception <a 'java/lang/ClassNotFoundException'{0x0000000089797370}: org/gradle/api/internal/project/ProjectScriptCustomizer> (0x0000000089797370) thrown at [./src/hotspot/share/classfile/systemDictionary.cpp, line 231]
Event: 10.920 Thread 0x0000023f437ff800 Exception <a 'java/lang/ClassNotFoundException'{0x00000000897b25f0}: build_4o53iyur88yaz6m1oedevzxqiCustomizer> (0x00000000897b25f0) thrown at [./src/hotspot/share/classfile/systemDictionary.cpp, line 231]
Event: 10.943 Thread 0x0000023f437ff800 Exception <a 'java/lang/ClassNotFoundException'{0x000000008963bef8}: org/gradle/plugin/use/internal/PluginRequestCollector$PluginDependenciesSpecImplBeanInfo> (0x000000008963bef8) thrown at [./src/hotspot/share/classfile/systemDictionary.cpp, line 231]
Event: 10.947 Thread 0x0000023f437ff800 Exception <a 'java/lang/ClassNotFoundException'{0x000000008966ad80}: org/gradle/plugin/use/internal/PluginRequestCollector$PluginDependenciesSpecImplCustomizer> (0x000000008966ad80) thrown at [./src/hotspot/share/classfile/systemDictionary.cpp, line 231]
Event: 10.971 Thread 0x0000023f437ff800 Exception <a 'java/lang/ClassNotFoundException'{0x00000000896d0cd0}: org/gradle/plugin/use/internal/PluginRequestCollector$PluginDependencySpecImplBeanInfo> (0x00000000896d0cd0) thrown at [./src/hotspot/share/classfile/systemDictionary.cpp, line 231]
Event: 10.973 Thread 0x0000023f437ff800 Exception <a 'java/lang/ClassNotFoundException'{0x00000000896fed40}: org/gradle/plugin/use/internal/PluginRequestCollector$PluginDependencySpecImplCustomizer> (0x00000000896fed40) thrown at [./src/hotspot/share/classfile/systemDictionary.cpp, line 231]

Events (20 events):
Event: 11.022 loading class org/gradle/api/internal/artifacts/repositories/DefaultRepositoryContentDescriptor
Event: 11.022 loading class org/gradle/api/internal/artifacts/repositories/DefaultRepositoryContentDescriptor done
Event: 11.024 loading class org/gradle/api/internal/artifacts/repositories/DefaultMavenArtifactRepository
Event: 11.024 loading class org/gradle/api/internal/artifacts/repositories/DefaultMavenArtifactRepository done
Event: 11.026 loading class org/gradle/plugin/use/resolve/internal/PluginResolver
Event: 11.026 loading class org/gradle/plugin/use/resolve/internal/PluginResolver done
Event: 11.027 loading class org/gradle/plugin/use/internal/DefaultPluginRequestApplicator$Result
Event: 11.027 loading class org/gradle/plugin/use/internal/DefaultPluginRequestApplicator$Result done
Event: 11.028 loading class org/gradle/plugin/management/internal/PluginRequestInternal
Event: 11.028 loading class org/gradle/plugin/management/internal/PluginRequestInternal done
Event: 11.028 loading class org/gradle/plugin/use/internal/DefaultPluginRequestApplicator
Event: 11.028 loading class org/gradle/plugin/use/internal/DefaultPluginRequestApplicator done
Event: 11.028 loading class org/gradle/plugin/management/internal/DefaultPluginResolveDetails
Event: 11.028 loading class org/gradle/plugin/management/internal/DefaultPluginResolveDetails done
Event: 11.029 loading class org/gradle/plugin/management/PluginResolveDetails
Event: 11.029 loading class org/gradle/plugin/management/PluginResolveDetails done
Event: 11.030 loading class org/gradle/api/internal/artifacts/dsl/ModuleVersionSelectorParsers
Event: 11.030 loading class org/gradle/api/internal/artifacts/dsl/ModuleVersionSelectorParsers done
Event: 11.037 loading class org/gradle/api/internal/artifacts/dsl/ModuleVersionSelectorParsers$StringConverter
Event: 11.037 loading class org/gradle/api/internal/artifacts/dsl/ModuleVersionSelectorParsers$StringConverter done


Dynamic libraries:
0x00007ff7bb400000 - 0x00007ff7bb40a000 	C:\Program Files\Android\Android Studio\jre\bin\java.exe
0x00007ff9dc560000 - 0x00007ff9dc769000 	C:\WINDOWS\SYSTEM32\ntdll.dll
0x00007ff9db260000 - 0x00007ff9db31d000 	C:\WINDOWS\System32\KERNEL32.DLL
0x00007ff9d9f60000 - 0x00007ff9da2d4000 	C:\WINDOWS\System32\KERNELBASE.dll
0x00007ff9da2e0000 - 0x00007ff9da3f1000 	C:\WINDOWS\System32\ucrtbase.dll
0x00007ff9aa100000 - 0x00007ff9aa119000 	C:\Program Files\Android\Android Studio\jre\bin\jli.dll
0x00007ff9a8520000 - 0x00007ff9a8537000 	C:\Program Files\Android\Android Studio\jre\bin\VCRUNTIME140.dll
0x00007ff9daa50000 - 0x00007ff9dabfc000 	C:\WINDOWS\System32\USER32.dll
0x00007ff9d9b40000 - 0x00007ff9d9b66000 	C:\WINDOWS\System32\win32u.dll
0x00007ff9bd6f0000 - 0x00007ff9bd995000 	C:\WINDOWS\WinSxS\amd64_microsoft.windows.common-controls_6595b64144ccf1df_6.0.22000.120_none_9d947278b86cc467\COMCTL32.dll
0x00007ff9db140000 - 0x00007ff9db169000 	C:\WINDOWS\System32\GDI32.dll
0x00007ff9dbcb0000 - 0x00007ff9dbd53000 	C:\WINDOWS\System32\msvcrt.dll
0x00007ff9d9e40000 - 0x00007ff9d9f52000 	C:\WINDOWS\System32\gdi32full.dll
0x00007ff9d9da0000 - 0x00007ff9d9e3d000 	C:\WINDOWS\System32\msvcp_win.dll
0x00007ff9db320000 - 0x00007ff9db351000 	C:\WINDOWS\System32\IMM32.DLL
0x00007ff99fd20000 - 0x00007ff99fdbd000 	C:\Program Files\Android\Android Studio\jre\bin\msvcp140.dll
0x00007ff98d010000 - 0x00007ff98dae5000 	C:\Program Files\Android\Android Studio\jre\bin\server\jvm.dll
0x00007ff9db070000 - 0x00007ff9db11e000 	C:\WINDOWS\System32\ADVAPI32.dll
0x00007ff9da470000 - 0x00007ff9da50e000 	C:\WINDOWS\System32\sechost.dll
0x00007ff9dc320000 - 0x00007ff9dc440000 	C:\WINDOWS\System32\RPCRT4.dll
0x00007ff9dc240000 - 0x00007ff9dc248000 	C:\WINDOWS\System32\PSAPI.DLL
0x00007ff9d1b60000 - 0x00007ff9d1b93000 	C:\WINDOWS\SYSTEM32\WINMM.dll
0x00007ff9c1f60000 - 0x00007ff9c1f69000 	C:\WINDOWS\SYSTEM32\WSOCK32.dll
0x00007ff9d1a40000 - 0x00007ff9d1a4a000 	C:\WINDOWS\SYSTEM32\VERSION.dll
0x00007ff9da400000 - 0x00007ff9da46f000 	C:\WINDOWS\System32\WS2_32.dll
0x00007ff9d8c40000 - 0x00007ff9d8c58000 	C:\WINDOWS\SYSTEM32\kernel.appcore.dll
0x00007ff9b7e30000 - 0x00007ff9b7e41000 	C:\Program Files\Android\Android Studio\jre\bin\verify.dll
0x00007ff9d7810000 - 0x00007ff9d7a31000 	C:\WINDOWS\SYSTEM32\DBGHELP.DLL
0x00007ff9c4680000 - 0x00007ff9c46b1000 	C:\WINDOWS\SYSTEM32\dbgcore.DLL
0x00007ff9d9a50000 - 0x00007ff9d9acf000 	C:\WINDOWS\System32\bcryptPrimitives.dll
0x00007ff9ad0e0000 - 0x00007ff9ad109000 	C:\Program Files\Android\Android Studio\jre\bin\java.dll
0x00007ff9d6970000 - 0x00007ff9d697b000 	C:\Program Files\Android\Android Studio\jre\bin\jimage.dll
0x00007ff9b7e10000 - 0x00007ff9b7e28000 	C:\Program Files\Android\Android Studio\jre\bin\zip.dll
0x00007ff9db500000 - 0x00007ff9dbcae000 	C:\WINDOWS\System32\SHELL32.dll
0x00007ff9d7bd0000 - 0x00007ff9d8437000 	C:\WINDOWS\SYSTEM32\windows.storage.dll
0x00007ff9da6b0000 - 0x00007ff9daa28000 	C:\WINDOWS\System32\combase.dll
0x00007ff9d7a60000 - 0x00007ff9d7bc6000 	C:\WINDOWS\SYSTEM32\wintypes.dll
0x00007ff9da5c0000 - 0x00007ff9da6aa000 	C:\WINDOWS\System32\SHCORE.dll
0x00007ff9dc250000 - 0x00007ff9dc2ad000 	C:\WINDOWS\System32\shlwapi.dll
0x00007ff9d9980000 - 0x00007ff9d99a1000 	C:\WINDOWS\SYSTEM32\profapi.dll
0x00007ff9b2ee0000 - 0x00007ff9b2efa000 	C:\Program Files\Android\Android Studio\jre\bin\net.dll
0x00007ff9d1700000 - 0x00007ff9d180c000 	C:\WINDOWS\SYSTEM32\WINHTTP.dll
0x00007ff9d9070000 - 0x00007ff9d90d7000 	C:\WINDOWS\system32\mswsock.dll
0x00007ff9abbc0000 - 0x00007ff9abbd4000 	C:\Program Files\Android\Android Studio\jre\bin\nio.dll
0x00007ff9c5110000 - 0x00007ff9c5137000 	C:\Users\jhond\.gradle\native\e1d6ef7f7dcc3fd88c89a11ec53ec762bb8ba0a96d01ffa2cd45eb1d1d8dd5c5\windows-amd64\native-platform.dll
0x00007ff99f0c0000 - 0x00007ff99f204000 	C:\Users\jhond\.gradle\native\5664cfc778a61ccfe75a443a1ab52a65af34e5dc3c78e0209fed803814484fcb\windows-amd64\native-platform-file-events.dll
0x00007ff9d5c10000 - 0x00007ff9d5c1a000 	C:\Program Files\Android\Android Studio\jre\bin\management.dll
0x00007ff9d54f0000 - 0x00007ff9d54fd000 	C:\Program Files\Android\Android Studio\jre\bin\management_ext.dll
0x00007ff9d92b0000 - 0x00007ff9d92c8000 	C:\WINDOWS\SYSTEM32\CRYPTSP.dll
0x00007ff9d8ba0000 - 0x00007ff9d8bd5000 	C:\WINDOWS\system32\rsaenh.dll
0x00007ff9d9160000 - 0x00007ff9d9189000 	C:\WINDOWS\SYSTEM32\USERENV.dll
0x00007ff9d9430000 - 0x00007ff9d9457000 	C:\WINDOWS\SYSTEM32\bcrypt.dll
0x00007ff9d92d0000 - 0x00007ff9d92dc000 	C:\WINDOWS\SYSTEM32\CRYPTBASE.dll
0x00007ff9d8770000 - 0x00007ff9d879d000 	C:\WINDOWS\SYSTEM32\IPHLPAPI.DLL
0x00007ff9daa30000 - 0x00007ff9daa39000 	C:\WINDOWS\System32\NSI.dll
0x00007ff9d1190000 - 0x00007ff9d11a9000 	C:\WINDOWS\SYSTEM32\dhcpcsvc6.DLL
0x00007ff9d1c50000 - 0x00007ff9d1c6e000 	C:\WINDOWS\SYSTEM32\dhcpcsvc.DLL
0x00007ff9d87a0000 - 0x00007ff9d8887000 	C:\WINDOWS\SYSTEM32\DNSAPI.dll

dbghelp: loaded successfully - version: 4.0.5 - missing functions: none
symbol engine: initialized successfully - sym options: 0x614 - pdb path: .;C:\Program Files\Android\Android Studio\jre\bin;C:\WINDOWS\SYSTEM32;C:\WINDOWS\WinSxS\amd64_microsoft.windows.common-controls_6595b64144ccf1df_6.0.22000.120_none_9d947278b86cc467;C:\Program Files\Android\Android Studio\jre\bin\server;C:\Users\jhond\.gradle\native\e1d6ef7f7dcc3fd88c89a11ec53ec762bb8ba0a96d01ffa2cd45eb1d1d8dd5c5\windows-amd64;C:\Users\jhond\.gradle\native\5664cfc778a61ccfe75a443a1ab52a65af34e5dc3c78e0209fed803814484fcb\windows-amd64

VM Arguments:
jvm_args: --add-opens=java.base/java.util=ALL-UNNAMED --add-opens=java.base/java.lang=ALL-UNNAMED --add-opens=java.base/java.lang.invoke=ALL-UNNAMED --add-opens=java.base/java.util=ALL-UNNAMED --add-opens=java.prefs/java.util.prefs=ALL-UNNAMED --add-opens=java.prefs/java.util.prefs=ALL-UNNAMED --add-opens=java.base/java.nio.charset=ALL-UNNAMED --add-opens=java.base/java.net=ALL-UNNAMED --add-opens=java.base/java.util.concurrent.atomic=ALL-UNNAMED -Xmx2048m -Dfile.encoding=UTF-8 -Duser.country=CA -Duser.language=en -Duser.variant 
java_command: org.gradle.launcher.daemon.bootstrap.GradleDaemon 7.2
java_class_path (initial): C:\Users\jhond\.gradle\wrapper\dists\gradle-7.2-bin\2dnblmf4td7x66yl1d74lt32g\gradle-7.2\lib\gradle-launcher-7.2.jar
Launcher Type: SUN_STANDARD

[Global flags]
     intx CICompilerCount                          = 4                                         {product} {ergonomic}
     uint ConcGCThreads                            = 2                                         {product} {ergonomic}
     uint G1ConcRefinementThreads                  = 8                                         {product} {ergonomic}
   size_t G1HeapRegionSize                         = 1048576                                   {product} {ergonomic}
    uintx GCDrainStackTargetSize                   = 64                                        {product} {ergonomic}
   size_t InitialHeapSize                          = 266338304                                 {product} {ergonomic}
   size_t MarkStackSize                            = 4194304                                   {product} {ergonomic}
   size_t MaxHeapSize                              = 2147483648                                {product} {command line}
   size_t MaxNewSize                               = 1287651328                                {product} {ergonomic}
   size_t MinHeapDeltaBytes                        = 1048576                                   {product} {ergonomic}
    uintx NonNMethodCodeHeapSize                   = 5836300                                {pd product} {ergonomic}
    uintx NonProfiledCodeHeapSize                  = 122910970                              {pd product} {ergonomic}
    uintx ProfiledCodeHeapSize                     = 122910970                              {pd product} {ergonomic}
    uintx ReservedCodeCacheSize                    = 251658240                              {pd product} {ergonomic}
     bool SegmentedCodeCache                       = true                                      {product} {ergonomic}
     bool UseCompressedClassPointers               = true                                 {lp64_product} {ergonomic}
     bool UseCompressedOops                        = true                                 {lp64_product} {ergonomic}
     bool UseG1GC                                  = true                                      {product} {ergonomic}
     bool UseLargePagesIndividualAllocation        = false                                  {pd product} {ergonomic}

Logging:
Log output configuration:
 #0: stdout all=warning uptime,level,tags
 #1: stderr all=off uptime,level,tags

Environment Variables:
PATH=C:\Program Files (x86)\Common Files\Oracle\Java\javapath;C:\ProgramData\Oracle\Java\javapath;C:\WINDOWS\system32;C:\WINDOWS;C:\WINDOWS\System32\Wbem;C:\WINDOWS\System32\WindowsPowerShell\v1.0\;C:\Program Files (x86)\QuickTime\QTSystem\;C:\WINDOWS\System32\OpenSSH\;C:\Program Files\dotnet\;C:\Program Files (x86)\dotnet\;C:\Program Files\Git\cmd;C:\Program Files (x86)\Intel\Intel(R) Management Engine Components\DAL;C:\Program Files\Intel\Intel(R) Management Engine Components\DAL;C:\Users\jhond\AppData\Local\Microsoft\WindowsApps;C:\Users\jhond\.dotnet\tools;C:\Users\jhond\AppData\Local\GitHubDesktop\bin;C:\Users\jhond\AppData\Local\Programs\Microsoft VS Code\bin
USERNAME=JhonD
OS=Windows_NT
PROCESSOR_IDENTIFIER=Intel64 Family 6 Model 142 Stepping 10, GenuineIntel



---------------  S Y S T E M  ---------------

OS: Windows 10 , 64 bit Build 22000 (10.0.22000.434)
OS uptime: 4 days 4:20 hours

CPU:total 8 (initial active 8) (4 cores per cpu, 2 threads per core) family 6 model 142 stepping 10 microcode 0xec, cmov, cx8, fxsr, mmx, sse, sse2, sse3, ssse3, sse4.1, sse4.2, popcnt, avx, avx2, aes, clmul, erms, 3dnowpref, lzcnt, ht, tsc, tscinvbit, bmi1, bmi2, adx, fma

Memory: 4k page, system-wide physical 16217M (411M free)
TotalPageFile size 46537M (AvailPageFile size 4M)
current process WorkingSet (physical memory assigned to process): 275M, peak: 275M
current process commit charge ("private bytes"): 440M, peak: 447M

vm_info: OpenJDK 64-Bit Server VM (11.0.11+9-b60-7590822) for windows-amd64 JRE (11.0.11+9-b60-7590822), built on Jul 29 2021 21:43:44 by "builder" with MS VC++ 14.0 (VS2015)

END.
