#
# There is insufficient memory for the Java Runtime Environment to continue.
# Native memory allocation (malloc) failed to allocate 1395056 bytes for Chunk::new
# Possible reasons:
#   The system is out of physical RAM or swap space
#   The process is running with CompressedOops enabled, and the Java Heap may be blocking the growth of the native heap
# Possible solutions:
#   Reduce memory load on the system
#   Increase physical memory or swap space
#   Check if swap backing store is full
#   Decrease Java heap size (-Xmx/-Xms)
#   Decrease number of Java threads
#   Decrease Java thread stack sizes (-Xss)
#   Set larger code cache with -XX:ReservedCodeCacheSize=
#   JVM is running with Unscaled Compressed Oops mode in which the Java heap is
#     placed in the first 4GB address space. The Java Heap base address is the
#     maximum limit for the native heap growth. Please use -XX:HeapBaseMinAddress
#     to set the Java Heap base and to place the Java Heap above 4GB virtual address.
# This output file may be truncated or incomplete.
#
#  Out of Memory Error (./src/hotspot/share/memory/arena.cpp:197), pid=16420, tid=12940
#
# JRE version: OpenJDK Runtime Environment (11.0.11+9) (build 11.0.11+9-b60-7590822)
# Java VM: OpenJDK 64-Bit Server VM (11.0.11+9-b60-7590822, mixed mode, tiered, compressed oops, g1 gc, windows-amd64)
# No core dump will be written. Minidumps are not enabled by default on client versions of Windows
#

---------------  S U M M A R Y ------------

Command Line: --add-opens=java.base/java.util=ALL-UNNAMED --add-opens=java.base/java.lang=ALL-UNNAMED --add-opens=java.base/java.lang.invoke=ALL-UNNAMED --add-opens=java.base/java.util=ALL-UNNAMED --add-opens=java.prefs/java.util.prefs=ALL-UNNAMED --add-opens=java.prefs/java.util.prefs=ALL-UNNAMED --add-opens=java.base/java.nio.charset=ALL-UNNAMED --add-opens=java.base/java.net=ALL-UNNAMED --add-opens=java.base/java.util.concurrent.atomic=ALL-UNNAMED -Xmx2048m -Dfile.encoding=UTF-8 -Duser.country=CA -Duser.language=en -Duser.variant org.gradle.launcher.daemon.bootstrap.GradleDaemon 7.2

Host: Intel(R) Core(TM) i7-8550U CPU @ 1.80GHz, 8 cores, 15G,  Windows 10 , 64 bit Build 22000 (10.0.22000.434)
Time: Thu Feb 17 16:02:32 2022 Eastern Standard Time elapsed time: 9.466333 seconds (0d 0h 0m 9s)

---------------  T H R E A D  ---------------

Current thread (0x000001dbffc3d000):  JavaThread "C2 CompilerThread0" daemon [_thread_in_native, id=12940, stack(0x00000078b3b00000,0x00000078b3c00000)]


Current CompileTask:
C2:   9466 5481       4       jdk.internal.org.objectweb.asm.Frame::execute (2264 bytes)

Stack: [0x00000078b3b00000,0x00000078b3c00000]
Native frames: (J=compiled Java code, j=interpreted, Vv=VM code, C=native code)
V  [jvm.dll+0x5f214a]
V  [jvm.dll+0x726fb5]
V  [jvm.dll+0x7285cd]
V  [jvm.dll+0x728c83]
V  [jvm.dll+0x243278]
V  [jvm.dll+0xbc53c]
V  [jvm.dll+0xbca3c]
V  [jvm.dll+0x353e7d]
V  [jvm.dll+0x321893]
V  [jvm.dll+0x320d8a]
V  [jvm.dll+0x1fc1e2]
V  [jvm.dll+0x1fb3d4]
V  [jvm.dll+0x183d6c]
V  [jvm.dll+0x209a57]
V  [jvm.dll+0x2082a1]
V  [jvm.dll+0x6ef58f]
V  [jvm.dll+0x6e80b5]
V  [jvm.dll+0x5f1036]
C  [ucrtbase.dll+0x26c0c]
C  [KERNEL32.DLL+0x154e0]
C  [ntdll.dll+0x485b]


---------------  P R O C E S S  ---------------

Threads class SMR info:
_java_thread_list=0x000001db8661e4a0, length=122, elements={
0x000001dbe8ef3800, 0x000001dbff39d000, 0x000001dbff39e000, 0x000001dbffc37800,
0x000001dbffc38800, 0x000001dbffc3a000, 0x000001dbffc3d000, 0x000001dbffc3e800,
0x000001dbffc41800, 0x000001dbffdbb000, 0x000001db85f60800, 0x000001dbffe79800,
0x000001db85ea9800, 0x000001db8568a000, 0x000001db86009000, 0x000001db8563f800,
0x000001db85640000, 0x000001db85c52800, 0x000001db85085000, 0x000001db86740000,
0x000001db86741000, 0x000001db86741800, 0x000001db8673f000, 0x000001db860a7000,
0x000001db86742800, 0x000001db86743000, 0x000001db8673d800, 0x000001db86744000,
0x000001db8673e800, 0x000001db87403000, 0x000001db87404800, 0x000001db87408000,
0x000001db87408800, 0x000001db87409800, 0x000001db87407000, 0x000001db87404000,
0x000001db87410000, 0x000001db8740b000, 0x000001db8740c000, 0x000001db8740d000,
0x000001db8740a800, 0x000001db87411800, 0x000001db8740d800, 0x000001db8740e800,
0x000001db87411000, 0x000001db8740f000, 0x000001db841b8800, 0x000001db841b7800,
0x000001db841b6800, 0x000001db841b9000, 0x000001db841ba000, 0x000001db841b6000,
0x000001db841bb000, 0x000001db841b5000, 0x000001db841bc800, 0x000001db841c1800,
0x000001db841bd800, 0x000001db841c0800, 0x000001db841be000, 0x000001db841bf000,
0x000001db841bb800, 0x000001db841c4000, 0x000001db841bf800, 0x000001db841c2000,
0x000001db841c3000, 0x000001db88e28000, 0x000001db88e29000, 0x000001db88e2c000,
0x000001db88e2d000, 0x000001db88e29800, 0x000001db88e2a800, 0x000001db88e27000,
0x000001db88e2e800, 0x000001db88e2b000, 0x000001db88e31800, 0x000001db88e32800,
0x000001db88e2f800, 0x000001db88e2d800, 0x000001db88e34000, 0x000001db88e33800,
0x000001db88e30000, 0x000001db88e35000, 0x000001db88e36000, 0x000001db88e31000,
0x000001db85dd9800, 0x000001db85dda800, 0x000001db85ddb800, 0x000001db85ddd000,
0x000001db85dd7000, 0x000001db85ddc000, 0x000001db85dde000, 0x000001db85dd8000,
0x000001db85dde800, 0x000001db85dd9000, 0x000001db85de2800, 0x000001db85de4800,
0x000001db85de5000, 0x000001db85de2000, 0x000001db85de3800, 0x000001db85de1000,
0x000001db85ddf800, 0x000001db85de6000, 0x000001db85de0000, 0x000001db86d62000,
0x000001db86d64800, 0x000001db86d61000, 0x000001db86d65000, 0x000001db86d66000,
0x000001db86d62800, 0x000001db86d60000, 0x000001db86d63800, 0x000001db86d6b800,
0x000001db86d6a000, 0x000001db86d67000, 0x000001db86d67800, 0x000001db86d6b000,
0x000001db86d6e000, 0x000001db86d6c800, 0x000001db86d68800, 0x000001db86d6f000,
0x000001db86d69000, 0x000001db86d6d800
}

Java Threads: ( => current thread )
  0x000001dbe8ef3800 JavaThread "main" [_thread_blocked, id=1480, stack(0x00000078b2f00000,0x00000078b3000000)]
  0x000001dbff39d000 JavaThread "Reference Handler" daemon [_thread_blocked, id=20472, stack(0x00000078b3600000,0x00000078b3700000)]
  0x000001dbff39e000 JavaThread "Finalizer" daemon [_thread_blocked, id=19920, stack(0x00000078b3700000,0x00000078b3800000)]
  0x000001dbffc37800 JavaThread "Signal Dispatcher" daemon [_thread_blocked, id=15932, stack(0x00000078b3800000,0x00000078b3900000)]
  0x000001dbffc38800 JavaThread "Attach Listener" daemon [_thread_blocked, id=15092, stack(0x00000078b3900000,0x00000078b3a00000)]
  0x000001dbffc3a000 JavaThread "Service Thread" daemon [_thread_blocked, id=2508, stack(0x00000078b3a00000,0x00000078b3b00000)]
=>0x000001dbffc3d000 JavaThread "C2 CompilerThread0" daemon [_thread_in_native, id=12940, stack(0x00000078b3b00000,0x00000078b3c00000)]
  0x000001dbffc3e800 JavaThread "C1 CompilerThread0" daemon [_thread_blocked, id=14680, stack(0x00000078b3c00000,0x00000078b3d00000)]
  0x000001dbffc41800 JavaThread "Sweeper thread" daemon [_thread_blocked, id=16440, stack(0x00000078b3d00000,0x00000078b3e00000)]
  0x000001dbffdbb000 JavaThread "Common-Cleaner" daemon [_thread_blocked, id=23028, stack(0x00000078b3e00000,0x00000078b3f00000)]
  0x000001db85f60800 JavaThread "Daemon health stats" [_thread_blocked, id=124, stack(0x00000078b4700000,0x00000078b4800000)]
  0x000001dbffe79800 JavaThread "Incoming local TCP Connector on port 53647" [_thread_in_native, id=14588, stack(0x00000078b4000000,0x00000078b4100000)]
  0x000001db85ea9800 JavaThread "Daemon periodic checks" [_thread_blocked, id=7564, stack(0x00000078b4600000,0x00000078b4700000)]
  0x000001db8568a000 JavaThread "Daemon" [_thread_blocked, id=20572, stack(0x00000078b4800000,0x00000078b4900000)]
  0x000001db86009000 JavaThread "Handler for socket connection from /127.0.0.1:53647 to /127.0.0.1:53648" [_thread_in_native, id=18552, stack(0x00000078b4900000,0x00000078b4a00000)]
  0x000001db8563f800 JavaThread "Cancel handler" [_thread_blocked, id=4052, stack(0x00000078b4a00000,0x00000078b4b00000)]
  0x000001db85640000 JavaThread "Daemon worker" [_thread_blocked, id=9880, stack(0x00000078b4b00000,0x00000078b4c00000)]
  0x000001db85c52800 JavaThread "Asynchronous log dispatcher for DefaultDaemonConnection: socket connection from /127.0.0.1:53647 to /127.0.0.1:53648" [_thread_blocked, id=24520, stack(0x00000078b4c00000,0x00000078b4d00000)]
  0x000001db85085000 JavaThread "Stdin handler" [_thread_blocked, id=352, stack(0x00000078b4d00000,0x00000078b4e00000)]
  0x000001db86740000 JavaThread "Daemon client event forwarder" [_thread_blocked, id=21600, stack(0x00000078b4e00000,0x00000078b4f00000)]
  0x000001db86741000 JavaThread "Cache worker for journal cache (C:\Users\jhond\.gradle\caches\journal-1)" [_thread_blocked, id=27164, stack(0x00000078b5100000,0x00000078b5200000)]
  0x000001db86741800 JavaThread "File lock request listener" [_thread_in_native, id=19280, stack(0x00000078b5200000,0x00000078b5300000)]
  0x000001db8673f000 JavaThread "Cache worker for file hash cache (C:\Users\jhond\.gradle\caches\7.2\fileHashes)" [_thread_blocked, id=9480, stack(0x00000078b5300000,0x00000078b5400000)]
  0x000001db860a7000 JavaThread "C2 CompilerThread1" daemon [_thread_blocked, id=4396, stack(0x00000078b5500000,0x00000078b5600000)]
  0x000001db86742800 JavaThread "Cache worker for file hash cache (C:\Users\jhond\AndroidStudioProjects\Android\MusicDiscogs\.gradle\7.2\fileHashes)" [_thread_blocked, id=29672, stack(0x00000078b5600000,0x00000078b5700000)]
  0x000001db86743000 JavaThread "File watcher server" daemon [_thread_in_native, id=2292, stack(0x00000078b5700000,0x00000078b5800000)]
  0x000001db8673d800 JavaThread "File watcher consumer" daemon [_thread_blocked, id=26748, stack(0x00000078b5800000,0x00000078b5900000)]
  0x000001db86744000 JavaThread "Cache worker for checksums cache (C:\Users\jhond\AndroidStudioProjects\Android\MusicDiscogs\.gradle\checksums)" [_thread_blocked, id=15744, stack(0x00000078b5900000,0x00000078b5a00000)]
  0x000001db8673e800 JavaThread "Cache worker for cache directory md-supplier (C:\Users\jhond\.gradle\caches\7.2\md-supplier)" [_thread_blocked, id=29156, stack(0x00000078b5a00000,0x00000078b5b00000)]
  0x000001db87403000 JavaThread "Cache worker for cache directory md-rule (C:\Users\jhond\.gradle\caches\7.2\md-rule)" [_thread_blocked, id=15120, stack(0x00000078b5b00000,0x00000078b5c00000)]
  0x000001db87404800 JavaThread "Cache worker for execution history cache (C:\Users\jhond\.gradle\caches\7.2\executionHistory)" [_thread_blocked, id=21948, stack(0x00000078b5c00000,0x00000078b5d00000)]
  0x000001db87408000 JavaThread "jar transforms" [_thread_blocked, id=10008, stack(0x00000078b5d00000,0x00000078b5e00000)]
  0x000001db87408800 JavaThread "Cache worker for file content cache (C:\Users\jhond\.gradle\caches\7.2\fileContent)" [_thread_blocked, id=23380, stack(0x00000078b5e00000,0x00000078b5f00000)]
  0x000001db87409800 JavaThread "jar transforms Thread 2" [_thread_blocked, id=24044, stack(0x00000078b5f00000,0x00000078b6000000)]
  0x000001db87407000 JavaThread "Cache worker for dependencies-accessors (C:\Users\jhond\AndroidStudioProjects\Android\MusicDiscogs\.gradle\7.2\dependencies-accessors)" [_thread_blocked, id=25612, stack(0x00000078b6000000,0x00000078b6100000)]
  0x000001db87404000 JavaThread "jar transforms Thread 3" [_thread_blocked, id=27732, stack(0x00000078b6100000,0x00000078b6200000)]
  0x000001db87410000 JavaThread "Cache worker for Build Output Cleanup Cache (C:\Users\jhond\AndroidStudioProjects\Android\MusicDiscogs\.gradle\buildOutputCleanup)" [_thread_blocked, id=13164, stack(0x00000078b6200000,0x00000078b6300000)]
  0x000001db8740b000 JavaThread "Unconstrained build operations" [_thread_blocked, id=22108, stack(0x00000078b6300000,0x00000078b6400000)]
  0x000001db8740c000 JavaThread "Unconstrained build operations Thread 2" [_thread_blocked, id=1556, stack(0x00000078b6400000,0x00000078b6500000)]
  0x000001db8740d000 JavaThread "Unconstrained build operations Thread 3" [_thread_blocked, id=15172, stack(0x00000078b6500000,0x00000078b6600000)]
  0x000001db8740a800 JavaThread "Unconstrained build operations Thread 4" [_thread_blocked, id=6676, stack(0x00000078b6600000,0x00000078b6700000)]
  0x000001db87411800 JavaThread "Unconstrained build operations Thread 5" [_thread_blocked, id=12024, stack(0x00000078b6700000,0x00000078b6800000)]
  0x000001db8740d800 JavaThread "Unconstrained build operations Thread 6" [_thread_blocked, id=2036, stack(0x00000078b6800000,0x00000078b6900000)]
  0x000001db8740e800 JavaThread "Unconstrained build operations Thread 7" [_thread_blocked, id=27556, stack(0x00000078b6900000,0x00000078b6a00000)]
  0x000001db87411000 JavaThread "Unconstrained build operations Thread 8" [_thread_blocked, id=28824, stack(0x00000078b6a00000,0x00000078b6b00000)]
  0x000001db8740f000 JavaThread "Unconstrained build operations Thread 9" [_thread_blocked, id=16532, stack(0x00000078b6b00000,0x00000078b6c00000)]
  0x000001db841b8800 JavaThread "Unconstrained build operations Thread 10" [_thread_blocked, id=26972, stack(0x00000078b6c00000,0x00000078b6d00000)]
  0x000001db841b7800 JavaThread "Unconstrained build operations Thread 11" [_thread_blocked, id=10584, stack(0x00000078b6d00000,0x00000078b6e00000)]
  0x000001db841b6800 JavaThread "Unconstrained build operations Thread 12" [_thread_blocked, id=14032, stack(0x00000078b6e00000,0x00000078b6f00000)]
  0x000001db841b9000 JavaThread "Unconstrained build operations Thread 13" [_thread_blocked, id=25236, stack(0x00000078b6f00000,0x00000078b7000000)]
  0x000001db841ba000 JavaThread "Unconstrained build operations Thread 14" [_thread_blocked, id=8132, stack(0x00000078b7000000,0x00000078b7100000)]
  0x000001db841b6000 JavaThread "Unconstrained build operations Thread 15" [_thread_blocked, id=29660, stack(0x00000078b7100000,0x00000078b7200000)]
  0x000001db841bb000 JavaThread "Unconstrained build operations Thread 16" [_thread_blocked, id=17960, stack(0x00000078b7200000,0x00000078b7300000)]
  0x000001db841b5000 JavaThread "Unconstrained build operations Thread 17" [_thread_blocked, id=18288, stack(0x00000078b7300000,0x00000078b7400000)]
  0x000001db841bc800 JavaThread "Unconstrained build operations Thread 18" [_thread_blocked, id=8184, stack(0x00000078b7400000,0x00000078b7500000)]
  0x000001db841c1800 JavaThread "Unconstrained build operations Thread 19" [_thread_blocked, id=12188, stack(0x00000078b7500000,0x00000078b7600000)]
  0x000001db841bd800 JavaThread "Unconstrained build operations Thread 20" [_thread_blocked, id=21112, stack(0x00000078b7600000,0x00000078b7700000)]
  0x000001db841c0800 JavaThread "Unconstrained build operations Thread 21" [_thread_blocked, id=22400, stack(0x00000078b7700000,0x00000078b7800000)]
  0x000001db841be000 JavaThread "Unconstrained build operations Thread 22" [_thread_blocked, id=23056, stack(0x00000078b7800000,0x00000078b7900000)]
  0x000001db841bf000 JavaThread "Unconstrained build operations Thread 23" [_thread_blocked, id=1368, stack(0x00000078b7900000,0x00000078b7a00000)]
  0x000001db841bb800 JavaThread "Unconstrained build operations Thread 24" [_thread_blocked, id=15008, stack(0x00000078b7a00000,0x00000078b7b00000)]
  0x000001db841c4000 JavaThread "Unconstrained build operations Thread 25" [_thread_blocked, id=4740, stack(0x00000078b7b00000,0x00000078b7c00000)]
  0x000001db841bf800 JavaThread "Unconstrained build operations Thread 26" [_thread_blocked, id=10404, stack(0x00000078b7c00000,0x00000078b7d00000)]
  0x000001db841c2000 JavaThread "Unconstrained build operations Thread 27" [_thread_blocked, id=29304, stack(0x00000078b7d00000,0x00000078b7e00000)]
  0x000001db841c3000 JavaThread "Unconstrained build operations Thread 28" [_thread_blocked, id=23932, stack(0x00000078b7e00000,0x00000078b7f00000)]
  0x000001db88e28000 JavaThread "Unconstrained build operations Thread 29" [_thread_blocked, id=13472, stack(0x00000078b7f00000,0x00000078b8000000)]
  0x000001db88e29000 JavaThread "Unconstrained build operations Thread 30" [_thread_blocked, id=25248, stack(0x00000078b8000000,0x00000078b8100000)]
  0x000001db88e2c000 JavaThread "Unconstrained build operations Thread 31" [_thread_blocked, id=16172, stack(0x00000078b8100000,0x00000078b8200000)]
  0x000001db88e2d000 JavaThread "Unconstrained build operations Thread 32" [_thread_blocked, id=28688, stack(0x00000078b8200000,0x00000078b8300000)]
  0x000001db88e29800 JavaThread "Unconstrained build operations Thread 33" [_thread_blocked, id=26096, stack(0x00000078b8300000,0x00000078b8400000)]
  0x000001db88e2a800 JavaThread "Unconstrained build operations Thread 34" [_thread_blocked, id=29080, stack(0x00000078b8400000,0x00000078b8500000)]
  0x000001db88e27000 JavaThread "Unconstrained build operations Thread 35" [_thread_blocked, id=13340, stack(0x00000078b8500000,0x00000078b8600000)]
  0x000001db88e2e800 JavaThread "Unconstrained build operations Thread 36" [_thread_blocked, id=24548, stack(0x00000078b8600000,0x00000078b8700000)]
  0x000001db88e2b000 JavaThread "Unconstrained build operations Thread 37" [_thread_blocked, id=17896, stack(0x00000078b8700000,0x00000078b8800000)]
  0x000001db88e31800 JavaThread "Unconstrained build operations Thread 38" [_thread_blocked, id=27132, stack(0x00000078b8800000,0x00000078b8900000)]
  0x000001db88e32800 JavaThread "Unconstrained build operations Thread 39" [_thread_blocked, id=15996, stack(0x00000078b8900000,0x00000078b8a00000)]
  0x000001db88e2f800 JavaThread "Unconstrained build operations Thread 40" [_thread_blocked, id=3676, stack(0x00000078b8a00000,0x00000078b8b00000)]
  0x000001db88e2d800 JavaThread "Unconstrained build operations Thread 41" [_thread_blocked, id=6648, stack(0x00000078b8b00000,0x00000078b8c00000)]
  0x000001db88e34000 JavaThread "Unconstrained build operations Thread 42" [_thread_blocked, id=7244, stack(0x00000078b8c00000,0x00000078b8d00000)]
  0x000001db88e33800 JavaThread "Unconstrained build operations Thread 43" [_thread_blocked, id=7732, stack(0x00000078b8d00000,0x00000078b8e00000)]
  0x000001db88e30000 JavaThread "Unconstrained build operations Thread 44" [_thread_blocked, id=22748, stack(0x00000078b8e00000,0x00000078b8f00000)]
  0x000001db88e35000 JavaThread "Unconstrained build operations Thread 45" [_thread_blocked, id=9344, stack(0x00000078b8f00000,0x00000078b9000000)]
  0x000001db88e36000 JavaThread "Unconstrained build operations Thread 46" [_thread_blocked, id=20244, stack(0x00000078b9000000,0x00000078b9100000)]
  0x000001db88e31000 JavaThread "Unconstrained build operations Thread 47" [_thread_blocked, id=16608, stack(0x00000078b9100000,0x00000078b9200000)]
  0x000001db85dd9800 JavaThread "Unconstrained build operations Thread 48" [_thread_blocked, id=12960, stack(0x00000078b9200000,0x00000078b9300000)]
  0x000001db85dda800 JavaThread "Unconstrained build operations Thread 49" [_thread_blocked, id=20692, stack(0x00000078b9300000,0x00000078b9400000)]
  0x000001db85ddb800 JavaThread "Unconstrained build operations Thread 50" [_thread_blocked, id=14044, stack(0x00000078b9400000,0x00000078b9500000)]
  0x000001db85ddd000 JavaThread "Unconstrained build operations Thread 51" [_thread_blocked, id=5976, stack(0x00000078b9500000,0x00000078b9600000)]
  0x000001db85dd7000 JavaThread "Unconstrained build operations Thread 52" [_thread_blocked, id=24468, stack(0x00000078b9600000,0x00000078b9700000)]
  0x000001db85ddc000 JavaThread "Unconstrained build operations Thread 53" [_thread_blocked, id=10708, stack(0x00000078b9700000,0x00000078b9800000)]
  0x000001db85dde000 JavaThread "Unconstrained build operations Thread 54" [_thread_blocked, id=14296, stack(0x00000078b9800000,0x00000078b9900000)]
  0x000001db85dd8000 JavaThread "Unconstrained build operations Thread 55" [_thread_blocked, id=28812, stack(0x00000078b9900000,0x00000078b9a00000)]
  0x000001db85dde800 JavaThread "Unconstrained build operations Thread 56" [_thread_blocked, id=19900, stack(0x00000078b9a00000,0x00000078b9b00000)]
  0x000001db85dd9000 JavaThread "Unconstrained build operations Thread 57" [_thread_blocked, id=4456, stack(0x00000078b9b00000,0x00000078b9c00000)]
  0x000001db85de2800 JavaThread "Unconstrained build operations Thread 58" [_thread_blocked, id=17248, stack(0x00000078b9c00000,0x00000078b9d00000)]
  0x000001db85de4800 JavaThread "Unconstrained build operations Thread 59" [_thread_blocked, id=11272, stack(0x00000078b9d00000,0x00000078b9e00000)]
  0x000001db85de5000 JavaThread "Unconstrained build operations Thread 60" [_thread_blocked, id=5608, stack(0x00000078b9e00000,0x00000078b9f00000)]
  0x000001db85de2000 JavaThread "Unconstrained build operations Thread 61" [_thread_blocked, id=12684, stack(0x00000078b9f00000,0x00000078ba000000)]
  0x000001db85de3800 JavaThread "Unconstrained build operations Thread 62" [_thread_blocked, id=23712, stack(0x00000078ba000000,0x00000078ba100000)]
  0x000001db85de1000 JavaThread "Unconstrained build operations Thread 63" [_thread_blocked, id=25964, stack(0x00000078ba100000,0x00000078ba200000)]
  0x000001db85ddf800 JavaThread "Unconstrained build operations Thread 64" [_thread_blocked, id=4104, stack(0x00000078ba200000,0x00000078ba300000)]
  0x000001db85de6000 JavaThread "Unconstrained build operations Thread 65" [_thread_blocked, id=27840, stack(0x00000078ba300000,0x00000078ba400000)]
  0x000001db85de0000 JavaThread "Unconstrained build operations Thread 66" [_thread_blocked, id=19404, stack(0x00000078ba400000,0x00000078ba500000)]
  0x000001db86d62000 JavaThread "Unconstrained build operations Thread 67" [_thread_blocked, id=2272, stack(0x00000078ba500000,0x00000078ba600000)]
  0x000001db86d64800 JavaThread "Unconstrained build operations Thread 68" [_thread_blocked, id=26776, stack(0x00000078ba600000,0x00000078ba700000)]
  0x000001db86d61000 JavaThread "Unconstrained build operations Thread 69" [_thread_blocked, id=10208, stack(0x00000078ba700000,0x00000078ba800000)]
  0x000001db86d65000 JavaThread "Unconstrained build operations Thread 70" [_thread_blocked, id=7740, stack(0x00000078ba800000,0x00000078ba900000)]
  0x000001db86d66000 JavaThread "Unconstrained build operations Thread 71" [_thread_blocked, id=28156, stack(0x00000078ba900000,0x00000078baa00000)]
  0x000001db86d62800 JavaThread "Unconstrained build operations Thread 72" [_thread_blocked, id=4332, stack(0x00000078baa00000,0x00000078bab00000)]
  0x000001db86d60000 JavaThread "Unconstrained build operations Thread 73" [_thread_blocked, id=19284, stack(0x00000078bab00000,0x00000078bac00000)]
  0x000001db86d63800 JavaThread "Unconstrained build operations Thread 74" [_thread_blocked, id=14784, stack(0x00000078bac00000,0x00000078bad00000)]
  0x000001db86d6b800 JavaThread "Unconstrained build operations Thread 75" [_thread_blocked, id=11296, stack(0x00000078bad00000,0x00000078bae00000)]
  0x000001db86d6a000 JavaThread "Unconstrained build operations Thread 76" [_thread_blocked, id=9304, stack(0x00000078bae00000,0x00000078baf00000)]
  0x000001db86d67000 JavaThread "Unconstrained build operations Thread 77" [_thread_blocked, id=26864, stack(0x00000078baf00000,0x00000078bb000000)]
  0x000001db86d67800 JavaThread "Unconstrained build operations Thread 78" [_thread_blocked, id=6996, stack(0x00000078bb000000,0x00000078bb100000)]
  0x000001db86d6b000 JavaThread "Unconstrained build operations Thread 79" [_thread_blocked, id=25396, stack(0x00000078bb100000,0x00000078bb200000)]
  0x000001db86d6e000 JavaThread "Unconstrained build operations Thread 80" [_thread_blocked, id=1944, stack(0x00000078bb200000,0x00000078bb300000)]
  0x000001db86d6c800 JavaThread "jar transforms Thread 4" [_thread_blocked, id=4952, stack(0x00000078bb300000,0x00000078bb400000)]
  0x000001db86d68800 JavaThread "jar transforms Thread 5" [_thread_blocked, id=16360, stack(0x00000078bb400000,0x00000078bb500000)]
  0x000001db86d6f000 JavaThread "jar transforms Thread 6" [_thread_blocked, id=8244, stack(0x00000078bb500000,0x00000078bb600000)]
  0x000001db86d69000 JavaThread "jar transforms Thread 7" [_thread_blocked, id=25080, stack(0x00000078bb600000,0x00000078bb700000)]
  0x000001db86d6d800 JavaThread "jar transforms Thread 8" [_thread_blocked, id=25036, stack(0x00000078bb700000,0x00000078bb800000)]

Other Threads:
  0x000001dbff39b000 VMThread "VM Thread" [stack: 0x00000078b3500000,0x00000078b3600000] [id=18384]
  0x000001dbffdd0800 WatcherThread [stack: 0x00000078b3f00000,0x00000078b4000000] [id=12780]
  0x000001dbe6d6e800 GCTaskThread "GC Thread#0" [stack: 0x00000078b3000000,0x00000078b3100000] [id=29316]
  0x000001db84dad800 GCTaskThread "GC Thread#1" [stack: 0x00000078b4100000,0x00000078b4200000] [id=26200]
  0x000001db84db1000 GCTaskThread "GC Thread#2" [stack: 0x00000078b4200000,0x00000078b4300000] [id=24244]
  0x000001db84cf8000 GCTaskThread "GC Thread#3" [stack: 0x00000078b4300000,0x00000078b4400000] [id=23976]
  0x000001db84cfb800 GCTaskThread "GC Thread#4" [stack: 0x00000078b4400000,0x00000078b4500000] [id=27832]
  0x000001db84cfb000 GCTaskThread "GC Thread#5" [stack: 0x00000078b4500000,0x00000078b4600000] [id=1768]
  0x000001db84cf7800 GCTaskThread "GC Thread#6" [stack: 0x00000078b4f00000,0x00000078b5000000] [id=24728]
  0x000001db84cfa000 GCTaskThread "GC Thread#7" [stack: 0x00000078b5000000,0x00000078b5100000] [id=23100]
  0x000001dbe8f3a000 ConcurrentGCThread "G1 Main Marker" [stack: 0x00000078b3100000,0x00000078b3200000] [id=21956]
  0x000001dbe8f3b800 ConcurrentGCThread "G1 Conc#0" [stack: 0x00000078b3200000,0x00000078b3300000] [id=22144]
  0x000001db84cfc800 ConcurrentGCThread "G1 Conc#1" [stack: 0x00000078b5400000,0x00000078b5500000] [id=24884]
  0x000001dbe8fce000 ConcurrentGCThread "G1 Refine#0" [stack: 0x00000078b3300000,0x00000078b3400000] [id=21180]
  0x000001dbff220800 ConcurrentGCThread "G1 Young RemSet Sampling" [stack: 0x00000078b3400000,0x00000078b3500000] [id=3916]

Threads with active compile tasks:
C2 CompilerThread0   9537 5481       4       jdk.internal.org.objectweb.asm.Frame::execute (2264 bytes)

VM state:not at safepoint (normal execution)

VM Mutex/Monitor currently owned by a thread: None

Heap address: 0x0000000080000000, size: 2048 MB, Compressed Oops mode: 32-bit
Narrow klass base: 0x0000000000000000, Narrow klass shift: 3
Compressed class space size: 1073741824 Address: 0x0000000100000000

Heap:
 garbage-first heap   total 260096K, used 49724K [0x0000000080000000, 0x0000000100000000)
  region size 1024K, 20 young (20480K), 19 survivors (19456K)
 Metaspace       used 53015K, capacity 54397K, committed 54732K, reserved 1097728K
  class space    used 6754K, capacity 7301K, committed 7424K, reserved 1048576K
Heap Regions: E=young(eden), S=young(survivor), O=old, HS=humongous(starts), HC=humongous(continues), CS=collection set, F=free, A=archive, TAMS=top-at-mark-start (previous, next)
|   0|0x0000000080000000, 0x0000000080100000, 0x0000000080100000|100%| O|  |TAMS 0x0000000080100000, 0x0000000080000000| Untracked 
|   1|0x0000000080100000, 0x0000000080200000, 0x0000000080200000|100%| O|  |TAMS 0x0000000080200000, 0x0000000080100000| Untracked 
|   2|0x0000000080200000, 0x0000000080300000, 0x0000000080300000|100%| O|  |TAMS 0x0000000080300000, 0x0000000080200000| Untracked 
|   3|0x0000000080300000, 0x0000000080400000, 0x0000000080400000|100%|HS|  |TAMS 0x0000000080400000, 0x0000000080300000| Complete 
|   4|0x0000000080400000, 0x0000000080500000, 0x0000000080500000|100%|HC|  |TAMS 0x0000000080500000, 0x0000000080400000| Complete 
|   5|0x0000000080500000, 0x0000000080600000, 0x0000000080600000|100%|HC|  |TAMS 0x0000000080600000, 0x0000000080500000| Complete 
|   6|0x0000000080600000, 0x0000000080700000, 0x0000000080700000|100%| O|  |TAMS 0x0000000080700000, 0x0000000080600000| Untracked 
|   7|0x0000000080700000, 0x0000000080800000, 0x0000000080800000|100%| O|  |TAMS 0x0000000080800000, 0x0000000080700000| Untracked 
|   8|0x0000000080800000, 0x0000000080900000, 0x0000000080900000|100%| O|  |TAMS 0x0000000080900000, 0x0000000080800000| Untracked 
|   9|0x0000000080900000, 0x0000000080a00000, 0x0000000080a00000|100%| O|  |TAMS 0x0000000080a00000, 0x0000000080900000| Untracked 
|  10|0x0000000080a00000, 0x0000000080b00000, 0x0000000080b00000|100%| O|  |TAMS 0x0000000080b00000, 0x0000000080a00000| Untracked 
|  11|0x0000000080b00000, 0x0000000080c00000, 0x0000000080c00000|100%| O|  |TAMS 0x0000000080c00000, 0x0000000080b00000| Untracked 
|  12|0x0000000080c00000, 0x0000000080d00000, 0x0000000080d00000|100%| O|  |TAMS 0x0000000080d00000, 0x0000000080c00000| Untracked 
|  13|0x0000000080d00000, 0x0000000080e00000, 0x0000000080e00000|100%| O|  |TAMS 0x0000000080e00000, 0x0000000080d00000| Untracked 
|  14|0x0000000080e00000, 0x0000000080f00000, 0x0000000080f00000|100%| O|  |TAMS 0x0000000080f00000, 0x0000000080e00000| Untracked 
|  15|0x0000000080f00000, 0x0000000081000000, 0x0000000081000000|100%| O|  |TAMS 0x0000000081000000, 0x0000000080f00000| Untracked 
|  16|0x0000000081000000, 0x0000000081100000, 0x0000000081100000|100%| O|  |TAMS 0x0000000081046000, 0x0000000081000000| Untracked 
|  17|0x0000000081100000, 0x0000000081200000, 0x0000000081200000|100%|HS|  |TAMS 0x0000000081100000, 0x0000000081100000| Complete 
|  18|0x0000000081200000, 0x0000000081300000, 0x0000000081300000|100%|HS|  |TAMS 0x0000000081200000, 0x0000000081200000| Complete 
|  19|0x0000000081300000, 0x0000000081400000, 0x0000000081400000|100%|HS|  |TAMS 0x0000000081300000, 0x0000000081300000| Complete 
|  20|0x0000000081400000, 0x0000000081500000, 0x0000000081500000|100%|HS|  |TAMS 0x0000000081400000, 0x0000000081400000| Complete 
|  21|0x0000000081500000, 0x0000000081600000, 0x0000000081600000|100%|HS|  |TAMS 0x0000000081500000, 0x0000000081500000| Complete 
|  22|0x0000000081600000, 0x0000000081700000, 0x0000000081700000|100%|HC|  |TAMS 0x0000000081600000, 0x0000000081600000| Complete 
|  23|0x0000000081700000, 0x0000000081800000, 0x0000000081800000|100%|HC|  |TAMS 0x0000000081700000, 0x0000000081700000| Complete 
|  24|0x0000000081800000, 0x0000000081900000, 0x0000000081900000|100%|HS|  |TAMS 0x0000000081800000, 0x0000000081800000| Complete 
|  25|0x0000000081900000, 0x0000000081a00000, 0x0000000081a00000|100%|HC|  |TAMS 0x0000000081900000, 0x0000000081900000| Complete 
|  26|0x0000000081a00000, 0x0000000081b00000, 0x0000000081b00000|100%| O|  |TAMS 0x0000000081a00000, 0x0000000081a00000| Untracked 
|  27|0x0000000081b00000, 0x0000000081c00000, 0x0000000081c00000|100%| O|  |TAMS 0x0000000081b00000, 0x0000000081b00000| Untracked 
|  28|0x0000000081c00000, 0x0000000081d00000, 0x0000000081d00000|100%| O|  |TAMS 0x0000000081c00000, 0x0000000081c00000| Untracked 
|  29|0x0000000081d00000, 0x0000000081d8f200, 0x0000000081e00000| 55%| O|  |TAMS 0x0000000081d00000, 0x0000000081d00000| Untracked 
|  30|0x0000000081e00000, 0x0000000081e00000, 0x0000000081f00000|  0%| F|  |TAMS 0x0000000081e00000, 0x0000000081e00000| Untracked 
|  31|0x0000000081f00000, 0x0000000081f00000, 0x0000000082000000|  0%| F|  |TAMS 0x0000000081f00000, 0x0000000081f00000| Untracked 
|  32|0x0000000082000000, 0x0000000082000000, 0x0000000082100000|  0%| F|  |TAMS 0x0000000082000000, 0x0000000082000000| Untracked 
|  33|0x0000000082100000, 0x0000000082100000, 0x0000000082200000|  0%| F|  |TAMS 0x0000000082100000, 0x0000000082100000| Untracked 
|  34|0x0000000082200000, 0x0000000082200000, 0x0000000082300000|  0%| F|  |TAMS 0x0000000082200000, 0x0000000082200000| Untracked 
|  35|0x0000000082300000, 0x0000000082300000, 0x0000000082400000|  0%| F|  |TAMS 0x0000000082300000, 0x0000000082300000| Untracked 
|  36|0x0000000082400000, 0x0000000082400000, 0x0000000082500000|  0%| F|  |TAMS 0x0000000082400000, 0x0000000082400000| Untracked 
|  37|0x0000000082500000, 0x0000000082500000, 0x0000000082600000|  0%| F|  |TAMS 0x0000000082500000, 0x0000000082500000| Untracked 
|  38|0x0000000082600000, 0x0000000082600000, 0x0000000082700000|  0%| F|  |TAMS 0x0000000082600000, 0x0000000082600000| Untracked 
|  39|0x0000000082700000, 0x0000000082700000, 0x0000000082800000|  0%| F|  |TAMS 0x0000000082700000, 0x0000000082700000| Untracked 
|  40|0x0000000082800000, 0x0000000082800000, 0x0000000082900000|  0%| F|  |TAMS 0x0000000082800000, 0x0000000082800000| Untracked 
|  41|0x0000000082900000, 0x0000000082900000, 0x0000000082a00000|  0%| F|  |TAMS 0x0000000082900000, 0x0000000082900000| Untracked 
|  42|0x0000000082a00000, 0x0000000082a00000, 0x0000000082b00000|  0%| F|  |TAMS 0x0000000082a00000, 0x0000000082a00000| Untracked 
|  43|0x0000000082b00000, 0x0000000082b00000, 0x0000000082c00000|  0%| F|  |TAMS 0x0000000082b00000, 0x0000000082b00000| Untracked 
|  44|0x0000000082c00000, 0x0000000082c00000, 0x0000000082d00000|  0%| F|  |TAMS 0x0000000082c00000, 0x0000000082c00000| Untracked 
|  45|0x0000000082d00000, 0x0000000082d00000, 0x0000000082e00000|  0%| F|  |TAMS 0x0000000082d00000, 0x0000000082d00000| Untracked 
|  46|0x0000000082e00000, 0x0000000082e00000, 0x0000000082f00000|  0%| F|  |TAMS 0x0000000082e00000, 0x0000000082e00000| Untracked 
|  47|0x0000000082f00000, 0x0000000082f00000, 0x0000000083000000|  0%| F|  |TAMS 0x0000000082f00000, 0x0000000082f00000| Untracked 
|  48|0x0000000083000000, 0x0000000083000000, 0x0000000083100000|  0%| F|  |TAMS 0x0000000083000000, 0x0000000083000000| Untracked 
|  49|0x0000000083100000, 0x0000000083100000, 0x0000000083200000|  0%| F|  |TAMS 0x0000000083100000, 0x0000000083100000| Untracked 
|  50|0x0000000083200000, 0x0000000083200000, 0x0000000083300000|  0%| F|  |TAMS 0x0000000083200000, 0x0000000083200000| Untracked 
|  51|0x0000000083300000, 0x0000000083300000, 0x0000000083400000|  0%| F|  |TAMS 0x0000000083300000, 0x0000000083300000| Untracked 
|  52|0x0000000083400000, 0x0000000083400000, 0x0000000083500000|  0%| F|  |TAMS 0x0000000083400000, 0x0000000083400000| Untracked 
|  53|0x0000000083500000, 0x0000000083500000, 0x0000000083600000|  0%| F|  |TAMS 0x0000000083500000, 0x0000000083500000| Untracked 
|  54|0x0000000083600000, 0x0000000083600000, 0x0000000083700000|  0%| F|  |TAMS 0x0000000083600000, 0x0000000083600000| Untracked 
|  55|0x0000000083700000, 0x0000000083700000, 0x0000000083800000|  0%| F|  |TAMS 0x0000000083700000, 0x0000000083700000| Untracked 
|  56|0x0000000083800000, 0x0000000083800000, 0x0000000083900000|  0%| F|  |TAMS 0x0000000083800000, 0x0000000083800000| Untracked 
|  57|0x0000000083900000, 0x0000000083900000, 0x0000000083a00000|  0%| F|  |TAMS 0x0000000083900000, 0x0000000083900000| Untracked 
|  58|0x0000000083a00000, 0x0000000083a00000, 0x0000000083b00000|  0%| F|  |TAMS 0x0000000083a00000, 0x0000000083a00000| Untracked 
|  59|0x0000000083b00000, 0x0000000083b00000, 0x0000000083c00000|  0%| F|  |TAMS 0x0000000083b00000, 0x0000000083b00000| Untracked 
|  60|0x0000000083c00000, 0x0000000083c00000, 0x0000000083d00000|  0%| F|  |TAMS 0x0000000083c00000, 0x0000000083c00000| Untracked 
|  61|0x0000000083d00000, 0x0000000083d00000, 0x0000000083e00000|  0%| F|  |TAMS 0x0000000083d00000, 0x0000000083d00000| Untracked 
|  62|0x0000000083e00000, 0x0000000083e00000, 0x0000000083f00000|  0%| F|  |TAMS 0x0000000083e00000, 0x0000000083e00000| Untracked 
|  63|0x0000000083f00000, 0x0000000083f00000, 0x0000000084000000|  0%| F|  |TAMS 0x0000000083f00000, 0x0000000083f00000| Untracked 
|  64|0x0000000084000000, 0x0000000084000000, 0x0000000084100000|  0%| F|  |TAMS 0x0000000084000000, 0x0000000084000000| Untracked 
|  65|0x0000000084100000, 0x0000000084100000, 0x0000000084200000|  0%| F|  |TAMS 0x0000000084100000, 0x0000000084100000| Untracked 
|  66|0x0000000084200000, 0x0000000084200000, 0x0000000084300000|  0%| F|  |TAMS 0x0000000084200000, 0x0000000084200000| Untracked 
|  67|0x0000000084300000, 0x0000000084300000, 0x0000000084400000|  0%| F|  |TAMS 0x0000000084300000, 0x0000000084300000| Untracked 
|  68|0x0000000084400000, 0x0000000084400000, 0x0000000084500000|  0%| F|  |TAMS 0x0000000084400000, 0x0000000084400000| Untracked 
|  69|0x0000000084500000, 0x0000000084500000, 0x0000000084600000|  0%| F|  |TAMS 0x0000000084500000, 0x0000000084500000| Untracked 
|  70|0x0000000084600000, 0x0000000084600000, 0x0000000084700000|  0%| F|  |TAMS 0x0000000084600000, 0x0000000084600000| Untracked 
|  71|0x0000000084700000, 0x0000000084700000, 0x0000000084800000|  0%| F|  |TAMS 0x0000000084700000, 0x0000000084700000| Untracked 
|  72|0x0000000084800000, 0x0000000084800000, 0x0000000084900000|  0%| F|  |TAMS 0x0000000084800000, 0x0000000084800000| Untracked 
|  73|0x0000000084900000, 0x0000000084900000, 0x0000000084a00000|  0%| F|  |TAMS 0x0000000084900000, 0x0000000084900000| Untracked 
|  74|0x0000000084a00000, 0x0000000084a00000, 0x0000000084b00000|  0%| F|  |TAMS 0x0000000084a00000, 0x0000000084a00000| Untracked 
|  75|0x0000000084b00000, 0x0000000084b00000, 0x0000000084c00000|  0%| F|  |TAMS 0x0000000084b00000, 0x0000000084b00000| Untracked 
|  76|0x0000000084c00000, 0x0000000084c00000, 0x0000000084d00000|  0%| F|  |TAMS 0x0000000084c00000, 0x0000000084c00000| Untracked 
|  77|0x0000000084d00000, 0x0000000084d00000, 0x0000000084e00000|  0%| F|  |TAMS 0x0000000084d00000, 0x0000000084d00000| Untracked 
|  78|0x0000000084e00000, 0x0000000084e00000, 0x0000000084f00000|  0%| F|  |TAMS 0x0000000084e00000, 0x0000000084e00000| Untracked 
|  79|0x0000000084f00000, 0x0000000084f00000, 0x0000000085000000|  0%| F|  |TAMS 0x0000000084f00000, 0x0000000084f00000| Untracked 
|  80|0x0000000085000000, 0x0000000085000000, 0x0000000085100000|  0%| F|  |TAMS 0x0000000085000000, 0x0000000085000000| Untracked 
|  81|0x0000000085100000, 0x0000000085100000, 0x0000000085200000|  0%| F|  |TAMS 0x0000000085100000, 0x0000000085100000| Untracked 
|  82|0x0000000085200000, 0x0000000085200000, 0x0000000085300000|  0%| F|  |TAMS 0x0000000085200000, 0x0000000085200000| Untracked 
|  83|0x0000000085300000, 0x0000000085400000, 0x0000000085400000|100%| S|CS|TAMS 0x0000000085300000, 0x0000000085300000| Complete 
|  84|0x0000000085400000, 0x0000000085500000, 0x0000000085500000|100%| S|CS|TAMS 0x0000000085400000, 0x0000000085400000| Complete 
|  85|0x0000000085500000, 0x0000000085600000, 0x0000000085600000|100%| S|CS|TAMS 0x0000000085500000, 0x0000000085500000| Complete 
|  86|0x0000000085600000, 0x0000000085700000, 0x0000000085700000|100%| S|CS|TAMS 0x0000000085600000, 0x0000000085600000| Complete 
|  87|0x0000000085700000, 0x0000000085800000, 0x0000000085800000|100%| S|CS|TAMS 0x0000000085700000, 0x0000000085700000| Complete 
|  88|0x0000000085800000, 0x0000000085900000, 0x0000000085900000|100%| S|CS|TAMS 0x0000000085800000, 0x0000000085800000| Complete 
|  89|0x0000000085900000, 0x0000000085a00000, 0x0000000085a00000|100%| S|CS|TAMS 0x0000000085900000, 0x0000000085900000| Complete 
|  90|0x0000000085a00000, 0x0000000085b00000, 0x0000000085b00000|100%| S|CS|TAMS 0x0000000085a00000, 0x0000000085a00000| Complete 
|  91|0x0000000085b00000, 0x0000000085c00000, 0x0000000085c00000|100%| S|CS|TAMS 0x0000000085b00000, 0x0000000085b00000| Complete 
|  92|0x0000000085c00000, 0x0000000085d00000, 0x0000000085d00000|100%| S|CS|TAMS 0x0000000085c00000, 0x0000000085c00000| Complete 
|  93|0x0000000085d00000, 0x0000000085e00000, 0x0000000085e00000|100%| S|CS|TAMS 0x0000000085d00000, 0x0000000085d00000| Complete 
|  94|0x0000000085e00000, 0x0000000085f00000, 0x0000000085f00000|100%| S|CS|TAMS 0x0000000085e00000, 0x0000000085e00000| Complete 
|  95|0x0000000085f00000, 0x0000000086000000, 0x0000000086000000|100%| S|CS|TAMS 0x0000000085f00000, 0x0000000085f00000| Complete 
|  96|0x0000000086000000, 0x0000000086100000, 0x0000000086100000|100%| S|CS|TAMS 0x0000000086000000, 0x0000000086000000| Complete 
|  97|0x0000000086100000, 0x0000000086200000, 0x0000000086200000|100%| S|CS|TAMS 0x0000000086100000, 0x0000000086100000| Complete 
|  98|0x0000000086200000, 0x0000000086300000, 0x0000000086300000|100%| S|CS|TAMS 0x0000000086200000, 0x0000000086200000| Complete 
|  99|0x0000000086300000, 0x0000000086400000, 0x0000000086400000|100%| S|CS|TAMS 0x0000000086300000, 0x0000000086300000| Complete 
| 100|0x0000000086400000, 0x0000000086500000, 0x0000000086500000|100%| S|CS|TAMS 0x0000000086400000, 0x0000000086400000| Complete 
| 101|0x0000000086500000, 0x0000000086600000, 0x0000000086600000|100%| S|CS|TAMS 0x0000000086500000, 0x0000000086500000| Complete 
| 102|0x0000000086600000, 0x0000000086600000, 0x0000000086700000|  0%| F|  |TAMS 0x0000000086600000, 0x0000000086600000| Untracked 
| 103|0x0000000086700000, 0x0000000086700000, 0x0000000086800000|  0%| F|  |TAMS 0x0000000086700000, 0x0000000086700000| Untracked 
| 104|0x0000000086800000, 0x0000000086800000, 0x0000000086900000|  0%| F|  |TAMS 0x0000000086800000, 0x0000000086800000| Untracked 
| 105|0x0000000086900000, 0x0000000086900000, 0x0000000086a00000|  0%| F|  |TAMS 0x0000000086900000, 0x0000000086900000| Untracked 
| 106|0x0000000086a00000, 0x0000000086a00000, 0x0000000086b00000|  0%| F|  |TAMS 0x0000000086a00000, 0x0000000086a00000| Untracked 
| 107|0x0000000086b00000, 0x0000000086b00000, 0x0000000086c00000|  0%| F|  |TAMS 0x0000000086b00000, 0x0000000086b00000| Untracked 
| 108|0x0000000086c00000, 0x0000000086c00000, 0x0000000086d00000|  0%| F|  |TAMS 0x0000000086c00000, 0x0000000086c00000| Untracked 
| 109|0x0000000086d00000, 0x0000000086d00000, 0x0000000086e00000|  0%| F|  |TAMS 0x0000000086d00000, 0x0000000086d00000| Untracked 
| 110|0x0000000086e00000, 0x0000000086e00000, 0x0000000086f00000|  0%| F|  |TAMS 0x0000000086e00000, 0x0000000086e00000| Untracked 
| 111|0x0000000086f00000, 0x0000000086f00000, 0x0000000087000000|  0%| F|  |TAMS 0x0000000086f00000, 0x0000000086f00000| Untracked 
| 112|0x0000000087000000, 0x0000000087000000, 0x0000000087100000|  0%| F|  |TAMS 0x0000000087000000, 0x0000000087000000| Untracked 
| 113|0x0000000087100000, 0x0000000087100000, 0x0000000087200000|  0%| F|  |TAMS 0x0000000087100000, 0x0000000087100000| Untracked 
| 114|0x0000000087200000, 0x0000000087200000, 0x0000000087300000|  0%| F|  |TAMS 0x0000000087200000, 0x0000000087200000| Untracked 
| 115|0x0000000087300000, 0x0000000087300000, 0x0000000087400000|  0%| F|  |TAMS 0x0000000087300000, 0x0000000087300000| Untracked 
| 116|0x0000000087400000, 0x0000000087400000, 0x0000000087500000|  0%| F|  |TAMS 0x0000000087400000, 0x0000000087400000| Untracked 
| 117|0x0000000087500000, 0x0000000087500000, 0x0000000087600000|  0%| F|  |TAMS 0x0000000087500000, 0x0000000087500000| Untracked 
| 118|0x0000000087600000, 0x0000000087600000, 0x0000000087700000|  0%| F|  |TAMS 0x0000000087600000, 0x0000000087600000| Untracked 
| 119|0x0000000087700000, 0x0000000087700000, 0x0000000087800000|  0%| F|  |TAMS 0x0000000087700000, 0x0000000087700000| Untracked 
| 120|0x0000000087800000, 0x0000000087800000, 0x0000000087900000|  0%| F|  |TAMS 0x0000000087800000, 0x0000000087800000| Untracked 
| 121|0x0000000087900000, 0x0000000087900000, 0x0000000087a00000|  0%| F|  |TAMS 0x0000000087900000, 0x0000000087900000| Untracked 
| 122|0x0000000087a00000, 0x0000000087a00000, 0x0000000087b00000|  0%| F|  |TAMS 0x0000000087a00000, 0x0000000087a00000| Untracked 
| 123|0x0000000087b00000, 0x0000000087b00000, 0x0000000087c00000|  0%| F|  |TAMS 0x0000000087b00000, 0x0000000087b00000| Untracked 
| 124|0x0000000087c00000, 0x0000000087c00000, 0x0000000087d00000|  0%| F|  |TAMS 0x0000000087c00000, 0x0000000087c00000| Untracked 
| 125|0x0000000087d00000, 0x0000000087d00000, 0x0000000087e00000|  0%| F|  |TAMS 0x0000000087d00000, 0x0000000087d00000| Untracked 
| 126|0x0000000087e00000, 0x0000000087e00000, 0x0000000087f00000|  0%| F|  |TAMS 0x0000000087e00000, 0x0000000087e00000| Untracked 
| 127|0x0000000087f00000, 0x0000000087f00000, 0x0000000088000000|  0%| F|  |TAMS 0x0000000087f00000, 0x0000000087f00000| Untracked 
| 128|0x0000000088000000, 0x0000000088000000, 0x0000000088100000|  0%| F|  |TAMS 0x0000000088000000, 0x0000000088000000| Untracked 
| 129|0x0000000088100000, 0x0000000088100000, 0x0000000088200000|  0%| F|  |TAMS 0x0000000088100000, 0x0000000088100000| Untracked 
| 130|0x0000000088200000, 0x0000000088200000, 0x0000000088300000|  0%| F|  |TAMS 0x0000000088200000, 0x0000000088200000| Untracked 
| 131|0x0000000088300000, 0x0000000088300000, 0x0000000088400000|  0%| F|  |TAMS 0x0000000088300000, 0x0000000088300000| Untracked 
| 132|0x0000000088400000, 0x0000000088400000, 0x0000000088500000|  0%| F|  |TAMS 0x0000000088400000, 0x0000000088400000| Untracked 
| 133|0x0000000088500000, 0x0000000088500000, 0x0000000088600000|  0%| F|  |TAMS 0x0000000088500000, 0x0000000088500000| Untracked 
| 134|0x0000000088600000, 0x0000000088600000, 0x0000000088700000|  0%| F|  |TAMS 0x0000000088600000, 0x0000000088600000| Untracked 
| 135|0x0000000088700000, 0x0000000088700000, 0x0000000088800000|  0%| F|  |TAMS 0x0000000088700000, 0x0000000088700000| Untracked 
| 136|0x0000000088800000, 0x0000000088800000, 0x0000000088900000|  0%| F|  |TAMS 0x0000000088800000, 0x0000000088800000| Untracked 
| 137|0x0000000088900000, 0x0000000088900000, 0x0000000088a00000|  0%| F|  |TAMS 0x0000000088900000, 0x0000000088900000| Untracked 
| 138|0x0000000088a00000, 0x0000000088a00000, 0x0000000088b00000|  0%| F|  |TAMS 0x0000000088a00000, 0x0000000088a00000| Untracked 
| 139|0x0000000088b00000, 0x0000000088b00000, 0x0000000088c00000|  0%| F|  |TAMS 0x0000000088b00000, 0x0000000088b00000| Untracked 
| 140|0x0000000088c00000, 0x0000000088c00000, 0x0000000088d00000|  0%| F|  |TAMS 0x0000000088c00000, 0x0000000088c00000| Untracked 
| 141|0x0000000088d00000, 0x0000000088d00000, 0x0000000088e00000|  0%| F|  |TAMS 0x0000000088d00000, 0x0000000088d00000| Untracked 
| 142|0x0000000088e00000, 0x0000000088e00000, 0x0000000088f00000|  0%| F|  |TAMS 0x0000000088e00000, 0x0000000088e00000| Untracked 
| 143|0x0000000088f00000, 0x0000000088f00000, 0x0000000089000000|  0%| F|  |TAMS 0x0000000088f00000, 0x0000000088f00000| Untracked 
| 144|0x0000000089000000, 0x0000000089000000, 0x0000000089100000|  0%| F|  |TAMS 0x0000000089000000, 0x0000000089000000| Untracked 
| 145|0x0000000089100000, 0x0000000089100000, 0x0000000089200000|  0%| F|  |TAMS 0x0000000089100000, 0x0000000089100000| Untracked 
| 146|0x0000000089200000, 0x0000000089200000, 0x0000000089300000|  0%| F|  |TAMS 0x0000000089200000, 0x0000000089200000| Untracked 
| 147|0x0000000089300000, 0x0000000089300000, 0x0000000089400000|  0%| F|  |TAMS 0x0000000089300000, 0x0000000089300000| Untracked 
| 148|0x0000000089400000, 0x0000000089400000, 0x0000000089500000|  0%| F|  |TAMS 0x0000000089400000, 0x0000000089400000| Untracked 
| 149|0x0000000089500000, 0x0000000089500000, 0x0000000089600000|  0%| F|  |TAMS 0x0000000089500000, 0x0000000089500000| Untracked 
| 150|0x0000000089600000, 0x0000000089600000, 0x0000000089700000|  0%| F|  |TAMS 0x0000000089600000, 0x0000000089600000| Untracked 
| 151|0x0000000089700000, 0x0000000089700000, 0x0000000089800000|  0%| F|  |TAMS 0x0000000089700000, 0x0000000089700000| Untracked 
| 152|0x0000000089800000, 0x0000000089800000, 0x0000000089900000|  0%| F|  |TAMS 0x0000000089800000, 0x0000000089800000| Untracked 
| 153|0x0000000089900000, 0x0000000089900000, 0x0000000089a00000|  0%| F|  |TAMS 0x0000000089900000, 0x0000000089900000| Untracked 
| 154|0x0000000089a00000, 0x0000000089a00000, 0x0000000089b00000|  0%| F|  |TAMS 0x0000000089a00000, 0x0000000089a00000| Untracked 
| 155|0x0000000089b00000, 0x0000000089b00000, 0x0000000089c00000|  0%| F|  |TAMS 0x0000000089b00000, 0x0000000089b00000| Untracked 
| 156|0x0000000089c00000, 0x0000000089c00000, 0x0000000089d00000|  0%| F|  |TAMS 0x0000000089c00000, 0x0000000089c00000| Untracked 
| 157|0x0000000089d00000, 0x0000000089d00000, 0x0000000089e00000|  0%| F|  |TAMS 0x0000000089d00000, 0x0000000089d00000| Untracked 
| 158|0x0000000089e00000, 0x0000000089e00000, 0x0000000089f00000|  0%| F|  |TAMS 0x0000000089e00000, 0x0000000089e00000| Untracked 
| 159|0x0000000089f00000, 0x0000000089f00000, 0x000000008a000000|  0%| F|  |TAMS 0x0000000089f00000, 0x0000000089f00000| Untracked 
| 160|0x000000008a000000, 0x000000008a000000, 0x000000008a100000|  0%| F|  |TAMS 0x000000008a000000, 0x000000008a000000| Untracked 
| 161|0x000000008a100000, 0x000000008a100000, 0x000000008a200000|  0%| F|  |TAMS 0x000000008a100000, 0x000000008a100000| Untracked 
| 162|0x000000008a200000, 0x000000008a200000, 0x000000008a300000|  0%| F|  |TAMS 0x000000008a200000, 0x000000008a200000| Untracked 
| 163|0x000000008a300000, 0x000000008a300000, 0x000000008a400000|  0%| F|  |TAMS 0x000000008a300000, 0x000000008a300000| Untracked 
| 164|0x000000008a400000, 0x000000008a400000, 0x000000008a500000|  0%| F|  |TAMS 0x000000008a400000, 0x000000008a400000| Untracked 
| 165|0x000000008a500000, 0x000000008a500000, 0x000000008a600000|  0%| F|  |TAMS 0x000000008a500000, 0x000000008a500000| Untracked 
| 166|0x000000008a600000, 0x000000008a600000, 0x000000008a700000|  0%| F|  |TAMS 0x000000008a600000, 0x000000008a600000| Untracked 
| 167|0x000000008a700000, 0x000000008a700000, 0x000000008a800000|  0%| F|  |TAMS 0x000000008a700000, 0x000000008a700000| Untracked 
| 168|0x000000008a800000, 0x000000008a800000, 0x000000008a900000|  0%| F|  |TAMS 0x000000008a800000, 0x000000008a800000| Untracked 
| 169|0x000000008a900000, 0x000000008a900000, 0x000000008aa00000|  0%| F|  |TAMS 0x000000008a900000, 0x000000008a900000| Untracked 
| 170|0x000000008aa00000, 0x000000008aa00000, 0x000000008ab00000|  0%| F|  |TAMS 0x000000008aa00000, 0x000000008aa00000| Untracked 
| 171|0x000000008ab00000, 0x000000008ab00000, 0x000000008ac00000|  0%| F|  |TAMS 0x000000008ab00000, 0x000000008ab00000| Untracked 
| 172|0x000000008ac00000, 0x000000008ac00000, 0x000000008ad00000|  0%| F|  |TAMS 0x000000008ac00000, 0x000000008ac00000| Untracked 
| 173|0x000000008ad00000, 0x000000008ad00000, 0x000000008ae00000|  0%| F|  |TAMS 0x000000008ad00000, 0x000000008ad00000| Untracked 
| 174|0x000000008ae00000, 0x000000008ae00000, 0x000000008af00000|  0%| F|  |TAMS 0x000000008ae00000, 0x000000008ae00000| Untracked 
| 175|0x000000008af00000, 0x000000008af00000, 0x000000008b000000|  0%| F|  |TAMS 0x000000008af00000, 0x000000008af00000| Untracked 
| 176|0x000000008b000000, 0x000000008b000000, 0x000000008b100000|  0%| F|  |TAMS 0x000000008b000000, 0x000000008b000000| Untracked 
| 177|0x000000008b100000, 0x000000008b100000, 0x000000008b200000|  0%| F|  |TAMS 0x000000008b100000, 0x000000008b100000| Untracked 
| 178|0x000000008b200000, 0x000000008b200000, 0x000000008b300000|  0%| F|  |TAMS 0x000000008b200000, 0x000000008b200000| Untracked 
| 179|0x000000008b300000, 0x000000008b300000, 0x000000008b400000|  0%| F|  |TAMS 0x000000008b300000, 0x000000008b300000| Untracked 
| 180|0x000000008b400000, 0x000000008b400000, 0x000000008b500000|  0%| F|  |TAMS 0x000000008b400000, 0x000000008b400000| Untracked 
| 181|0x000000008b500000, 0x000000008b500000, 0x000000008b600000|  0%| F|  |TAMS 0x000000008b500000, 0x000000008b500000| Untracked 
| 182|0x000000008b600000, 0x000000008b600000, 0x000000008b700000|  0%| F|  |TAMS 0x000000008b600000, 0x000000008b600000| Untracked 
| 183|0x000000008b700000, 0x000000008b700000, 0x000000008b800000|  0%| F|  |TAMS 0x000000008b700000, 0x000000008b700000| Untracked 
| 184|0x000000008b800000, 0x000000008b800000, 0x000000008b900000|  0%| F|  |TAMS 0x000000008b800000, 0x000000008b800000| Untracked 
| 185|0x000000008b900000, 0x000000008b900000, 0x000000008ba00000|  0%| F|  |TAMS 0x000000008b900000, 0x000000008b900000| Untracked 
| 186|0x000000008ba00000, 0x000000008ba00000, 0x000000008bb00000|  0%| F|  |TAMS 0x000000008ba00000, 0x000000008ba00000| Untracked 
| 187|0x000000008bb00000, 0x000000008bb00000, 0x000000008bc00000|  0%| F|  |TAMS 0x000000008bb00000, 0x000000008bb00000| Untracked 
| 188|0x000000008bc00000, 0x000000008bc00000, 0x000000008bd00000|  0%| F|  |TAMS 0x000000008bc00000, 0x000000008bc00000| Untracked 
| 189|0x000000008bd00000, 0x000000008bd00000, 0x000000008be00000|  0%| F|  |TAMS 0x000000008bd00000, 0x000000008bd00000| Untracked 
| 190|0x000000008be00000, 0x000000008be00000, 0x000000008bf00000|  0%| F|  |TAMS 0x000000008be00000, 0x000000008be00000| Untracked 
| 191|0x000000008bf00000, 0x000000008bf00000, 0x000000008c000000|  0%| F|  |TAMS 0x000000008bf00000, 0x000000008bf00000| Untracked 
| 192|0x000000008c000000, 0x000000008c000000, 0x000000008c100000|  0%| F|  |TAMS 0x000000008c000000, 0x000000008c000000| Untracked 
| 193|0x000000008c100000, 0x000000008c100000, 0x000000008c200000|  0%| F|  |TAMS 0x000000008c100000, 0x000000008c100000| Untracked 
| 194|0x000000008c200000, 0x000000008c200000, 0x000000008c300000|  0%| F|  |TAMS 0x000000008c200000, 0x000000008c200000| Untracked 
| 195|0x000000008c300000, 0x000000008c300000, 0x000000008c400000|  0%| F|  |TAMS 0x000000008c300000, 0x000000008c300000| Untracked 
| 196|0x000000008c400000, 0x000000008c400000, 0x000000008c500000|  0%| F|  |TAMS 0x000000008c400000, 0x000000008c400000| Untracked 
| 197|0x000000008c500000, 0x000000008c500000, 0x000000008c600000|  0%| F|  |TAMS 0x000000008c500000, 0x000000008c500000| Untracked 
| 198|0x000000008c600000, 0x000000008c600000, 0x000000008c700000|  0%| F|  |TAMS 0x000000008c600000, 0x000000008c600000| Untracked 
| 199|0x000000008c700000, 0x000000008c700000, 0x000000008c800000|  0%| F|  |TAMS 0x000000008c700000, 0x000000008c700000| Untracked 
| 200|0x000000008c800000, 0x000000008c800000, 0x000000008c900000|  0%| F|  |TAMS 0x000000008c800000, 0x000000008c800000| Untracked 
| 201|0x000000008c900000, 0x000000008c900000, 0x000000008ca00000|  0%| F|  |TAMS 0x000000008c900000, 0x000000008c900000| Untracked 
| 202|0x000000008ca00000, 0x000000008ca00000, 0x000000008cb00000|  0%| F|  |TAMS 0x000000008ca00000, 0x000000008ca00000| Untracked 
| 203|0x000000008cb00000, 0x000000008cb00000, 0x000000008cc00000|  0%| F|  |TAMS 0x000000008cb00000, 0x000000008cb00000| Untracked 
| 204|0x000000008cc00000, 0x000000008cc00000, 0x000000008cd00000|  0%| F|  |TAMS 0x000000008cc00000, 0x000000008cc00000| Untracked 
| 205|0x000000008cd00000, 0x000000008cd00000, 0x000000008ce00000|  0%| F|  |TAMS 0x000000008cd00000, 0x000000008cd00000| Untracked 
| 206|0x000000008ce00000, 0x000000008ce00000, 0x000000008cf00000|  0%| F|  |TAMS 0x000000008ce00000, 0x000000008ce00000| Untracked 
| 207|0x000000008cf00000, 0x000000008cf00000, 0x000000008d000000|  0%| F|  |TAMS 0x000000008cf00000, 0x000000008cf00000| Untracked 
| 208|0x000000008d000000, 0x000000008d000000, 0x000000008d100000|  0%| F|  |TAMS 0x000000008d000000, 0x000000008d000000| Untracked 
| 209|0x000000008d100000, 0x000000008d100000, 0x000000008d200000|  0%| F|  |TAMS 0x000000008d100000, 0x000000008d100000| Untracked 
| 210|0x000000008d200000, 0x000000008d200000, 0x000000008d300000|  0%| F|  |TAMS 0x000000008d200000, 0x000000008d200000| Untracked 
| 211|0x000000008d300000, 0x000000008d300000, 0x000000008d400000|  0%| F|  |TAMS 0x000000008d300000, 0x000000008d300000| Untracked 
| 212|0x000000008d400000, 0x000000008d400000, 0x000000008d500000|  0%| F|  |TAMS 0x000000008d400000, 0x000000008d400000| Untracked 
| 213|0x000000008d500000, 0x000000008d500000, 0x000000008d600000|  0%| F|  |TAMS 0x000000008d500000, 0x000000008d500000| Untracked 
| 214|0x000000008d600000, 0x000000008d600000, 0x000000008d700000|  0%| F|  |TAMS 0x000000008d600000, 0x000000008d600000| Untracked 
| 215|0x000000008d700000, 0x000000008d700000, 0x000000008d800000|  0%| F|  |TAMS 0x000000008d700000, 0x000000008d700000| Untracked 
| 216|0x000000008d800000, 0x000000008d800000, 0x000000008d900000|  0%| F|  |TAMS 0x000000008d800000, 0x000000008d800000| Untracked 
| 217|0x000000008d900000, 0x000000008d900000, 0x000000008da00000|  0%| F|  |TAMS 0x000000008d900000, 0x000000008d900000| Untracked 
| 218|0x000000008da00000, 0x000000008da00000, 0x000000008db00000|  0%| F|  |TAMS 0x000000008da00000, 0x000000008da00000| Untracked 
| 219|0x000000008db00000, 0x000000008db00000, 0x000000008dc00000|  0%| F|  |TAMS 0x000000008db00000, 0x000000008db00000| Untracked 
| 220|0x000000008dc00000, 0x000000008dc00000, 0x000000008dd00000|  0%| F|  |TAMS 0x000000008dc00000, 0x000000008dc00000| Untracked 
| 221|0x000000008dd00000, 0x000000008dd00000, 0x000000008de00000|  0%| F|  |TAMS 0x000000008dd00000, 0x000000008dd00000| Untracked 
| 222|0x000000008de00000, 0x000000008de00000, 0x000000008df00000|  0%| F|  |TAMS 0x000000008de00000, 0x000000008de00000| Untracked 
| 223|0x000000008df00000, 0x000000008df00000, 0x000000008e000000|  0%| F|  |TAMS 0x000000008df00000, 0x000000008df00000| Untracked 
| 224|0x000000008e000000, 0x000000008e000000, 0x000000008e100000|  0%| F|  |TAMS 0x000000008e000000, 0x000000008e000000| Untracked 
| 225|0x000000008e100000, 0x000000008e100000, 0x000000008e200000|  0%| F|  |TAMS 0x000000008e100000, 0x000000008e100000| Untracked 
| 226|0x000000008e200000, 0x000000008e200000, 0x000000008e300000|  0%| F|  |TAMS 0x000000008e200000, 0x000000008e200000| Untracked 
| 227|0x000000008e300000, 0x000000008e300000, 0x000000008e400000|  0%| F|  |TAMS 0x000000008e300000, 0x000000008e300000| Untracked 
| 228|0x000000008e400000, 0x000000008e400000, 0x000000008e500000|  0%| F|  |TAMS 0x000000008e400000, 0x000000008e400000| Untracked 
| 229|0x000000008e500000, 0x000000008e500000, 0x000000008e600000|  0%| F|  |TAMS 0x000000008e500000, 0x000000008e500000| Untracked 
| 230|0x000000008e600000, 0x000000008e600000, 0x000000008e700000|  0%| F|  |TAMS 0x000000008e600000, 0x000000008e600000| Untracked 
| 231|0x000000008e700000, 0x000000008e700000, 0x000000008e800000|  0%| F|  |TAMS 0x000000008e700000, 0x000000008e700000| Untracked 
| 232|0x000000008e800000, 0x000000008e800000, 0x000000008e900000|  0%| F|  |TAMS 0x000000008e800000, 0x000000008e800000| Untracked 
| 233|0x000000008e900000, 0x000000008e900000, 0x000000008ea00000|  0%| F|  |TAMS 0x000000008e900000, 0x000000008e900000| Untracked 
| 234|0x000000008ea00000, 0x000000008ea00000, 0x000000008eb00000|  0%| F|  |TAMS 0x000000008ea00000, 0x000000008ea00000| Untracked 
| 235|0x000000008eb00000, 0x000000008eb00000, 0x000000008ec00000|  0%| F|  |TAMS 0x000000008eb00000, 0x000000008eb00000| Untracked 
| 236|0x000000008ec00000, 0x000000008ec00000, 0x000000008ed00000|  0%| F|  |TAMS 0x000000008ec00000, 0x000000008ec00000| Untracked 
| 237|0x000000008ed00000, 0x000000008ed00000, 0x000000008ee00000|  0%| F|  |TAMS 0x000000008ed00000, 0x000000008ed00000| Untracked 
| 238|0x000000008ee00000, 0x000000008ee00000, 0x000000008ef00000|  0%| F|  |TAMS 0x000000008ee00000, 0x000000008ee00000| Untracked 
| 239|0x000000008ef00000, 0x000000008ef00000, 0x000000008f000000|  0%| F|  |TAMS 0x000000008ef00000, 0x000000008ef00000| Untracked 
| 240|0x000000008f000000, 0x000000008f000000, 0x000000008f100000|  0%| F|  |TAMS 0x000000008f000000, 0x000000008f000000| Untracked 
| 241|0x000000008f100000, 0x000000008f100000, 0x000000008f200000|  0%| F|  |TAMS 0x000000008f100000, 0x000000008f100000| Untracked 
| 242|0x000000008f200000, 0x000000008f200000, 0x000000008f300000|  0%| F|  |TAMS 0x000000008f200000, 0x000000008f200000| Untracked 
| 243|0x000000008f300000, 0x000000008f300000, 0x000000008f400000|  0%| F|  |TAMS 0x000000008f300000, 0x000000008f300000| Untracked 
| 244|0x000000008f400000, 0x000000008f400000, 0x000000008f500000|  0%| F|  |TAMS 0x000000008f400000, 0x000000008f400000| Untracked 
| 245|0x000000008f500000, 0x000000008f500000, 0x000000008f600000|  0%| F|  |TAMS 0x000000008f500000, 0x000000008f500000| Untracked 
| 246|0x000000008f600000, 0x000000008f600000, 0x000000008f700000|  0%| F|  |TAMS 0x000000008f600000, 0x000000008f600000| Untracked 
| 247|0x000000008f700000, 0x000000008f700000, 0x000000008f800000|  0%| F|  |TAMS 0x000000008f700000, 0x000000008f700000| Untracked 
| 248|0x000000008f800000, 0x000000008f800000, 0x000000008f900000|  0%| F|  |TAMS 0x000000008f800000, 0x000000008f800000| Untracked 
| 249|0x000000008f900000, 0x000000008f900000, 0x000000008fa00000|  0%| F|  |TAMS 0x000000008f900000, 0x000000008f900000| Untracked 
| 250|0x000000008fa00000, 0x000000008fa00000, 0x000000008fb00000|  0%| F|  |TAMS 0x000000008fa00000, 0x000000008fa00000| Untracked 
| 251|0x000000008fb00000, 0x000000008fb00000, 0x000000008fc00000|  0%| F|  |TAMS 0x000000008fb00000, 0x000000008fb00000| Untracked 
| 252|0x000000008fc00000, 0x000000008fc80800, 0x000000008fd00000| 50%| E|  |TAMS 0x000000008fc00000, 0x000000008fc00000| Complete 
| 253|0x000000008fd00000, 0x000000008fe00000, 0x000000008fe00000|100%| E|CS|TAMS 0x000000008fd00000, 0x000000008fd00000| Complete 

Card table byte_map: [0x000001dbfc120000,0x000001dbfc520000] _byte_map_base: 0x000001dbfbd20000

Marking Bits (Prev, Next): (CMBitMap*) 0x000001dbe8f31598, (CMBitMap*) 0x000001dbe8f315d0
 Prev Bits: [0x000001dbfc920000, 0x000001dbfe920000)
 Next Bits: [0x000001db80000000, 0x000001db82000000)

Polling page: 0x000001dbe6eb0000

Metaspace:

Usage:
  Non-class:     46.05 MB capacity,    45.21 MB ( 98%) used,   720.45 KB (  2%) free+waste,   141.19 KB ( <1%) overhead. 
      Class:      7.13 MB capacity,     6.61 MB ( 93%) used,   470.14 KB (  6%) free+waste,    67.25 KB ( <1%) overhead. 
       Both:     53.18 MB capacity,    51.82 MB ( 97%) used,     1.16 MB (  2%) free+waste,   208.44 KB ( <1%) overhead. 

Virtual space:
  Non-class space:       48.00 MB reserved,      46.20 MB ( 96%) committed 
      Class space:        1.00 GB reserved,       7.25 MB ( <1%) committed 
             Both:        1.05 GB reserved,      53.45 MB (  5%) committed 

Chunk freelists:
   Non-Class:  20.00 KB
       Class:  27.00 KB
        Both:  47.00 KB

MaxMetaspaceSize: 17179869184.00 GB
CompressedClassSpaceSize: 1.00 GB

CodeHeap 'non-profiled nmethods': size=120000Kb used=2745Kb max_used=2745Kb free=117254Kb
 bounds [0x000001dbf44c0000, 0x000001dbf4770000, 0x000001dbfb9f0000]
CodeHeap 'profiled nmethods': size=120000Kb used=11254Kb max_used=11254Kb free=108745Kb
 bounds [0x000001dbecf90000, 0x000001dbeda90000, 0x000001dbf44c0000]
CodeHeap 'non-nmethods': size=5760Kb used=2232Kb max_used=2262Kb free=3528Kb
 bounds [0x000001dbec9f0000, 0x000001dbecc60000, 0x000001dbecf90000]
 total_blobs=6271 nmethods=5463 adapters=719
 compilation: enabled
              stopped_count=0, restarted_count=0
 full_count=0

Compilation events (20 events):
Event: 9.370 Thread 0x000001dbffc3e800 nmethod 5489 0x000001dbeda89910 code [0x000001dbeda89d20, 0x000001dbeda8b618]
Event: 9.370 Thread 0x000001dbffc3e800 5490       3       java.lang.invoke.ClassSpecializer$Factory$1Var::nextSlotIndex (24 bytes)
Event: 9.370 Thread 0x000001dbffc3e800 nmethod 5490 0x000001dbeda8c010 code [0x000001dbeda8c1e0, 0x000001dbeda8c478]
Event: 9.370 Thread 0x000001dbffc3e800 5491       3       java.lang.invoke.ClassSpecializer::classBCName (33 bytes)
Event: 9.370 Thread 0x000001dbffc3e800 nmethod 5491 0x000001dbeda8c590 code [0x000001dbeda8c740, 0x000001dbeda8c868]
Event: 9.371 Thread 0x000001db860a7000 nmethod 5466 0x000001dbf4769690 code [0x000001dbf47698e0, 0x000001dbf476b6d0]
Event: 9.372 Thread 0x000001db860a7000 5468       4       java.util.concurrent.atomic.AtomicReferenceArray::get (12 bytes)
Event: 9.372 Thread 0x000001dbffc3e800 5499       3       java.nio.Buffer::discardMark (6 bytes)
Event: 9.372 Thread 0x000001dbffc3e800 nmethod 5499 0x000001dbeda8c910 code [0x000001dbeda8cac0, 0x000001dbeda8cbb8]
Event: 9.373 Thread 0x000001db860a7000 nmethod 5468 0x000001dbf476c610 code [0x000001dbf476c7a0, 0x000001dbf476c838]
Event: 9.373 Thread 0x000001db860a7000 5479       4       jdk.internal.org.objectweb.asm.ClassWriter::newStringishItem (68 bytes)
Event: 9.398 Thread 0x000001db860a7000 nmethod 5479 0x000001dbf476c990 code [0x000001dbf476cb80, 0x000001dbf476d450]
Event: 9.398 Thread 0x000001db860a7000 5478       4       java.util.Arrays::rangeCheck (74 bytes)
Event: 9.399 Thread 0x000001db860a7000 nmethod 5478 0x000001dbf476d990 code [0x000001dbf476db20, 0x000001dbf476dbb8]
Event: 9.399 Thread 0x000001db860a7000 5492       4       java.util.Collections$UnmodifiableCollection$1::next (10 bytes)
Event: 9.400 Thread 0x000001db860a7000 nmethod 5492 0x000001dbf476dc90 code [0x000001dbf476de20, 0x000001dbf476deb8]
Event: 9.400 Thread 0x000001db860a7000 5472       4       java.lang.Class::getGenericInfo (52 bytes)
Event: 9.404 Thread 0x000001db860a7000 nmethod 5472 0x000001dbf476df90 code [0x000001dbf476e140, 0x000001dbf476e308]
Event: 9.411 Thread 0x000001db860a7000 5500       4       com.google.common.base.Equivalence$Equals::doHash (5 bytes)
Event: 9.412 Thread 0x000001db860a7000 nmethod 5500 0x000001dbf476e410 code [0x000001dbf476e5a0, 0x000001dbf476e678]

GC Heap History (14 events):
Event: 0.852 GC heap before
{Heap before GC invocations=0 (full 0):
 garbage-first heap   total 260096K, used 29696K [0x0000000080000000, 0x0000000100000000)
  region size 1024K, 24 young (24576K), 0 survivors (0K)
 Metaspace       used 10253K, capacity 10491K, committed 10624K, reserved 1058816K
  class space    used 1072K, capacity 1141K, committed 1152K, reserved 1048576K
}
Event: 0.858 GC heap after
{Heap after GC invocations=1 (full 0):
 garbage-first heap   total 260096K, used 9358K [0x0000000080000000, 0x0000000100000000)
  region size 1024K, 3 young (3072K), 3 survivors (3072K)
 Metaspace       used 10253K, capacity 10491K, committed 10624K, reserved 1058816K
  class space    used 1072K, capacity 1141K, committed 1152K, reserved 1048576K
}
Event: 1.161 GC heap before
{Heap before GC invocations=1 (full 0):
 garbage-first heap   total 260096K, used 31886K [0x0000000080000000, 0x0000000100000000)
  region size 1024K, 25 young (25600K), 3 survivors (3072K)
 Metaspace       used 11189K, capacity 11382K, committed 11520K, reserved 1058816K
  class space    used 1174K, capacity 1246K, committed 1280K, reserved 1048576K
}
Event: 1.166 GC heap after
{Heap after GC invocations=2 (full 0):
 garbage-first heap   total 260096K, used 10168K [0x0000000080000000, 0x0000000100000000)
  region size 1024K, 1 young (1024K), 1 survivors (1024K)
 Metaspace       used 11189K, capacity 11382K, committed 11520K, reserved 1058816K
  class space    used 1174K, capacity 1246K, committed 1280K, reserved 1048576K
}
Event: 3.290 GC heap before
{Heap before GC invocations=2 (full 0):
 garbage-first heap   total 260096K, used 65464K [0x0000000080000000, 0x0000000100000000)
  region size 1024K, 55 young (56320K), 1 survivors (1024K)
 Metaspace       used 18196K, capacity 18551K, committed 18816K, reserved 1064960K
  class space    used 2180K, capacity 2319K, committed 2432K, reserved 1048576K
}
Event: 3.296 GC heap after
{Heap after GC invocations=3 (full 0):
 garbage-first heap   total 260096K, used 16468K [0x0000000080000000, 0x0000000100000000)
  region size 1024K, 7 young (7168K), 7 survivors (7168K)
 Metaspace       used 18196K, capacity 18551K, committed 18816K, reserved 1064960K
  class space    used 2180K, capacity 2319K, committed 2432K, reserved 1048576K
}
Event: 3.571 GC heap before
{Heap before GC invocations=3 (full 0):
 garbage-first heap   total 260096K, used 36948K [0x0000000080000000, 0x0000000100000000)
  region size 1024K, 28 young (28672K), 7 survivors (7168K)
 Metaspace       used 20671K, capacity 21091K, committed 21248K, reserved 1067008K
  class space    used 2545K, capacity 2697K, committed 2816K, reserved 1048576K
}
Event: 3.581 GC heap after
{Heap after GC invocations=4 (full 0):
 garbage-first heap   total 260096K, used 17624K [0x0000000080000000, 0x0000000100000000)
  region size 1024K, 1 young (1024K), 1 survivors (1024K)
 Metaspace       used 20671K, capacity 21091K, committed 21248K, reserved 1067008K
  class space    used 2545K, capacity 2697K, committed 2816K, reserved 1048576K
}
Event: 4.677 GC heap before
{Heap before GC invocations=5 (full 0):
 garbage-first heap   total 260096K, used 92376K [0x0000000080000000, 0x0000000100000000)
  region size 1024K, 75 young (76800K), 1 survivors (1024K)
 Metaspace       used 28027K, capacity 28569K, committed 28800K, reserved 1075200K
  class space    used 3719K, capacity 3943K, committed 3968K, reserved 1048576K
}
Event: 4.683 GC heap after
{Heap after GC invocations=6 (full 0):
 garbage-first heap   total 260096K, used 20180K [0x0000000080000000, 0x0000000100000000)
  region size 1024K, 4 young (4096K), 4 survivors (4096K)
 Metaspace       used 28027K, capacity 28569K, committed 28800K, reserved 1075200K
  class space    used 3719K, capacity 3943K, committed 3968K, reserved 1048576K
}
Event: 5.507 GC heap before
{Heap before GC invocations=6 (full 0):
 garbage-first heap   total 260096K, used 54996K [0x0000000080000000, 0x0000000100000000)
  region size 1024K, 39 young (39936K), 4 survivors (4096K)
 Metaspace       used 35002K, capacity 35786K, committed 35840K, reserved 1081344K
  class space    used 4556K, capacity 4863K, committed 4864K, reserved 1048576K
}
Event: 5.519 GC heap after
{Heap after GC invocations=7 (full 0):
 garbage-first heap   total 260096K, used 23143K [0x0000000080000000, 0x0000000100000000)
  region size 1024K, 7 young (7168K), 7 survivors (7168K)
 Metaspace       used 35002K, capacity 35786K, committed 35840K, reserved 1081344K
  class space    used 4556K, capacity 4863K, committed 4864K, reserved 1048576K
}
Event: 7.217 GC heap before
{Heap before GC invocations=8 (full 0):
 garbage-first heap   total 260096K, used 131687K [0x0000000080000000, 0x0000000100000000)
  region size 1024K, 110 young (112640K), 7 survivors (7168K)
 Metaspace       used 43888K, capacity 44890K, committed 45132K, reserved 1089536K
  class space    used 5611K, capacity 5984K, committed 6016K, reserved 1048576K
}
Event: 7.233 GC heap after
{Heap after GC invocations=9 (full 0):
 garbage-first heap   total 260096K, used 29553K [0x0000000080000000, 0x0000000100000000)
  region size 1024K, 13 young (13312K), 13 survivors (13312K)
 Metaspace       used 43888K, capacity 44890K, committed 45132K, reserved 1089536K
  class space    used 5611K, capacity 5984K, committed 6016K, reserved 1048576K
}

Deoptimization events (20 events):
Event: 8.954 Thread 0x000001db85640000 Uncommon trap: trap_request=0xffffff4d fr.pc=0x000001dbf463587c relative=0x00000000000008fc
Event: 8.954 Thread 0x000001db85640000 Uncommon trap: reason=unstable_if action=reinterpret pc=0x000001dbf463587c method=java.io.BufferedInputStream.read([BII)I @ 56 c2
Event: 8.954 Thread 0x000001db85640000 DEOPT PACKING pc=0x000001dbf463587c sp=0x00000078b4bf6ec0
Event: 8.954 Thread 0x000001db85640000 DEOPT UNPACKING pc=0x000001dbeca1662f sp=0x00000078b4bf6e78 mode 2
Event: 8.956 Thread 0x000001db85640000 Uncommon trap: trap_request=0xffffff4d fr.pc=0x000001dbf463f5f4 relative=0x0000000000000054
Event: 8.956 Thread 0x000001db85640000 Uncommon trap: reason=unstable_if action=reinterpret pc=0x000001dbf463f5f4 method=java.util.regex.Pattern.has(I)Z @ 6 c2
Event: 8.956 Thread 0x000001db85640000 DEOPT PACKING pc=0x000001dbf463f5f4 sp=0x00000078b4bf5eb0
Event: 8.956 Thread 0x000001db85640000 DEOPT UNPACKING pc=0x000001dbeca1662f sp=0x00000078b4bf5e40 mode 2
Event: 9.000 Thread 0x000001db85640000 Uncommon trap: trap_request=0xffffff45 fr.pc=0x000001dbf4678770 relative=0x0000000000000d50
Event: 9.000 Thread 0x000001db85640000 Uncommon trap: reason=unstable_fused_if action=reinterpret pc=0x000001dbf4678770 method=org.objectweb.asm.ByteVector.putUTF8(Ljava/lang/String;)Lorg/objectweb/asm/ByteVector; @ 93 c2
Event: 9.000 Thread 0x000001db85640000 DEOPT PACKING pc=0x000001dbf4678770 sp=0x00000078b4bf7960
Event: 9.000 Thread 0x000001db85640000 DEOPT UNPACKING pc=0x000001dbeca1662f sp=0x00000078b4bf78b8 mode 2
Event: 9.002 Thread 0x000001db85640000 Uncommon trap: trap_request=0xffffff4d fr.pc=0x000001dbf46d78b0 relative=0x0000000000005ab0
Event: 9.002 Thread 0x000001db85640000 Uncommon trap: reason=unstable_if action=reinterpret pc=0x000001dbf46d78b0 method=org.objectweb.asm.Frame.execute(IILorg/objectweb/asm/Symbol;Lorg/objectweb/asm/SymbolTable;)V @ 1 c2
Event: 9.002 Thread 0x000001db85640000 DEOPT PACKING pc=0x000001dbf46d78b0 sp=0x00000078b4bf7b50
Event: 9.002 Thread 0x000001db85640000 DEOPT UNPACKING pc=0x000001dbeca1662f sp=0x00000078b4bf7af8 mode 2
Event: 9.051 Thread 0x000001db85640000 Uncommon trap: trap_request=0xffffff45 fr.pc=0x000001dbf45de6f4 relative=0x0000000000000214
Event: 9.051 Thread 0x000001db85640000 Uncommon trap: reason=unstable_fused_if action=reinterpret pc=0x000001dbf45de6f4 method=org.objectweb.asm.ByteVector.putUTF8(Ljava/lang/String;)Lorg/objectweb/asm/ByteVector; @ 93 c2
Event: 9.051 Thread 0x000001db85640000 DEOPT PACKING pc=0x000001dbf45de6f4 sp=0x00000078b4bf7c90
Event: 9.051 Thread 0x000001db85640000 DEOPT UNPACKING pc=0x000001dbeca1662f sp=0x00000078b4bf7c10 mode 2

Classes redefined (0 events):
No events

Internal exceptions (20 events):
Event: 8.683 Thread 0x000001db85640000 Exception <a 'java/lang/ClassNotFoundException'{0x00000000898f7528}: org/gradle/api/tasks/DeleteCustomizer> (0x00000000898f7528) thrown at [./src/hotspot/share/classfile/systemDictionary.cpp, line 231]
Event: 8.685 Thread 0x000001db85640000 Exception <a 'java/lang/ClassNotFoundException'{0x0000000089737b70}: org/gradle/api/tasks/Delete_DecoratedCustomizer> (0x0000000089737b70) thrown at [./src/hotspot/share/classfile/systemDictionary.cpp, line 231]
Event: 8.714 Thread 0x000001db85640000 Exception <a 'java/lang/NoSuchMethodError'{0x000000008965cc30}: 'long java.lang.invoke.DirectMethodHandle$Holder.invokeVirtual(java.lang.Object, java.lang.Object)'> (0x000000008965cc30) thrown at [./src/hotspot/share/interpreter/linkResolver.cpp, line 773]
Event: 8.719 Thread 0x000001db86740000 Exception <a 'java/lang/NoSuchMethodError'{0x000000008d188fb8}: <clinit>> (0x000000008d188fb8) thrown at [./src/hotspot/share/prims/jni.cpp, line 1362]
Event: 8.726 Thread 0x000001db86740000 Exception <a 'java/lang/NoSuchMethodError'{0x000000008d1a6260}: <clinit>> (0x000000008d1a6260) thrown at [./src/hotspot/share/prims/jni.cpp, line 1362]
Event: 8.726 Thread 0x000001db86740000 Exception <a 'java/lang/NoSuchMethodError'{0x000000008d1a7370}: <clinit>> (0x000000008d1a7370) thrown at [./src/hotspot/share/prims/jni.cpp, line 1362]
Event: 8.726 Thread 0x000001db86740000 Exception <a 'java/lang/NoSuchMethodError'{0x000000008d1a8678}: <clinit>> (0x000000008d1a8678) thrown at [./src/hotspot/share/prims/jni.cpp, line 1362]
Event: 8.727 Thread 0x000001db86740000 Exception <a 'java/lang/NoSuchMethodError'{0x000000008d1a9698}: <clinit>> (0x000000008d1a9698) thrown at [./src/hotspot/share/prims/jni.cpp, line 1362]
Event: 8.729 Thread 0x000001db86740000 Exception <a 'java/lang/NoSuchMethodError'{0x000000008d1bb770}: <clinit>> (0x000000008d1bb770) thrown at [./src/hotspot/share/prims/jni.cpp, line 1362]
Event: 8.730 Thread 0x000001db86740000 Exception <a 'java/lang/NoSuchMethodError'{0x000000008d1c5a58}: <clinit>> (0x000000008d1c5a58) thrown at [./src/hotspot/share/prims/jni.cpp, line 1362]
Event: 8.733 Thread 0x000001db86740000 Exception <a 'java/lang/NoSuchMethodError'{0x0000000089513008}: <clinit>> (0x0000000089513008) thrown at [./src/hotspot/share/prims/jni.cpp, line 1362]
Event: 8.744 Thread 0x000001db85640000 Exception <a 'java/lang/ClassNotFoundException'{0x000000008957c0d0}: build_5ak8z9t1wgmls34tdn43jo1otBeanInfo> (0x000000008957c0d0) thrown at [./src/hotspot/share/classfile/systemDictionary.cpp, line 231]
Event: 8.745 Thread 0x000001db85640000 Exception <a 'java/lang/ClassNotFoundException'{0x0000000089587088}: build_5ak8z9t1wgmls34tdn43jo1otCustomizer> (0x0000000089587088) thrown at [./src/hotspot/share/classfile/systemDictionary.cpp, line 231]
Event: 8.779 Thread 0x000001db85640000 Exception <a 'java/lang/ClassNotFoundException'{0x00000000893ba2c8}: org/gradle/api/internal/plugins/DefaultObjectConfigurationActionBeanInfo> (0x00000000893ba2c8) thrown at [./src/hotspot/share/classfile/systemDictionary.cpp, line 231]
Event: 8.780 Thread 0x000001db85640000 Exception <a 'java/lang/ClassNotFoundException'{0x00000000893f0648}: org/gradle/api/internal/plugins/DefaultObjectConfigurationActionCustomizer> (0x00000000893f0648) thrown at [./src/hotspot/share/classfile/systemDictionary.cpp, line 231]
Event: 8.979 Thread 0x000001db85640000 Exception <a 'java/lang/NoSuchMethodError'{0x0000000087b51168}: 'java.lang.Object java.lang.invoke.DirectMethodHandle$Holder.invokeStatic(java.lang.Object, java.lang.Object, java.lang.Object, java.lang.Object, int)'> (0x0000000087b51168) thrown at [./src/hotspot/share/interpreter/linkResolver.cpp, line 773]
Event: 8.979 Thread 0x000001db85640000 Exception <a 'java/lang/NoSuchMethodError'{0x0000000087b55b60}: 'java.lang.Object java.lang.invoke.DirectMethodHandle$Holder.invokeSpecial(java.lang.Object, java.lang.Object, java.lang.Object, java.lang.Object, java.lang.Object, int)'> (0x0000000087b55b60) thrown at [./src/hotspot/share/interpreter/linkResolver.cpp, line 773]
Event: 8.980 Thread 0x000001db85640000 Exception <a 'java/lang/NoSuchMethodError'{0x0000000087b5a1a0}: 'java.lang.Object java.lang.invoke.Invokers$Holder.linkToTargetMethod(java.lang.Object, java.lang.Object, java.lang.Object, int, java.lang.Object)'> (0x0000000087b5a1a0) thrown at [./src/hotspot/share/interpreter/linkResolver.cpp, line 773]
Event: 9.362 Thread 0x000001db85640000 Exception <a 'java/lang/NoSuchMethodError'{0x0000000086c9acc0}: 'java.lang.Object java.lang.invoke.DirectMethodHandle$Holder.invokeSpecial(java.lang.Object, java.lang.Object, int, int, java.lang.Object, java.lang.Object, java.lang.Object)'> (0x0000000086c9acc0) thrown at [./src/hotspot/share/interpreter/linkResolver.cpp, line 773]
Event: 9.362 Thread 0x000001db85640000 Exception <a 'java/lang/NoSuchMethodError'{0x0000000086c9f240}: 'java.lang.Object java.lang.invoke.DelegatingMethodHandle$Holder.reinvoke_L(java.lang.Object, int, int, java.lang.Object, java.lang.Object, java.lang.Object)'> (0x0000000086c9f240) thrown at [./src/hotspot/share/interpreter/linkResolver.cpp, line 773]

Events (20 events):
Event: 9.451 loading class org/apache/xerces/impl/XMLDocumentScannerImpl
Event: 9.451 loading class org/apache/xerces/impl/XMLDocumentScannerImpl done
Event: 9.452 loading class org/apache/xerces/impl/XMLDocumentFragmentScannerImpl
Event: 9.452 loading class org/apache/xerces/impl/XMLDocumentFragmentScannerImpl done
Event: 9.453 loading class org/apache/xerces/impl/XMLEntityHandler
Event: 9.453 loading class org/apache/xerces/impl/XMLEntityHandler done
Event: 9.453 loading class org/apache/xerces/impl/XMLScanner
Event: 9.453 loading class org/apache/xerces/impl/XMLScanner done
Event: 9.454 loading class org/apache/xerces/xni/XMLString
Event: 9.454 loading class org/apache/xerces/xni/XMLString done
Event: 9.455 loading class org/apache/xerces/util/XMLStringBuffer
Event: 9.455 loading class org/apache/xerces/util/XMLStringBuffer done
Event: 9.458 loading class org/apache/xerces/impl/XMLDocumentFragmentScannerImpl$Dispatcher
Event: 9.458 loading class org/apache/xerces/impl/XMLDocumentFragmentScannerImpl$Dispatcher done
Event: 9.459 loading class org/apache/xerces/xni/XMLAttributes
Event: 9.459 loading class org/apache/xerces/xni/XMLAttributes done
Event: 9.462 loading class org/apache/xerces/xni/grammars/XMLDTDDescription
Event: 9.462 loading class org/apache/xerces/xni/grammars/XMLDTDDescription done
Event: 9.462 loading class org/apache/xerces/xni/grammars/XMLGrammarDescription
Event: 9.462 loading class org/apache/xerces/xni/grammars/XMLGrammarDescription done


Dynamic libraries:
0x00007ff7bb400000 - 0x00007ff7bb40a000 	C:\Program Files\Android\Android Studio\jre\bin\java.exe
0x00007ff9dc560000 - 0x00007ff9dc769000 	C:\WINDOWS\SYSTEM32\ntdll.dll
0x00007ff9db260000 - 0x00007ff9db31d000 	C:\WINDOWS\System32\KERNEL32.DLL
0x00007ff9d9f60000 - 0x00007ff9da2d4000 	C:\WINDOWS\System32\KERNELBASE.dll
0x00007ff9da2e0000 - 0x00007ff9da3f1000 	C:\WINDOWS\System32\ucrtbase.dll
0x00007ff9c9080000 - 0x00007ff9c9099000 	C:\Program Files\Android\Android Studio\jre\bin\jli.dll
0x00007ff9c4c80000 - 0x00007ff9c4c97000 	C:\Program Files\Android\Android Studio\jre\bin\VCRUNTIME140.dll
0x00007ff9daa50000 - 0x00007ff9dabfc000 	C:\WINDOWS\System32\USER32.dll
0x00007ff9bd6f0000 - 0x00007ff9bd995000 	C:\WINDOWS\WinSxS\amd64_microsoft.windows.common-controls_6595b64144ccf1df_6.0.22000.120_none_9d947278b86cc467\COMCTL32.dll
0x00007ff9d9b40000 - 0x00007ff9d9b66000 	C:\WINDOWS\System32\win32u.dll
0x00007ff9dbcb0000 - 0x00007ff9dbd53000 	C:\WINDOWS\System32\msvcrt.dll
0x00007ff9db140000 - 0x00007ff9db169000 	C:\WINDOWS\System32\GDI32.dll
0x00007ff9d9e40000 - 0x00007ff9d9f52000 	C:\WINDOWS\System32\gdi32full.dll
0x00007ff9d9da0000 - 0x00007ff9d9e3d000 	C:\WINDOWS\System32\msvcp_win.dll
0x00007ff9db320000 - 0x00007ff9db351000 	C:\WINDOWS\System32\IMM32.DLL
0x00007ff9a0600000 - 0x00007ff9a069d000 	C:\Program Files\Android\Android Studio\jre\bin\msvcp140.dll
0x00007ff98d010000 - 0x00007ff98dae5000 	C:\Program Files\Android\Android Studio\jre\bin\server\jvm.dll
0x00007ff9db070000 - 0x00007ff9db11e000 	C:\WINDOWS\System32\ADVAPI32.dll
0x00007ff9da470000 - 0x00007ff9da50e000 	C:\WINDOWS\System32\sechost.dll
0x00007ff9dc320000 - 0x00007ff9dc440000 	C:\WINDOWS\System32\RPCRT4.dll
0x00007ff9dc240000 - 0x00007ff9dc248000 	C:\WINDOWS\System32\PSAPI.DLL
0x00007ff9c1f60000 - 0x00007ff9c1f69000 	C:\WINDOWS\SYSTEM32\WSOCK32.dll
0x00007ff9d1b60000 - 0x00007ff9d1b93000 	C:\WINDOWS\SYSTEM32\WINMM.dll
0x00007ff9da400000 - 0x00007ff9da46f000 	C:\WINDOWS\System32\WS2_32.dll
0x00007ff9d1a40000 - 0x00007ff9d1a4a000 	C:\WINDOWS\SYSTEM32\VERSION.dll
0x00007ff9d8c40000 - 0x00007ff9d8c58000 	C:\WINDOWS\SYSTEM32\kernel.appcore.dll
0x00007ff9b7e30000 - 0x00007ff9b7e41000 	C:\Program Files\Android\Android Studio\jre\bin\verify.dll
0x00007ff9d7810000 - 0x00007ff9d7a31000 	C:\WINDOWS\SYSTEM32\DBGHELP.DLL
0x00007ff9c4680000 - 0x00007ff9c46b1000 	C:\WINDOWS\SYSTEM32\dbgcore.DLL
0x00007ff9d9a50000 - 0x00007ff9d9acf000 	C:\WINDOWS\System32\bcryptPrimitives.dll
0x00007ff9ad0e0000 - 0x00007ff9ad109000 	C:\Program Files\Android\Android Studio\jre\bin\java.dll
0x00007ff9d6970000 - 0x00007ff9d697b000 	C:\Program Files\Android\Android Studio\jre\bin\jimage.dll
0x00007ff9b7e10000 - 0x00007ff9b7e28000 	C:\Program Files\Android\Android Studio\jre\bin\zip.dll
0x00007ff9db500000 - 0x00007ff9dbcae000 	C:\WINDOWS\System32\SHELL32.dll
0x00007ff9d7bd0000 - 0x00007ff9d8437000 	C:\WINDOWS\SYSTEM32\windows.storage.dll
0x00007ff9da6b0000 - 0x00007ff9daa28000 	C:\WINDOWS\System32\combase.dll
0x00007ff9d7a60000 - 0x00007ff9d7bc6000 	C:\WINDOWS\SYSTEM32\wintypes.dll
0x00007ff9da5c0000 - 0x00007ff9da6aa000 	C:\WINDOWS\System32\SHCORE.dll
0x00007ff9dc250000 - 0x00007ff9dc2ad000 	C:\WINDOWS\System32\shlwapi.dll
0x00007ff9d9980000 - 0x00007ff9d99a1000 	C:\WINDOWS\SYSTEM32\profapi.dll
0x00007ff9b2ee0000 - 0x00007ff9b2efa000 	C:\Program Files\Android\Android Studio\jre\bin\net.dll
0x00007ff9d1700000 - 0x00007ff9d180c000 	C:\WINDOWS\SYSTEM32\WINHTTP.dll
0x00007ff9d9070000 - 0x00007ff9d90d7000 	C:\WINDOWS\system32\mswsock.dll
0x00007ff9abbc0000 - 0x00007ff9abbd4000 	C:\Program Files\Android\Android Studio\jre\bin\nio.dll
0x00007ff9c5110000 - 0x00007ff9c5137000 	C:\Users\jhond\.gradle\native\e1d6ef7f7dcc3fd88c89a11ec53ec762bb8ba0a96d01ffa2cd45eb1d1d8dd5c5\windows-amd64\native-platform.dll
0x00007ff99f0c0000 - 0x00007ff99f204000 	C:\Users\jhond\.gradle\native\5664cfc778a61ccfe75a443a1ab52a65af34e5dc3c78e0209fed803814484fcb\windows-amd64\native-platform-file-events.dll
0x00007ff9d5c10000 - 0x00007ff9d5c1a000 	C:\Program Files\Android\Android Studio\jre\bin\management.dll
0x00007ff9d54f0000 - 0x00007ff9d54fd000 	C:\Program Files\Android\Android Studio\jre\bin\management_ext.dll
0x00007ff9d92b0000 - 0x00007ff9d92c8000 	C:\WINDOWS\SYSTEM32\CRYPTSP.dll
0x00007ff9d8ba0000 - 0x00007ff9d8bd5000 	C:\WINDOWS\system32\rsaenh.dll
0x00007ff9d9160000 - 0x00007ff9d9189000 	C:\WINDOWS\SYSTEM32\USERENV.dll
0x00007ff9d9430000 - 0x00007ff9d9457000 	C:\WINDOWS\SYSTEM32\bcrypt.dll
0x00007ff9d92d0000 - 0x00007ff9d92dc000 	C:\WINDOWS\SYSTEM32\CRYPTBASE.dll
0x00007ff9d8770000 - 0x00007ff9d879d000 	C:\WINDOWS\SYSTEM32\IPHLPAPI.DLL
0x00007ff9daa30000 - 0x00007ff9daa39000 	C:\WINDOWS\System32\NSI.dll
0x00007ff9d1190000 - 0x00007ff9d11a9000 	C:\WINDOWS\SYSTEM32\dhcpcsvc6.DLL
0x00007ff9d1c50000 - 0x00007ff9d1c6e000 	C:\WINDOWS\SYSTEM32\dhcpcsvc.DLL
0x00007ff9d87a0000 - 0x00007ff9d8887000 	C:\WINDOWS\SYSTEM32\DNSAPI.dll

dbghelp: loaded successfully - version: 4.0.5 - missing functions: none
symbol engine: initialized successfully - sym options: 0x614 - pdb path: .;C:\Program Files\Android\Android Studio\jre\bin;C:\WINDOWS\SYSTEM32;C:\WINDOWS\WinSxS\amd64_microsoft.windows.common-controls_6595b64144ccf1df_6.0.22000.120_none_9d947278b86cc467;C:\Program Files\Android\Android Studio\jre\bin\server;C:\Users\jhond\.gradle\native\e1d6ef7f7dcc3fd88c89a11ec53ec762bb8ba0a96d01ffa2cd45eb1d1d8dd5c5\windows-amd64;C:\Users\jhond\.gradle\native\5664cfc778a61ccfe75a443a1ab52a65af34e5dc3c78e0209fed803814484fcb\windows-amd64

VM Arguments:
jvm_args: --add-opens=java.base/java.util=ALL-UNNAMED --add-opens=java.base/java.lang=ALL-UNNAMED --add-opens=java.base/java.lang.invoke=ALL-UNNAMED --add-opens=java.base/java.util=ALL-UNNAMED --add-opens=java.prefs/java.util.prefs=ALL-UNNAMED --add-opens=java.prefs/java.util.prefs=ALL-UNNAMED --add-opens=java.base/java.nio.charset=ALL-UNNAMED --add-opens=java.base/java.net=ALL-UNNAMED --add-opens=java.base/java.util.concurrent.atomic=ALL-UNNAMED -Xmx2048m -Dfile.encoding=UTF-8 -Duser.country=CA -Duser.language=en -Duser.variant 
java_command: org.gradle.launcher.daemon.bootstrap.GradleDaemon 7.2
java_class_path (initial): C:\Users\jhond\.gradle\wrapper\dists\gradle-7.2-bin\2dnblmf4td7x66yl1d74lt32g\gradle-7.2\lib\gradle-launcher-7.2.jar
Launcher Type: SUN_STANDARD

[Global flags]
     intx CICompilerCount                          = 4                                         {product} {ergonomic}
     uint ConcGCThreads                            = 2                                         {product} {ergonomic}
     uint G1ConcRefinementThreads                  = 8                                         {product} {ergonomic}
   size_t G1HeapRegionSize                         = 1048576                                   {product} {ergonomic}
    uintx GCDrainStackTargetSize                   = 64                                        {product} {ergonomic}
   size_t InitialHeapSize                          = 266338304                                 {product} {ergonomic}
   size_t MarkStackSize                            = 4194304                                   {product} {ergonomic}
   size_t MaxHeapSize                              = 2147483648                                {product} {command line}
   size_t MaxNewSize                               = 1287651328                                {product} {ergonomic}
   size_t MinHeapDeltaBytes                        = 1048576                                   {product} {ergonomic}
    uintx NonNMethodCodeHeapSize                   = 5836300                                {pd product} {ergonomic}
    uintx NonProfiledCodeHeapSize                  = 122910970                              {pd product} {ergonomic}
    uintx ProfiledCodeHeapSize                     = 122910970                              {pd product} {ergonomic}
    uintx ReservedCodeCacheSize                    = 251658240                              {pd product} {ergonomic}
     bool SegmentedCodeCache                       = true                                      {product} {ergonomic}
     bool UseCompressedClassPointers               = true                                 {lp64_product} {ergonomic}
     bool UseCompressedOops                        = true                                 {lp64_product} {ergonomic}
     bool UseG1GC                                  = true                                      {product} {ergonomic}
     bool UseLargePagesIndividualAllocation        = false                                  {pd product} {ergonomic}

Logging:
Log output configuration:
 #0: stdout all=warning uptime,level,tags
 #1: stderr all=off uptime,level,tags

Environment Variables:
PATH=C:\Program Files (x86)\Common Files\Oracle\Java\javapath;C:\ProgramData\Oracle\Java\javapath;C:\WINDOWS\system32;C:\WINDOWS;C:\WINDOWS\System32\Wbem;C:\WINDOWS\System32\WindowsPowerShell\v1.0\;C:\Program Files (x86)\QuickTime\QTSystem\;C:\WINDOWS\System32\OpenSSH\;C:\Program Files\dotnet\;C:\Program Files (x86)\dotnet\;C:\Program Files\Git\cmd;C:\Program Files (x86)\Intel\Intel(R) Management Engine Components\DAL;C:\Program Files\Intel\Intel(R) Management Engine Components\DAL;C:\Users\jhond\AppData\Local\Microsoft\WindowsApps;C:\Users\jhond\.dotnet\tools;C:\Users\jhond\AppData\Local\GitHubDesktop\bin;C:\Users\jhond\AppData\Local\Programs\Microsoft VS Code\bin
USERNAME=JhonD
OS=Windows_NT
PROCESSOR_IDENTIFIER=Intel64 Family 6 Model 142 Stepping 10, GenuineIntel



---------------  S Y S T E M  ---------------

OS: Windows 10 , 64 bit Build 22000 (10.0.22000.434)
OS uptime: 4 days 4:23 hours

CPU:total 8 (initial active 8) (4 cores per cpu, 2 threads per core) family 6 model 142 stepping 10 microcode 0xec, cmov, cx8, fxsr, mmx, sse, sse2, sse3, ssse3, sse4.1, sse4.2, popcnt, avx, avx2, aes, clmul, erms, 3dnowpref, lzcnt, ht, tsc, tscinvbit, bmi1, bmi2, adx, fma

Memory: 4k page, system-wide physical 16217M (398M free)
TotalPageFile size 46537M (AvailPageFile size 5M)
current process WorkingSet (physical memory assigned to process): 397M, peak: 397M
current process commit charge ("private bytes"): 491M, peak: 492M

vm_info: OpenJDK 64-Bit Server VM (11.0.11+9-b60-7590822) for windows-amd64 JRE (11.0.11+9-b60-7590822), built on Jul 29 2021 21:43:44 by "builder" with MS VC++ 14.0 (VS2015)

END.
